ARM GAS  /var/folders/7p/1_dhylqx7nl5s8914_0f_4w00000gn/T//ccrtcsYo.s 			page 1


   1              		.cpu cortex-m4
   2              		.eabi_attribute 27, 1
   3              		.eabi_attribute 28, 1
   4              		.eabi_attribute 20, 1
   5              		.eabi_attribute 21, 1
   6              		.eabi_attribute 23, 3
   7              		.eabi_attribute 24, 1
   8              		.eabi_attribute 25, 1
   9              		.eabi_attribute 26, 1
  10              		.eabi_attribute 30, 1
  11              		.eabi_attribute 34, 1
  12              		.eabi_attribute 18, 4
  13              		.file	"main.c"
  14              		.text
  15              	.Ltext0:
  16              		.cfi_sections	.debug_frame
  17              		.section	.text.MX_GPIO_Init,"ax",%progbits
  18              		.align	1
  19              		.syntax unified
  20              		.thumb
  21              		.thumb_func
  22              		.fpu fpv4-sp-d16
  24              	MX_GPIO_Init:
  25              	.LFB131:
  26              		.file 1 "Src/main.c"
   1:Src/main.c    **** /**
   2:Src/main.c    ****   ******************************************************************************
   3:Src/main.c    ****   * File Name          : main.c
   4:Src/main.c    ****   * Description        : Main program body
   5:Src/main.c    ****   ******************************************************************************
   6:Src/main.c    ****   * This notice applies to any and all portions of this file
   7:Src/main.c    ****   * that are not between comment pairs USER CODE BEGIN and
   8:Src/main.c    ****   * USER CODE END. Other portions of this file, whether 
   9:Src/main.c    ****   * inserted by the user or by software development tools
  10:Src/main.c    ****   * are owned by their respective copyright owners.
  11:Src/main.c    ****   *
  12:Src/main.c    ****   * Copyright (c) 2018 STMicroelectronics International N.V. 
  13:Src/main.c    ****   * All rights reserved.
  14:Src/main.c    ****   *
  15:Src/main.c    ****   * Redistribution and use in source and binary forms, with or without 
  16:Src/main.c    ****   * modification, are permitted, provided that the following conditions are met:
  17:Src/main.c    ****   *
  18:Src/main.c    ****   * 1. Redistribution of source code must retain the above copyright notice, 
  19:Src/main.c    ****   *    this list of conditions and the following disclaimer.
  20:Src/main.c    ****   * 2. Redistributions in binary form must reproduce the above copyright notice,
  21:Src/main.c    ****   *    this list of conditions and the following disclaimer in the documentation
  22:Src/main.c    ****   *    and/or other materials provided with the distribution.
  23:Src/main.c    ****   * 3. Neither the name of STMicroelectronics nor the names of other 
  24:Src/main.c    ****   *    contributors to this software may be used to endorse or promote products 
  25:Src/main.c    ****   *    derived from this software without specific written permission.
  26:Src/main.c    ****   * 4. This software, including modifications and/or derivative works of this 
  27:Src/main.c    ****   *    software, must execute solely and exclusively on microcontroller or
  28:Src/main.c    ****   *    microprocessor devices manufactured by or for STMicroelectronics.
  29:Src/main.c    ****   * 5. Redistribution and use of this software other than as permitted under 
  30:Src/main.c    ****   *    this license is void and will automatically terminate your rights under 
  31:Src/main.c    ****   *    this license. 
  32:Src/main.c    ****   *
ARM GAS  /var/folders/7p/1_dhylqx7nl5s8914_0f_4w00000gn/T//ccrtcsYo.s 			page 2


  33:Src/main.c    ****   * THIS SOFTWARE IS PROVIDED BY STMICROELECTRONICS AND CONTRIBUTORS "AS IS" 
  34:Src/main.c    ****   * AND ANY EXPRESS, IMPLIED OR STATUTORY WARRANTIES, INCLUDING, BUT NOT 
  35:Src/main.c    ****   * LIMITED TO, THE IMPLIED WARRANTIES OF MERCHANTABILITY, FITNESS FOR A 
  36:Src/main.c    ****   * PARTICULAR PURPOSE AND NON-INFRINGEMENT OF THIRD PARTY INTELLECTUAL PROPERTY
  37:Src/main.c    ****   * RIGHTS ARE DISCLAIMED TO THE FULLEST EXTENT PERMITTED BY LAW. IN NO EVENT 
  38:Src/main.c    ****   * SHALL STMICROELECTRONICS OR CONTRIBUTORS BE LIABLE FOR ANY DIRECT, INDIRECT,
  39:Src/main.c    ****   * INCIDENTAL, SPECIAL, EXEMPLARY, OR CONSEQUENTIAL DAMAGES (INCLUDING, BUT NOT
  40:Src/main.c    ****   * LIMITED TO, PROCUREMENT OF SUBSTITUTE GOODS OR SERVICES; LOSS OF USE, DATA, 
  41:Src/main.c    ****   * OR PROFITS; OR BUSINESS INTERRUPTION) HOWEVER CAUSED AND ON ANY THEORY OF 
  42:Src/main.c    ****   * LIABILITY, WHETHER IN CONTRACT, STRICT LIABILITY, OR TORT (INCLUDING 
  43:Src/main.c    ****   * NEGLIGENCE OR OTHERWISE) ARISING IN ANY WAY OUT OF THE USE OF THIS SOFTWARE,
  44:Src/main.c    ****   * EVEN IF ADVISED OF THE POSSIBILITY OF SUCH DAMAGE.
  45:Src/main.c    ****   *
  46:Src/main.c    ****   ******************************************************************************
  47:Src/main.c    ****   */
  48:Src/main.c    **** /* Includes ------------------------------------------------------------------*/
  49:Src/main.c    **** #include "main.h"
  50:Src/main.c    **** #include "stm32f4xx_hal.h"
  51:Src/main.c    **** #include "cmsis_os.h"
  52:Src/main.c    **** #include "usb_device.h"
  53:Src/main.c    **** 
  54:Src/main.c    **** /* USER CODE BEGIN Includes */
  55:Src/main.c    **** 
  56:Src/main.c    **** /* USER CODE END Includes */
  57:Src/main.c    **** 
  58:Src/main.c    **** /* Private variables ---------------------------------------------------------*/
  59:Src/main.c    **** osThreadId defaultTaskHandle;
  60:Src/main.c    **** 
  61:Src/main.c    **** /* USER CODE BEGIN PV */
  62:Src/main.c    **** /* Private variables ---------------------------------------------------------*/
  63:Src/main.c    **** 
  64:Src/main.c    **** /* USER CODE END PV */
  65:Src/main.c    **** 
  66:Src/main.c    **** /* Private function prototypes -----------------------------------------------*/
  67:Src/main.c    **** void SystemClock_Config(void);
  68:Src/main.c    **** static void MX_GPIO_Init(void);
  69:Src/main.c    **** void StartDefaultTask(void const * argument);
  70:Src/main.c    **** 
  71:Src/main.c    **** /* USER CODE BEGIN PFP */
  72:Src/main.c    **** /* Private function prototypes -----------------------------------------------*/
  73:Src/main.c    **** 
  74:Src/main.c    **** /* USER CODE END PFP */
  75:Src/main.c    **** 
  76:Src/main.c    **** /* USER CODE BEGIN 0 */
  77:Src/main.c    **** 
  78:Src/main.c    **** /* USER CODE END 0 */
  79:Src/main.c    **** 
  80:Src/main.c    **** int main(void)
  81:Src/main.c    **** {
  82:Src/main.c    **** 
  83:Src/main.c    ****   /* USER CODE BEGIN 1 */
  84:Src/main.c    **** 
  85:Src/main.c    ****   /* USER CODE END 1 */
  86:Src/main.c    **** 
  87:Src/main.c    ****   /* MCU Configuration----------------------------------------------------------*/
  88:Src/main.c    **** 
  89:Src/main.c    ****   /* Reset of all peripherals, Initializes the Flash interface and the Systick. */
ARM GAS  /var/folders/7p/1_dhylqx7nl5s8914_0f_4w00000gn/T//ccrtcsYo.s 			page 3


  90:Src/main.c    ****   HAL_Init();
  91:Src/main.c    **** 
  92:Src/main.c    ****   /* USER CODE BEGIN Init */
  93:Src/main.c    **** 
  94:Src/main.c    ****   /* USER CODE END Init */
  95:Src/main.c    **** 
  96:Src/main.c    ****   /* Configure the system clock */
  97:Src/main.c    ****   SystemClock_Config();
  98:Src/main.c    **** 
  99:Src/main.c    ****   /* USER CODE BEGIN SysInit */
 100:Src/main.c    **** 
 101:Src/main.c    ****   /* USER CODE END SysInit */
 102:Src/main.c    **** 
 103:Src/main.c    ****   /* Initialize all configured peripherals */
 104:Src/main.c    ****   MX_GPIO_Init();
 105:Src/main.c    **** 
 106:Src/main.c    ****   /* USER CODE BEGIN 2 */
 107:Src/main.c    **** 
 108:Src/main.c    ****   /* USER CODE END 2 */
 109:Src/main.c    **** 
 110:Src/main.c    ****   /* USER CODE BEGIN RTOS_MUTEX */
 111:Src/main.c    ****   /* add mutexes, ... */
 112:Src/main.c    ****   /* USER CODE END RTOS_MUTEX */
 113:Src/main.c    **** 
 114:Src/main.c    ****   /* USER CODE BEGIN RTOS_SEMAPHORES */
 115:Src/main.c    ****   /* add semaphores, ... */
 116:Src/main.c    ****   /* USER CODE END RTOS_SEMAPHORES */
 117:Src/main.c    **** 
 118:Src/main.c    ****   /* USER CODE BEGIN RTOS_TIMERS */
 119:Src/main.c    ****   /* start timers, add new ones, ... */
 120:Src/main.c    ****   /* USER CODE END RTOS_TIMERS */
 121:Src/main.c    **** 
 122:Src/main.c    ****   /* Create the thread(s) */
 123:Src/main.c    ****   /* definition and creation of defaultTask */
 124:Src/main.c    ****   osThreadDef(defaultTask, StartDefaultTask, osPriorityNormal, 0, 128);
 125:Src/main.c    ****   defaultTaskHandle = osThreadCreate(osThread(defaultTask), NULL);
 126:Src/main.c    **** 
 127:Src/main.c    ****   /* USER CODE BEGIN RTOS_THREADS */
 128:Src/main.c    ****   /* add threads, ... */
 129:Src/main.c    ****   /* USER CODE END RTOS_THREADS */
 130:Src/main.c    **** 
 131:Src/main.c    ****   /* USER CODE BEGIN RTOS_QUEUES */
 132:Src/main.c    ****   /* add queues, ... */
 133:Src/main.c    ****   /* USER CODE END RTOS_QUEUES */
 134:Src/main.c    ****  
 135:Src/main.c    **** 
 136:Src/main.c    ****   /* Start scheduler */
 137:Src/main.c    ****   osKernelStart();
 138:Src/main.c    ****   
 139:Src/main.c    ****   /* We should never get here as control is now taken by the scheduler */
 140:Src/main.c    **** 
 141:Src/main.c    ****   /* Infinite loop */
 142:Src/main.c    ****   /* USER CODE BEGIN WHILE */
 143:Src/main.c    ****   while (1)
 144:Src/main.c    ****   {
 145:Src/main.c    ****   /* USER CODE END WHILE */
 146:Src/main.c    **** 
ARM GAS  /var/folders/7p/1_dhylqx7nl5s8914_0f_4w00000gn/T//ccrtcsYo.s 			page 4


 147:Src/main.c    ****   /* USER CODE BEGIN 3 */
 148:Src/main.c    **** 
 149:Src/main.c    ****   }
 150:Src/main.c    ****   /* USER CODE END 3 */
 151:Src/main.c    **** 
 152:Src/main.c    **** }
 153:Src/main.c    **** 
 154:Src/main.c    **** /** System Clock Configuration
 155:Src/main.c    **** */
 156:Src/main.c    **** void SystemClock_Config(void)
 157:Src/main.c    **** {
 158:Src/main.c    **** 
 159:Src/main.c    ****   RCC_OscInitTypeDef RCC_OscInitStruct;
 160:Src/main.c    ****   RCC_ClkInitTypeDef RCC_ClkInitStruct;
 161:Src/main.c    **** 
 162:Src/main.c    ****     /**Configure the main internal regulator output voltage 
 163:Src/main.c    ****     */
 164:Src/main.c    ****   __HAL_RCC_PWR_CLK_ENABLE();
 165:Src/main.c    **** 
 166:Src/main.c    ****   __HAL_PWR_VOLTAGESCALING_CONFIG(PWR_REGULATOR_VOLTAGE_SCALE1);
 167:Src/main.c    **** 
 168:Src/main.c    ****     /**Initializes the CPU, AHB and APB busses clocks 
 169:Src/main.c    ****     */
 170:Src/main.c    ****   RCC_OscInitStruct.OscillatorType = RCC_OSCILLATORTYPE_HSE;
 171:Src/main.c    ****   RCC_OscInitStruct.HSEState = RCC_HSE_ON;
 172:Src/main.c    ****   RCC_OscInitStruct.PLL.PLLState = RCC_PLL_ON;
 173:Src/main.c    ****   RCC_OscInitStruct.PLL.PLLSource = RCC_PLLSOURCE_HSE;
 174:Src/main.c    ****   RCC_OscInitStruct.PLL.PLLM = 8;
 175:Src/main.c    ****   RCC_OscInitStruct.PLL.PLLN = 72;
 176:Src/main.c    ****   RCC_OscInitStruct.PLL.PLLP = RCC_PLLP_DIV2;
 177:Src/main.c    ****   RCC_OscInitStruct.PLL.PLLQ = 3;
 178:Src/main.c    ****   if (HAL_RCC_OscConfig(&RCC_OscInitStruct) != HAL_OK)
 179:Src/main.c    ****   {
 180:Src/main.c    ****     _Error_Handler(__FILE__, __LINE__);
 181:Src/main.c    ****   }
 182:Src/main.c    **** 
 183:Src/main.c    ****     /**Initializes the CPU, AHB and APB busses clocks 
 184:Src/main.c    ****     */
 185:Src/main.c    ****   RCC_ClkInitStruct.ClockType = RCC_CLOCKTYPE_HCLK|RCC_CLOCKTYPE_SYSCLK
 186:Src/main.c    ****                               |RCC_CLOCKTYPE_PCLK1|RCC_CLOCKTYPE_PCLK2;
 187:Src/main.c    ****   RCC_ClkInitStruct.SYSCLKSource = RCC_SYSCLKSOURCE_PLLCLK;
 188:Src/main.c    ****   RCC_ClkInitStruct.AHBCLKDivider = RCC_SYSCLK_DIV1;
 189:Src/main.c    ****   RCC_ClkInitStruct.APB1CLKDivider = RCC_HCLK_DIV2;
 190:Src/main.c    ****   RCC_ClkInitStruct.APB2CLKDivider = RCC_HCLK_DIV1;
 191:Src/main.c    **** 
 192:Src/main.c    ****   if (HAL_RCC_ClockConfig(&RCC_ClkInitStruct, FLASH_LATENCY_2) != HAL_OK)
 193:Src/main.c    ****   {
 194:Src/main.c    ****     _Error_Handler(__FILE__, __LINE__);
 195:Src/main.c    ****   }
 196:Src/main.c    **** 
 197:Src/main.c    ****     /**Configure the Systick interrupt time 
 198:Src/main.c    ****     */
 199:Src/main.c    ****   HAL_SYSTICK_Config(HAL_RCC_GetHCLKFreq()/1000);
 200:Src/main.c    **** 
 201:Src/main.c    ****     /**Configure the Systick 
 202:Src/main.c    ****     */
 203:Src/main.c    ****   HAL_SYSTICK_CLKSourceConfig(SYSTICK_CLKSOURCE_HCLK);
ARM GAS  /var/folders/7p/1_dhylqx7nl5s8914_0f_4w00000gn/T//ccrtcsYo.s 			page 5


 204:Src/main.c    **** 
 205:Src/main.c    ****   /* SysTick_IRQn interrupt configuration */
 206:Src/main.c    ****   HAL_NVIC_SetPriority(SysTick_IRQn, 15, 0);
 207:Src/main.c    **** }
 208:Src/main.c    **** 
 209:Src/main.c    **** /** Configure pins as 
 210:Src/main.c    ****         * Analog 
 211:Src/main.c    ****         * Input 
 212:Src/main.c    ****         * Output
 213:Src/main.c    ****         * EVENT_OUT
 214:Src/main.c    ****         * EXTI
 215:Src/main.c    **** */
 216:Src/main.c    **** static void MX_GPIO_Init(void)
 217:Src/main.c    **** {
  27              		.loc 1 217 0
  28              		.cfi_startproc
  29              		@ args = 0, pretend = 0, frame = 40
  30              		@ frame_needed = 0, uses_anonymous_args = 0
  31 0000 30B5     		push	{r4, r5, lr}
  32              	.LCFI0:
  33              		.cfi_def_cfa_offset 12
  34              		.cfi_offset 4, -12
  35              		.cfi_offset 5, -8
  36              		.cfi_offset 14, -4
  37 0002 8BB0     		sub	sp, sp, #44
  38              	.LCFI1:
  39              		.cfi_def_cfa_offset 56
  40              	.LBB2:
 218:Src/main.c    **** 
 219:Src/main.c    ****   GPIO_InitTypeDef GPIO_InitStruct;
 220:Src/main.c    **** 
 221:Src/main.c    ****   /* GPIO Ports Clock Enable */
 222:Src/main.c    ****   __HAL_RCC_GPIOH_CLK_ENABLE();
  41              		.loc 1 222 0
  42 0004 0024     		movs	r4, #0
  43 0006 0194     		str	r4, [sp, #4]
  44 0008 1C4B     		ldr	r3, .L3
  45 000a 1A6B     		ldr	r2, [r3, #48]
  46 000c 42F08002 		orr	r2, r2, #128
  47 0010 1A63     		str	r2, [r3, #48]
  48 0012 1A6B     		ldr	r2, [r3, #48]
  49 0014 02F08002 		and	r2, r2, #128
  50 0018 0192     		str	r2, [sp, #4]
  51 001a 019A     		ldr	r2, [sp, #4]
  52              	.LBE2:
  53              	.LBB3:
 223:Src/main.c    ****   __HAL_RCC_GPIOC_CLK_ENABLE();
  54              		.loc 1 223 0
  55 001c 0294     		str	r4, [sp, #8]
  56 001e 1A6B     		ldr	r2, [r3, #48]
  57 0020 42F00402 		orr	r2, r2, #4
  58 0024 1A63     		str	r2, [r3, #48]
  59 0026 1A6B     		ldr	r2, [r3, #48]
  60 0028 02F00402 		and	r2, r2, #4
  61 002c 0292     		str	r2, [sp, #8]
  62 002e 029A     		ldr	r2, [sp, #8]
  63              	.LBE3:
ARM GAS  /var/folders/7p/1_dhylqx7nl5s8914_0f_4w00000gn/T//ccrtcsYo.s 			page 6


  64              	.LBB4:
 224:Src/main.c    ****   __HAL_RCC_GPIOB_CLK_ENABLE();
  65              		.loc 1 224 0
  66 0030 0394     		str	r4, [sp, #12]
  67 0032 1A6B     		ldr	r2, [r3, #48]
  68 0034 42F00202 		orr	r2, r2, #2
  69 0038 1A63     		str	r2, [r3, #48]
  70 003a 1A6B     		ldr	r2, [r3, #48]
  71 003c 02F00202 		and	r2, r2, #2
  72 0040 0392     		str	r2, [sp, #12]
  73 0042 039A     		ldr	r2, [sp, #12]
  74              	.LBE4:
  75              	.LBB5:
 225:Src/main.c    ****   __HAL_RCC_GPIOA_CLK_ENABLE();
  76              		.loc 1 225 0
  77 0044 0494     		str	r4, [sp, #16]
  78 0046 1A6B     		ldr	r2, [r3, #48]
  79 0048 42F00102 		orr	r2, r2, #1
  80 004c 1A63     		str	r2, [r3, #48]
  81 004e 1B6B     		ldr	r3, [r3, #48]
  82 0050 03F00103 		and	r3, r3, #1
  83 0054 0493     		str	r3, [sp, #16]
  84 0056 049B     		ldr	r3, [sp, #16]
  85              	.LBE5:
 226:Src/main.c    **** 
 227:Src/main.c    ****   /*Configure GPIO pin Output Level */
 228:Src/main.c    ****   HAL_GPIO_WritePin(GPIOC, GPIO_PIN_4|GPIO_PIN_5|GPIO_PIN_6|GPIO_PIN_7, GPIO_PIN_RESET);
  86              		.loc 1 228 0
  87 0058 094D     		ldr	r5, .L3+4
  88 005a 2246     		mov	r2, r4
  89 005c F021     		movs	r1, #240
  90 005e 2846     		mov	r0, r5
  91 0060 FFF7FEFF 		bl	HAL_GPIO_WritePin
  92              	.LVL0:
 229:Src/main.c    **** 
 230:Src/main.c    ****   /*Configure GPIO pins : PC4 PC5 PC6 PC7 */
 231:Src/main.c    ****   GPIO_InitStruct.Pin = GPIO_PIN_4|GPIO_PIN_5|GPIO_PIN_6|GPIO_PIN_7;
  93              		.loc 1 231 0
  94 0064 F023     		movs	r3, #240
  95 0066 0593     		str	r3, [sp, #20]
 232:Src/main.c    ****   GPIO_InitStruct.Mode = GPIO_MODE_OUTPUT_PP;
  96              		.loc 1 232 0
  97 0068 0123     		movs	r3, #1
  98 006a 0693     		str	r3, [sp, #24]
 233:Src/main.c    ****   GPIO_InitStruct.Pull = GPIO_NOPULL;
  99              		.loc 1 233 0
 100 006c 0794     		str	r4, [sp, #28]
 234:Src/main.c    ****   GPIO_InitStruct.Speed = GPIO_SPEED_FREQ_LOW;
 101              		.loc 1 234 0
 102 006e 0894     		str	r4, [sp, #32]
 235:Src/main.c    ****   HAL_GPIO_Init(GPIOC, &GPIO_InitStruct);
 103              		.loc 1 235 0
 104 0070 05A9     		add	r1, sp, #20
 105 0072 2846     		mov	r0, r5
 106 0074 FFF7FEFF 		bl	HAL_GPIO_Init
 107              	.LVL1:
 236:Src/main.c    **** 
ARM GAS  /var/folders/7p/1_dhylqx7nl5s8914_0f_4w00000gn/T//ccrtcsYo.s 			page 7


 237:Src/main.c    **** }
 108              		.loc 1 237 0
 109 0078 0BB0     		add	sp, sp, #44
 110              	.LCFI2:
 111              		.cfi_def_cfa_offset 12
 112              		@ sp needed
 113 007a 30BD     		pop	{r4, r5, pc}
 114              	.L4:
 115              		.align	2
 116              	.L3:
 117 007c 00380240 		.word	1073887232
 118 0080 00080240 		.word	1073874944
 119              		.cfi_endproc
 120              	.LFE131:
 122              		.section	.text.StartDefaultTask,"ax",%progbits
 123              		.align	1
 124              		.global	StartDefaultTask
 125              		.syntax unified
 126              		.thumb
 127              		.thumb_func
 128              		.fpu fpv4-sp-d16
 130              	StartDefaultTask:
 131              	.LFB132:
 238:Src/main.c    **** 
 239:Src/main.c    **** /* USER CODE BEGIN 4 */
 240:Src/main.c    **** 
 241:Src/main.c    **** /* USER CODE END 4 */
 242:Src/main.c    **** 
 243:Src/main.c    **** /* StartDefaultTask function */
 244:Src/main.c    **** void StartDefaultTask(void const * argument)
 245:Src/main.c    **** {
 132              		.loc 1 245 0
 133              		.cfi_startproc
 134              		@ Volatile: function does not return.
 135              		@ args = 0, pretend = 0, frame = 0
 136              		@ frame_needed = 0, uses_anonymous_args = 0
 137              	.LVL2:
 138 0000 08B5     		push	{r3, lr}
 139              	.LCFI3:
 140              		.cfi_def_cfa_offset 8
 141              		.cfi_offset 3, -8
 142              		.cfi_offset 14, -4
 246:Src/main.c    ****   /* init code for USB_DEVICE */
 247:Src/main.c    ****   MX_USB_DEVICE_Init();
 143              		.loc 1 247 0
 144 0002 FFF7FEFF 		bl	MX_USB_DEVICE_Init
 145              	.LVL3:
 146              	.L6:
 248:Src/main.c    **** 
 249:Src/main.c    ****   /* USER CODE BEGIN 5 */
 250:Src/main.c    ****   /* Infinite loop */
 251:Src/main.c    ****   for(;;)
 252:Src/main.c    ****   {
 253:Src/main.c    ****     HAL_GPIO_TogglePin(GPIOC, GPIO_PIN_6);
 147              		.loc 1 253 0 discriminator 1
 148 0006 0D4C     		ldr	r4, .L8
 149 0008 4021     		movs	r1, #64
ARM GAS  /var/folders/7p/1_dhylqx7nl5s8914_0f_4w00000gn/T//ccrtcsYo.s 			page 8


 150 000a 2046     		mov	r0, r4
 151 000c FFF7FEFF 		bl	HAL_GPIO_TogglePin
 152              	.LVL4:
 254:Src/main.c    ****     HAL_Delay(1000);
 153              		.loc 1 254 0 discriminator 1
 154 0010 4FF47A70 		mov	r0, #1000
 155 0014 FFF7FEFF 		bl	HAL_Delay
 156              	.LVL5:
 255:Src/main.c    ****     HAL_GPIO_TogglePin(GPIOC, GPIO_PIN_5);
 157              		.loc 1 255 0 discriminator 1
 158 0018 2021     		movs	r1, #32
 159 001a 2046     		mov	r0, r4
 160 001c FFF7FEFF 		bl	HAL_GPIO_TogglePin
 161              	.LVL6:
 256:Src/main.c    ****     HAL_Delay(1000);
 162              		.loc 1 256 0 discriminator 1
 163 0020 4FF47A70 		mov	r0, #1000
 164 0024 FFF7FEFF 		bl	HAL_Delay
 165              	.LVL7:
 257:Src/main.c    ****     HAL_GPIO_TogglePin(GPIOC, GPIO_PIN_4);
 166              		.loc 1 257 0 discriminator 1
 167 0028 1021     		movs	r1, #16
 168 002a 2046     		mov	r0, r4
 169 002c FFF7FEFF 		bl	HAL_GPIO_TogglePin
 170              	.LVL8:
 258:Src/main.c    ****     HAL_Delay(1000);
 171              		.loc 1 258 0 discriminator 1
 172 0030 4FF47A70 		mov	r0, #1000
 173 0034 FFF7FEFF 		bl	HAL_Delay
 174              	.LVL9:
 175 0038 E5E7     		b	.L6
 176              	.L9:
 177 003a 00BF     		.align	2
 178              	.L8:
 179 003c 00080240 		.word	1073874944
 180              		.cfi_endproc
 181              	.LFE132:
 183              		.section	.text.HAL_TIM_PeriodElapsedCallback,"ax",%progbits
 184              		.align	1
 185              		.global	HAL_TIM_PeriodElapsedCallback
 186              		.syntax unified
 187              		.thumb
 188              		.thumb_func
 189              		.fpu fpv4-sp-d16
 191              	HAL_TIM_PeriodElapsedCallback:
 192              	.LFB133:
 259:Src/main.c    **** 
 260:Src/main.c    **** 
 261:Src/main.c    ****   }
 262:Src/main.c    ****   /* USER CODE END 5 */ 
 263:Src/main.c    **** }
 264:Src/main.c    **** 
 265:Src/main.c    **** /**
 266:Src/main.c    ****   * @brief  Period elapsed callback in non blocking mode
 267:Src/main.c    ****   * @note   This function is called  when TIM1 interrupt took place, inside
 268:Src/main.c    ****   * HAL_TIM_IRQHandler(). It makes a direct call to HAL_IncTick() to increment
 269:Src/main.c    ****   * a global variable "uwTick" used as application time base.
ARM GAS  /var/folders/7p/1_dhylqx7nl5s8914_0f_4w00000gn/T//ccrtcsYo.s 			page 9


 270:Src/main.c    ****   * @param  htim : TIM handle
 271:Src/main.c    ****   * @retval None
 272:Src/main.c    ****   */
 273:Src/main.c    **** void HAL_TIM_PeriodElapsedCallback(TIM_HandleTypeDef *htim)
 274:Src/main.c    **** {
 193              		.loc 1 274 0
 194              		.cfi_startproc
 195              		@ args = 0, pretend = 0, frame = 0
 196              		@ frame_needed = 0, uses_anonymous_args = 0
 197              	.LVL10:
 198 0000 08B5     		push	{r3, lr}
 199              	.LCFI4:
 200              		.cfi_def_cfa_offset 8
 201              		.cfi_offset 3, -8
 202              		.cfi_offset 14, -4
 275:Src/main.c    **** /* USER CODE BEGIN Callback 0 */
 276:Src/main.c    **** 
 277:Src/main.c    **** /* USER CODE END Callback 0 */
 278:Src/main.c    ****   if (htim->Instance == TIM1) {
 203              		.loc 1 278 0
 204 0002 0268     		ldr	r2, [r0]
 205 0004 034B     		ldr	r3, .L14
 206 0006 9A42     		cmp	r2, r3
 207 0008 00D0     		beq	.L13
 208              	.LVL11:
 209              	.L10:
 210 000a 08BD     		pop	{r3, pc}
 211              	.LVL12:
 212              	.L13:
 279:Src/main.c    ****     HAL_IncTick();
 213              		.loc 1 279 0
 214 000c FFF7FEFF 		bl	HAL_IncTick
 215              	.LVL13:
 280:Src/main.c    ****   }
 281:Src/main.c    **** /* USER CODE BEGIN Callback 1 */
 282:Src/main.c    **** 
 283:Src/main.c    **** /* USER CODE END Callback 1 */
 284:Src/main.c    **** }
 216              		.loc 1 284 0
 217 0010 FBE7     		b	.L10
 218              	.L15:
 219 0012 00BF     		.align	2
 220              	.L14:
 221 0014 00000140 		.word	1073807360
 222              		.cfi_endproc
 223              	.LFE133:
 225              		.section	.text._Error_Handler,"ax",%progbits
 226              		.align	1
 227              		.global	_Error_Handler
 228              		.syntax unified
 229              		.thumb
 230              		.thumb_func
 231              		.fpu fpv4-sp-d16
 233              	_Error_Handler:
 234              	.LFB134:
 285:Src/main.c    **** 
 286:Src/main.c    **** /**
ARM GAS  /var/folders/7p/1_dhylqx7nl5s8914_0f_4w00000gn/T//ccrtcsYo.s 			page 10


 287:Src/main.c    ****   * @brief  This function is executed in case of error occurrence.
 288:Src/main.c    ****   * @param  None
 289:Src/main.c    ****   * @retval None
 290:Src/main.c    ****   */
 291:Src/main.c    **** void _Error_Handler(char * file, int line)
 292:Src/main.c    **** {
 235              		.loc 1 292 0
 236              		.cfi_startproc
 237              		@ Volatile: function does not return.
 238              		@ args = 0, pretend = 0, frame = 0
 239              		@ frame_needed = 0, uses_anonymous_args = 0
 240              		@ link register save eliminated.
 241              	.LVL14:
 242              	.L17:
 243 0000 FEE7     		b	.L17
 244              		.cfi_endproc
 245              	.LFE134:
 247              		.section	.text.SystemClock_Config,"ax",%progbits
 248              		.align	1
 249              		.global	SystemClock_Config
 250              		.syntax unified
 251              		.thumb
 252              		.thumb_func
 253              		.fpu fpv4-sp-d16
 255              	SystemClock_Config:
 256              	.LFB130:
 157:Src/main.c    **** 
 257              		.loc 1 157 0
 258              		.cfi_startproc
 259              		@ args = 0, pretend = 0, frame = 80
 260              		@ frame_needed = 0, uses_anonymous_args = 0
 157:Src/main.c    **** 
 261              		.loc 1 157 0
 262 0000 00B5     		push	{lr}
 263              	.LCFI5:
 264              		.cfi_def_cfa_offset 4
 265              		.cfi_offset 14, -4
 266 0002 95B0     		sub	sp, sp, #84
 267              	.LCFI6:
 268              		.cfi_def_cfa_offset 88
 269              	.LBB6:
 164:Src/main.c    **** 
 270              		.loc 1 164 0
 271 0004 0021     		movs	r1, #0
 272 0006 0191     		str	r1, [sp, #4]
 273 0008 294B     		ldr	r3, .L24
 274 000a 1A6C     		ldr	r2, [r3, #64]
 275 000c 42F08052 		orr	r2, r2, #268435456
 276 0010 1A64     		str	r2, [r3, #64]
 277 0012 1B6C     		ldr	r3, [r3, #64]
 278 0014 03F08053 		and	r3, r3, #268435456
 279 0018 0193     		str	r3, [sp, #4]
 280 001a 019B     		ldr	r3, [sp, #4]
 281              	.LBE6:
 282              	.LBB7:
 166:Src/main.c    **** 
 283              		.loc 1 166 0
ARM GAS  /var/folders/7p/1_dhylqx7nl5s8914_0f_4w00000gn/T//ccrtcsYo.s 			page 11


 284 001c 0291     		str	r1, [sp, #8]
 285 001e 254B     		ldr	r3, .L24+4
 286 0020 1A68     		ldr	r2, [r3]
 287 0022 42F48042 		orr	r2, r2, #16384
 288 0026 1A60     		str	r2, [r3]
 289 0028 1B68     		ldr	r3, [r3]
 290 002a 03F48043 		and	r3, r3, #16384
 291 002e 0293     		str	r3, [sp, #8]
 292 0030 029B     		ldr	r3, [sp, #8]
 293              	.LBE7:
 170:Src/main.c    ****   RCC_OscInitStruct.HSEState = RCC_HSE_ON;
 294              		.loc 1 170 0
 295 0032 0123     		movs	r3, #1
 296 0034 0893     		str	r3, [sp, #32]
 171:Src/main.c    ****   RCC_OscInitStruct.PLL.PLLState = RCC_PLL_ON;
 297              		.loc 1 171 0
 298 0036 4FF48033 		mov	r3, #65536
 299 003a 0993     		str	r3, [sp, #36]
 172:Src/main.c    ****   RCC_OscInitStruct.PLL.PLLSource = RCC_PLLSOURCE_HSE;
 300              		.loc 1 172 0
 301 003c 0223     		movs	r3, #2
 302 003e 0E93     		str	r3, [sp, #56]
 173:Src/main.c    ****   RCC_OscInitStruct.PLL.PLLM = 8;
 303              		.loc 1 173 0
 304 0040 4FF48002 		mov	r2, #4194304
 305 0044 0F92     		str	r2, [sp, #60]
 174:Src/main.c    ****   RCC_OscInitStruct.PLL.PLLN = 72;
 306              		.loc 1 174 0
 307 0046 0822     		movs	r2, #8
 308 0048 1092     		str	r2, [sp, #64]
 175:Src/main.c    ****   RCC_OscInitStruct.PLL.PLLP = RCC_PLLP_DIV2;
 309              		.loc 1 175 0
 310 004a 4822     		movs	r2, #72
 311 004c 1192     		str	r2, [sp, #68]
 176:Src/main.c    ****   RCC_OscInitStruct.PLL.PLLQ = 3;
 312              		.loc 1 176 0
 313 004e 1293     		str	r3, [sp, #72]
 177:Src/main.c    ****   if (HAL_RCC_OscConfig(&RCC_OscInitStruct) != HAL_OK)
 314              		.loc 1 177 0
 315 0050 0323     		movs	r3, #3
 316 0052 1393     		str	r3, [sp, #76]
 178:Src/main.c    ****   {
 317              		.loc 1 178 0
 318 0054 08A8     		add	r0, sp, #32
 319 0056 FFF7FEFF 		bl	HAL_RCC_OscConfig
 320              	.LVL15:
 321 005a 08BB     		cbnz	r0, .L22
 185:Src/main.c    ****                               |RCC_CLOCKTYPE_PCLK1|RCC_CLOCKTYPE_PCLK2;
 322              		.loc 1 185 0
 323 005c 0F23     		movs	r3, #15
 324 005e 0393     		str	r3, [sp, #12]
 187:Src/main.c    ****   RCC_ClkInitStruct.AHBCLKDivider = RCC_SYSCLK_DIV1;
 325              		.loc 1 187 0
 326 0060 0221     		movs	r1, #2
 327 0062 0491     		str	r1, [sp, #16]
 188:Src/main.c    ****   RCC_ClkInitStruct.APB1CLKDivider = RCC_HCLK_DIV2;
 328              		.loc 1 188 0
ARM GAS  /var/folders/7p/1_dhylqx7nl5s8914_0f_4w00000gn/T//ccrtcsYo.s 			page 12


 329 0064 0023     		movs	r3, #0
 330 0066 0593     		str	r3, [sp, #20]
 189:Src/main.c    ****   RCC_ClkInitStruct.APB2CLKDivider = RCC_HCLK_DIV1;
 331              		.loc 1 189 0
 332 0068 4FF48052 		mov	r2, #4096
 333 006c 0692     		str	r2, [sp, #24]
 190:Src/main.c    **** 
 334              		.loc 1 190 0
 335 006e 0793     		str	r3, [sp, #28]
 192:Src/main.c    ****   {
 336              		.loc 1 192 0
 337 0070 03A8     		add	r0, sp, #12
 338 0072 FFF7FEFF 		bl	HAL_RCC_ClockConfig
 339              	.LVL16:
 340 0076 B8B9     		cbnz	r0, .L23
 199:Src/main.c    **** 
 341              		.loc 1 199 0
 342 0078 FFF7FEFF 		bl	HAL_RCC_GetHCLKFreq
 343              	.LVL17:
 344 007c 0E4B     		ldr	r3, .L24+8
 345 007e A3FB0030 		umull	r3, r0, r3, r0
 346 0082 8009     		lsrs	r0, r0, #6
 347 0084 FFF7FEFF 		bl	HAL_SYSTICK_Config
 348              	.LVL18:
 203:Src/main.c    **** 
 349              		.loc 1 203 0
 350 0088 0420     		movs	r0, #4
 351 008a FFF7FEFF 		bl	HAL_SYSTICK_CLKSourceConfig
 352              	.LVL19:
 206:Src/main.c    **** }
 353              		.loc 1 206 0
 354 008e 0022     		movs	r2, #0
 355 0090 0F21     		movs	r1, #15
 356 0092 4FF0FF30 		mov	r0, #-1
 357 0096 FFF7FEFF 		bl	HAL_NVIC_SetPriority
 358              	.LVL20:
 207:Src/main.c    **** 
 359              		.loc 1 207 0
 360 009a 15B0     		add	sp, sp, #84
 361              	.LCFI7:
 362              		.cfi_remember_state
 363              		.cfi_def_cfa_offset 4
 364              		@ sp needed
 365 009c 5DF804FB 		ldr	pc, [sp], #4
 366              	.L22:
 367              	.LCFI8:
 368              		.cfi_restore_state
 180:Src/main.c    ****   }
 369              		.loc 1 180 0
 370 00a0 B421     		movs	r1, #180
 371 00a2 0648     		ldr	r0, .L24+12
 372 00a4 FFF7FEFF 		bl	_Error_Handler
 373              	.LVL21:
 374              	.L23:
 194:Src/main.c    ****   }
 375              		.loc 1 194 0
 376 00a8 C221     		movs	r1, #194
ARM GAS  /var/folders/7p/1_dhylqx7nl5s8914_0f_4w00000gn/T//ccrtcsYo.s 			page 13


 377 00aa 0448     		ldr	r0, .L24+12
 378 00ac FFF7FEFF 		bl	_Error_Handler
 379              	.LVL22:
 380              	.L25:
 381              		.align	2
 382              	.L24:
 383 00b0 00380240 		.word	1073887232
 384 00b4 00700040 		.word	1073770496
 385 00b8 D34D6210 		.word	274877907
 386 00bc 00000000 		.word	.LC2
 387              		.cfi_endproc
 388              	.LFE130:
 390              		.section	.text.main,"ax",%progbits
 391              		.align	1
 392              		.global	main
 393              		.syntax unified
 394              		.thumb
 395              		.thumb_func
 396              		.fpu fpv4-sp-d16
 398              	main:
 399              	.LFB129:
  81:Src/main.c    **** 
 400              		.loc 1 81 0
 401              		.cfi_startproc
 402              		@ Volatile: function does not return.
 403              		@ args = 0, pretend = 0, frame = 24
 404              		@ frame_needed = 0, uses_anonymous_args = 0
 405 0000 00B5     		push	{lr}
 406              	.LCFI9:
 407              		.cfi_def_cfa_offset 4
 408              		.cfi_offset 14, -4
 409 0002 87B0     		sub	sp, sp, #28
 410              	.LCFI10:
 411              		.cfi_def_cfa_offset 32
  90:Src/main.c    **** 
 412              		.loc 1 90 0
 413 0004 FFF7FEFF 		bl	HAL_Init
 414              	.LVL23:
  97:Src/main.c    **** 
 415              		.loc 1 97 0
 416 0008 FFF7FEFF 		bl	SystemClock_Config
 417              	.LVL24:
 104:Src/main.c    **** 
 418              		.loc 1 104 0
 419 000c FFF7FEFF 		bl	MX_GPIO_Init
 420              	.LVL25:
 124:Src/main.c    ****   defaultTaskHandle = osThreadCreate(osThread(defaultTask), NULL);
 421              		.loc 1 124 0
 422 0010 01AC     		add	r4, sp, #4
 423 0012 074D     		ldr	r5, .L29
 424 0014 0FCD     		ldmia	r5!, {r0, r1, r2, r3}
 425 0016 0FC4     		stmia	r4!, {r0, r1, r2, r3}
 426 0018 2B68     		ldr	r3, [r5]
 427 001a 2360     		str	r3, [r4]
 125:Src/main.c    **** 
 428              		.loc 1 125 0
 429 001c 0021     		movs	r1, #0
ARM GAS  /var/folders/7p/1_dhylqx7nl5s8914_0f_4w00000gn/T//ccrtcsYo.s 			page 14


 430 001e 01A8     		add	r0, sp, #4
 431 0020 FFF7FEFF 		bl	osThreadCreate
 432              	.LVL26:
 433 0024 034B     		ldr	r3, .L29+4
 434 0026 1860     		str	r0, [r3]
 137:Src/main.c    ****   
 435              		.loc 1 137 0
 436 0028 FFF7FEFF 		bl	osKernelStart
 437              	.LVL27:
 438              	.L27:
 439 002c FEE7     		b	.L27
 440              	.L30:
 441 002e 00BF     		.align	2
 442              	.L29:
 443 0030 00000000 		.word	.LANCHOR0
 444 0034 00000000 		.word	defaultTaskHandle
 445              		.cfi_endproc
 446              	.LFE129:
 448              		.comm	defaultTaskHandle,4,4
 449              		.section	.rodata
 450              		.align	2
 451              		.set	.LANCHOR0,. + 0
 452              	.LC3:
 453 0000 00000000 		.word	.LC0
 454 0004 00000000 		.word	StartDefaultTask
 455 0008 0000     		.short	0
 456 000a 0000     		.space	2
 457 000c 00000000 		.word	0
 458 0010 80000000 		.word	128
 459              		.section	.rodata.SystemClock_Config.str1.4,"aMS",%progbits,1
 460              		.align	2
 461              	.LC2:
 462 0000 5372632F 		.ascii	"Src/main.c\000"
 462      6D61696E 
 462      2E6300
 463              		.section	.rodata.str1.4,"aMS",%progbits,1
 464              		.align	2
 465              	.LC0:
 466 0000 64656661 		.ascii	"defaultTask\000"
 466      756C7454 
 466      61736B00 
 467              		.text
 468              	.Letext0:
 469              		.file 2 "/Users/augustmason/Documents/gitHub/riptide_firmware/STM32/gcc-arm-none-eabi-6-2017-q2-up
 470              		.file 3 "/Users/augustmason/Documents/gitHub/riptide_firmware/STM32/gcc-arm-none-eabi-6-2017-q2-up
 471              		.file 4 "Drivers/CMSIS/Include/core_cm4.h"
 472              		.file 5 "Drivers/CMSIS/Device/ST/STM32F4xx/Include/system_stm32f4xx.h"
 473              		.file 6 "Drivers/CMSIS/Device/ST/STM32F4xx/Include/stm32f405xx.h"
 474              		.file 7 "/Users/augustmason/Documents/gitHub/riptide_firmware/STM32/gcc-arm-none-eabi-6-2017-q2-up
 475              		.file 8 "/Users/augustmason/Documents/gitHub/riptide_firmware/STM32/gcc-arm-none-eabi-6-2017-q2-up
 476              		.file 9 "/Users/augustmason/Documents/gitHub/riptide_firmware/STM32/gcc-arm-none-eabi-6-2017-q2-up
 477              		.file 10 "/Users/augustmason/Documents/gitHub/riptide_firmware/STM32/gcc-arm-none-eabi-6-2017-q2-u
 478              		.file 11 "Drivers/STM32F4xx_HAL_Driver/Inc/stm32f4xx_hal_def.h"
 479              		.file 12 "Drivers/STM32F4xx_HAL_Driver/Inc/stm32f4xx_hal_rcc_ex.h"
 480              		.file 13 "Drivers/STM32F4xx_HAL_Driver/Inc/stm32f4xx_hal_rcc.h"
 481              		.file 14 "Drivers/STM32F4xx_HAL_Driver/Inc/stm32f4xx_hal_gpio.h"
 482              		.file 15 "Drivers/STM32F4xx_HAL_Driver/Inc/stm32f4xx_hal_dma.h"
ARM GAS  /var/folders/7p/1_dhylqx7nl5s8914_0f_4w00000gn/T//ccrtcsYo.s 			page 15


 483              		.file 16 "Drivers/STM32F4xx_HAL_Driver/Inc/stm32f4xx_hal_tim.h"
 484              		.file 17 "Middlewares/Third_Party/FreeRTOS/Source/include/task.h"
 485              		.file 18 "Middlewares/Third_Party/FreeRTOS/Source/CMSIS_RTOS/cmsis_os.h"
 486              		.file 19 "/Users/augustmason/Documents/gitHub/riptide_firmware/STM32/gcc-arm-none-eabi-6-2017-q2-u
 487              		.file 20 "Middlewares/ST/STM32_USB_Device_Library/Core/Inc/usbd_def.h"
 488              		.file 21 "Inc/usb_device.h"
 489              		.file 22 "Drivers/STM32F4xx_HAL_Driver/Inc/stm32f4xx_hal.h"
 490              		.file 23 "Drivers/STM32F4xx_HAL_Driver/Inc/stm32f4xx_hal_cortex.h"
ARM GAS  /var/folders/7p/1_dhylqx7nl5s8914_0f_4w00000gn/T//ccrtcsYo.s 			page 16


DEFINED SYMBOLS
                            *ABS*:0000000000000000 main.c
/var/folders/7p/1_dhylqx7nl5s8914_0f_4w00000gn/T//ccrtcsYo.s:18     .text.MX_GPIO_Init:0000000000000000 $t
/var/folders/7p/1_dhylqx7nl5s8914_0f_4w00000gn/T//ccrtcsYo.s:24     .text.MX_GPIO_Init:0000000000000000 MX_GPIO_Init
/var/folders/7p/1_dhylqx7nl5s8914_0f_4w00000gn/T//ccrtcsYo.s:117    .text.MX_GPIO_Init:000000000000007c $d
/var/folders/7p/1_dhylqx7nl5s8914_0f_4w00000gn/T//ccrtcsYo.s:123    .text.StartDefaultTask:0000000000000000 $t
/var/folders/7p/1_dhylqx7nl5s8914_0f_4w00000gn/T//ccrtcsYo.s:130    .text.StartDefaultTask:0000000000000000 StartDefaultTask
/var/folders/7p/1_dhylqx7nl5s8914_0f_4w00000gn/T//ccrtcsYo.s:179    .text.StartDefaultTask:000000000000003c $d
/var/folders/7p/1_dhylqx7nl5s8914_0f_4w00000gn/T//ccrtcsYo.s:184    .text.HAL_TIM_PeriodElapsedCallback:0000000000000000 $t
/var/folders/7p/1_dhylqx7nl5s8914_0f_4w00000gn/T//ccrtcsYo.s:191    .text.HAL_TIM_PeriodElapsedCallback:0000000000000000 HAL_TIM_PeriodElapsedCallback
/var/folders/7p/1_dhylqx7nl5s8914_0f_4w00000gn/T//ccrtcsYo.s:221    .text.HAL_TIM_PeriodElapsedCallback:0000000000000014 $d
/var/folders/7p/1_dhylqx7nl5s8914_0f_4w00000gn/T//ccrtcsYo.s:226    .text._Error_Handler:0000000000000000 $t
/var/folders/7p/1_dhylqx7nl5s8914_0f_4w00000gn/T//ccrtcsYo.s:233    .text._Error_Handler:0000000000000000 _Error_Handler
/var/folders/7p/1_dhylqx7nl5s8914_0f_4w00000gn/T//ccrtcsYo.s:248    .text.SystemClock_Config:0000000000000000 $t
/var/folders/7p/1_dhylqx7nl5s8914_0f_4w00000gn/T//ccrtcsYo.s:255    .text.SystemClock_Config:0000000000000000 SystemClock_Config
/var/folders/7p/1_dhylqx7nl5s8914_0f_4w00000gn/T//ccrtcsYo.s:383    .text.SystemClock_Config:00000000000000b0 $d
/var/folders/7p/1_dhylqx7nl5s8914_0f_4w00000gn/T//ccrtcsYo.s:391    .text.main:0000000000000000 $t
/var/folders/7p/1_dhylqx7nl5s8914_0f_4w00000gn/T//ccrtcsYo.s:398    .text.main:0000000000000000 main
/var/folders/7p/1_dhylqx7nl5s8914_0f_4w00000gn/T//ccrtcsYo.s:443    .text.main:0000000000000030 $d
                            *COM*:0000000000000004 defaultTaskHandle
/var/folders/7p/1_dhylqx7nl5s8914_0f_4w00000gn/T//ccrtcsYo.s:450    .rodata:0000000000000000 $d
/var/folders/7p/1_dhylqx7nl5s8914_0f_4w00000gn/T//ccrtcsYo.s:460    .rodata.SystemClock_Config.str1.4:0000000000000000 $d
/var/folders/7p/1_dhylqx7nl5s8914_0f_4w00000gn/T//ccrtcsYo.s:464    .rodata.str1.4:0000000000000000 $d
                     .debug_frame:0000000000000010 $d

UNDEFINED SYMBOLS
HAL_GPIO_WritePin
HAL_GPIO_Init
MX_USB_DEVICE_Init
HAL_GPIO_TogglePin
HAL_Delay
HAL_IncTick
HAL_RCC_OscConfig
HAL_RCC_ClockConfig
HAL_RCC_GetHCLKFreq
HAL_SYSTICK_Config
HAL_SYSTICK_CLKSourceConfig
HAL_NVIC_SetPriority
HAL_Init
osThreadCreate
osKernelStart
