ARM GAS  /var/folders/7p/1_dhylqx7nl5s8914_0f_4w00000gn/T//cc1lgUaL.s 			page 1


   1              		.cpu cortex-m4
   2              		.eabi_attribute 27, 1
   3              		.eabi_attribute 28, 1
   4              		.eabi_attribute 20, 1
   5              		.eabi_attribute 21, 1
   6              		.eabi_attribute 23, 3
   7              		.eabi_attribute 24, 1
   8              		.eabi_attribute 25, 1
   9              		.eabi_attribute 26, 1
  10              		.eabi_attribute 30, 1
  11              		.eabi_attribute 34, 1
  12              		.eabi_attribute 18, 4
  13              		.file	"riptideThreads.c"
  14              		.text
  15              	.Ltext0:
  16              		.cfi_sections	.debug_frame
  17              		.section	.text.vHeartbeat,"ax",%progbits
  18              		.align	1
  19              		.global	vHeartbeat
  20              		.syntax unified
  21              		.thumb
  22              		.thumb_func
  23              		.fpu fpv4-sp-d16
  25              	vHeartbeat:
  26              	.LFB129:
  27              		.file 1 "riptideSTM/src/riptideThreads.c"
   1:riptideSTM/src/riptideThreads.c **** //
   2:riptideSTM/src/riptideThreads.c **** // Created by August R. Mason on 2/11/18.
   3:riptideSTM/src/riptideThreads.c **** //
   4:riptideSTM/src/riptideThreads.c **** 
   5:riptideSTM/src/riptideThreads.c **** #include "main.h"
   6:riptideSTM/src/riptideThreads.c **** #include "stm32f4xx_hal.h"
   7:riptideSTM/src/riptideThreads.c **** #include "cmsis_os.h"
   8:riptideSTM/src/riptideThreads.c **** #include "usb_device.h"
   9:riptideSTM/src/riptideThreads.c **** #include "usbd_cdc_if.h"
  10:riptideSTM/src/riptideThreads.c **** 
  11:riptideSTM/src/riptideThreads.c **** 
  12:riptideSTM/src/riptideThreads.c **** #include "riptideMain.h"
  13:riptideSTM/src/riptideThreads.c **** #include "riptideFunctions.h"
  14:riptideSTM/src/riptideThreads.c **** #include "riptidethreads.h"
  15:riptideSTM/src/riptideThreads.c **** 
  16:riptideSTM/src/riptideThreads.c **** void vHeartbeat(void *pvParameters ){
  28              		.loc 1 16 0
  29              		.cfi_startproc
  30              		@ Volatile: function does not return.
  31              		@ args = 0, pretend = 0, frame = 16
  32              		@ frame_needed = 0, uses_anonymous_args = 0
  33              	.LVL0:
  34 0000 00B5     		push	{lr}
  35              	.LCFI0:
  36              		.cfi_def_cfa_offset 4
  37              		.cfi_offset 14, -4
  38 0002 85B0     		sub	sp, sp, #20
  39              	.LCFI1:
  40              		.cfi_def_cfa_offset 24
  17:riptideSTM/src/riptideThreads.c **** 
  18:riptideSTM/src/riptideThreads.c ****     uint8_t HiMsg[] = "heartbeat\r\n";
ARM GAS  /var/folders/7p/1_dhylqx7nl5s8914_0f_4w00000gn/T//cc1lgUaL.s 			page 2


  41              		.loc 1 18 0
  42 0004 094B     		ldr	r3, .L4
  43 0006 93E80700 		ldm	r3, {r0, r1, r2}
  44              	.LVL1:
  45 000a 04AB     		add	r3, sp, #16
  46 000c 03E90700 		stmdb	r3, {r0, r1, r2}
  47              	.L2:
  19:riptideSTM/src/riptideThreads.c ****     /* Infinite loop */
  20:riptideSTM/src/riptideThreads.c ****     for(;;) {
  21:riptideSTM/src/riptideThreads.c ****         HAL_GPIO_TogglePin(HeartBeat1_GPIO_Port, HeartBeat1_Pin);
  48              		.loc 1 21 0 discriminator 1
  49 0010 4021     		movs	r1, #64
  50 0012 0748     		ldr	r0, .L4+4
  51 0014 FFF7FEFF 		bl	HAL_GPIO_TogglePin
  52              	.LVL2:
  22:riptideSTM/src/riptideThreads.c ****         //to note here, we do not nead the sizeof(msg)/sizeof(uint8_t)
  23:riptideSTM/src/riptideThreads.c ****         CDC_Transmit_HS(HiMsg, sizeof(HiMsg));
  53              		.loc 1 23 0 discriminator 1
  54 0018 0C21     		movs	r1, #12
  55 001a 01A8     		add	r0, sp, #4
  56 001c FFF7FEFF 		bl	CDC_Transmit_HS
  57              	.LVL3:
  24:riptideSTM/src/riptideThreads.c ****         vTaskDelay(1000);
  58              		.loc 1 24 0 discriminator 1
  59 0020 4FF47A70 		mov	r0, #1000
  60 0024 FFF7FEFF 		bl	vTaskDelay
  61              	.LVL4:
  62 0028 F2E7     		b	.L2
  63              	.L5:
  64 002a 00BF     		.align	2
  65              	.L4:
  66 002c 00000000 		.word	.LC0
  67 0030 00080240 		.word	1073874944
  68              		.cfi_endproc
  69              	.LFE129:
  71              		.section	.text.vSwitches,"ax",%progbits
  72              		.align	1
  73              		.global	vSwitches
  74              		.syntax unified
  75              		.thumb
  76              		.thumb_func
  77              		.fpu fpv4-sp-d16
  79              	vSwitches:
  80              	.LFB130:
  25:riptideSTM/src/riptideThreads.c **** 
  26:riptideSTM/src/riptideThreads.c ****     }
  27:riptideSTM/src/riptideThreads.c **** 
  28:riptideSTM/src/riptideThreads.c **** }
  29:riptideSTM/src/riptideThreads.c **** 
  30:riptideSTM/src/riptideThreads.c **** void vSwitches(void *pvParameters){
  81              		.loc 1 30 0
  82              		.cfi_startproc
  83              		@ args = 0, pretend = 0, frame = 0
  84              		@ frame_needed = 0, uses_anonymous_args = 0
  85              		@ link register save eliminated.
  86              	.LVL5:
  87 0000 7047     		bx	lr
ARM GAS  /var/folders/7p/1_dhylqx7nl5s8914_0f_4w00000gn/T//cc1lgUaL.s 			page 3


  88              		.cfi_endproc
  89              	.LFE130:
  91              		.section	.rodata.vHeartbeat.str1.4,"aMS",%progbits,1
  92              		.align	2
  93              	.LC0:
  94 0000 68656172 		.ascii	"heartbeat\015\012\000"
  94      74626561 
  94      740D0A00 
  95              		.text
  96              	.Letext0:
  97              		.file 2 "/Users/augustmason/Documents/gitHub/riptide_firmware/STM32/gcc-arm-none-eabi-6-2017-q2-up
  98              		.file 3 "/Users/augustmason/Documents/gitHub/riptide_firmware/STM32/gcc-arm-none-eabi-6-2017-q2-up
  99              		.file 4 "Drivers/CMSIS/Include/core_cm4.h"
 100              		.file 5 "Drivers/CMSIS/Device/ST/STM32F4xx/Include/system_stm32f4xx.h"
 101              		.file 6 "Drivers/CMSIS/Device/ST/STM32F4xx/Include/stm32f405xx.h"
 102              		.file 7 "/Users/augustmason/Documents/gitHub/riptide_firmware/STM32/gcc-arm-none-eabi-6-2017-q2-up
 103              		.file 8 "/Users/augustmason/Documents/gitHub/riptide_firmware/STM32/gcc-arm-none-eabi-6-2017-q2-up
 104              		.file 9 "/Users/augustmason/Documents/gitHub/riptide_firmware/STM32/gcc-arm-none-eabi-6-2017-q2-up
 105              		.file 10 "/Users/augustmason/Documents/gitHub/riptide_firmware/STM32/gcc-arm-none-eabi-6-2017-q2-u
 106              		.file 11 "/Users/augustmason/Documents/gitHub/riptide_firmware/STM32/gcc-arm-none-eabi-6-2017-q2-u
 107              		.file 12 "Middlewares/ST/STM32_USB_Device_Library/Core/Inc/usbd_def.h"
 108              		.file 13 "Inc/usb_device.h"
 109              		.file 14 "Middlewares/ST/STM32_USB_Device_Library/Class/CDC/Inc/usbd_cdc.h"
 110              		.file 15 "Inc/usbd_cdc_if.h"
 111              		.file 16 "Drivers/STM32F4xx_HAL_Driver/Inc/stm32f4xx_hal_gpio.h"
 112              		.file 17 "Middlewares/Third_Party/FreeRTOS/Source/include/task.h"
ARM GAS  /var/folders/7p/1_dhylqx7nl5s8914_0f_4w00000gn/T//cc1lgUaL.s 			page 4


DEFINED SYMBOLS
                            *ABS*:0000000000000000 riptideThreads.c
/var/folders/7p/1_dhylqx7nl5s8914_0f_4w00000gn/T//cc1lgUaL.s:18     .text.vHeartbeat:0000000000000000 $t
/var/folders/7p/1_dhylqx7nl5s8914_0f_4w00000gn/T//cc1lgUaL.s:25     .text.vHeartbeat:0000000000000000 vHeartbeat
/var/folders/7p/1_dhylqx7nl5s8914_0f_4w00000gn/T//cc1lgUaL.s:66     .text.vHeartbeat:000000000000002c $d
/var/folders/7p/1_dhylqx7nl5s8914_0f_4w00000gn/T//cc1lgUaL.s:72     .text.vSwitches:0000000000000000 $t
/var/folders/7p/1_dhylqx7nl5s8914_0f_4w00000gn/T//cc1lgUaL.s:79     .text.vSwitches:0000000000000000 vSwitches
/var/folders/7p/1_dhylqx7nl5s8914_0f_4w00000gn/T//cc1lgUaL.s:92     .rodata.vHeartbeat.str1.4:0000000000000000 $d
                     .debug_frame:0000000000000010 $d

UNDEFINED SYMBOLS
HAL_GPIO_TogglePin
CDC_Transmit_HS
vTaskDelay
