ARM GAS  /var/folders/7p/1_dhylqx7nl5s8914_0f_4w00000gn/T//ccTXoh0h.s 			page 1


   1              		.cpu cortex-m4
   2              		.eabi_attribute 27, 1
   3              		.eabi_attribute 28, 1
   4              		.eabi_attribute 20, 1
   5              		.eabi_attribute 21, 1
   6              		.eabi_attribute 23, 3
   7              		.eabi_attribute 24, 1
   8              		.eabi_attribute 25, 1
   9              		.eabi_attribute 26, 1
  10              		.eabi_attribute 30, 1
  11              		.eabi_attribute 34, 1
  12              		.eabi_attribute 18, 4
  13              		.file	"riptideMain.c"
  14              		.text
  15              	.Ltext0:
  16              		.cfi_sections	.debug_frame
  17              		.section	.text.riptideMain,"ax",%progbits
  18              		.align	1
  19              		.global	riptideMain
  20              		.syntax unified
  21              		.thumb
  22              		.thumb_func
  23              		.fpu fpv4-sp-d16
  25              	riptideMain:
  26              	.LFB129:
  27              		.file 1 "riptideSTM/src/riptideMain.c"
   1:riptideSTM/src/riptideMain.c **** //
   2:riptideSTM/src/riptideMain.c **** // Created by August R. Mason on 2/11/18.
   3:riptideSTM/src/riptideMain.c **** //
   4:riptideSTM/src/riptideMain.c **** 
   5:riptideSTM/src/riptideMain.c **** //setup all your stuff here, so we barely touch main.h
   6:riptideSTM/src/riptideMain.c **** #include "main.h"
   7:riptideSTM/src/riptideMain.c **** #include "stm32f4xx_hal.h"
   8:riptideSTM/src/riptideMain.c **** #include "cmsis_os.h"
   9:riptideSTM/src/riptideMain.c **** #include "usb_device.h"
  10:riptideSTM/src/riptideMain.c **** #include "usbd_cdc_if.h"
  11:riptideSTM/src/riptideMain.c **** 
  12:riptideSTM/src/riptideMain.c **** #include "riptideMain.h"
  13:riptideSTM/src/riptideMain.c **** #include "riptideFunctions.h"
  14:riptideSTM/src/riptideMain.c **** #include "riptidethreads.h"
  15:riptideSTM/src/riptideMain.c **** 
  16:riptideSTM/src/riptideMain.c **** void riptideMain(){
  28              		.loc 1 16 0
  29              		.cfi_startproc
  30              		@ args = 0, pretend = 0, frame = 16
  31              		@ frame_needed = 0, uses_anonymous_args = 0
  32 0000 10B5     		push	{r4, lr}
  33              	.LCFI0:
  34              		.cfi_def_cfa_offset 8
  35              		.cfi_offset 4, -8
  36              		.cfi_offset 14, -4
  37 0002 86B0     		sub	sp, sp, #24
  38              	.LCFI1:
  39              		.cfi_def_cfa_offset 32
  17:riptideSTM/src/riptideMain.c ****     //create task handlers here
  18:riptideSTM/src/riptideMain.c ****     xTaskHandle xHeartbeat;
  19:riptideSTM/src/riptideMain.c ****     xTaskHandle xSwitchMonitor;
ARM GAS  /var/folders/7p/1_dhylqx7nl5s8914_0f_4w00000gn/T//ccTXoh0h.s 			page 2


  20:riptideSTM/src/riptideMain.c ****     xTaskHandle xKillSwitch;
  21:riptideSTM/src/riptideMain.c ****     xTaskHandle xDepthSensor;
  22:riptideSTM/src/riptideMain.c ****     //create tasks here
  23:riptideSTM/src/riptideMain.c ****     xTaskCreate( vHeartbeat, "Heartbeat", configMINIMAL_STACK_SIZE, NULL, 1, &xHeartbeat);
  40              		.loc 1 23 0
  41 0004 05AB     		add	r3, sp, #20
  42 0006 0193     		str	r3, [sp, #4]
  43 0008 0124     		movs	r4, #1
  44 000a 0094     		str	r4, [sp]
  45 000c 0023     		movs	r3, #0
  46 000e 8022     		movs	r2, #128
  47 0010 1049     		ldr	r1, .L3
  48 0012 1148     		ldr	r0, .L3+4
  49 0014 FFF7FEFF 		bl	xTaskCreate
  50              	.LVL0:
  24:riptideSTM/src/riptideMain.c ****     xTaskCreate( vSwitchMonitor, "SwitchMonitor", configMINIMAL_STACK_SIZE, NULL, 1, &xSwitchMonito
  51              		.loc 1 24 0
  52 0018 04AB     		add	r3, sp, #16
  53 001a 0193     		str	r3, [sp, #4]
  54 001c 0094     		str	r4, [sp]
  55 001e 0023     		movs	r3, #0
  56 0020 8022     		movs	r2, #128
  57 0022 0E49     		ldr	r1, .L3+8
  58 0024 0E48     		ldr	r0, .L3+12
  59 0026 FFF7FEFF 		bl	xTaskCreate
  60              	.LVL1:
  25:riptideSTM/src/riptideMain.c ****     xTaskCreate( vKillSwitch, "KillSwitch", configMINIMAL_STACK_SIZE, NULL, 1, &xKillSwitch);
  61              		.loc 1 25 0
  62 002a 03AB     		add	r3, sp, #12
  63 002c 0193     		str	r3, [sp, #4]
  64 002e 0094     		str	r4, [sp]
  65 0030 0023     		movs	r3, #0
  66 0032 8022     		movs	r2, #128
  67 0034 0B49     		ldr	r1, .L3+16
  68 0036 0C48     		ldr	r0, .L3+20
  69 0038 FFF7FEFF 		bl	xTaskCreate
  70              	.LVL2:
  26:riptideSTM/src/riptideMain.c ****     xTaskCreate( vDepthSensor, "DepthSensor", configMINIMAL_STACK_SIZE, NULL, 1, &xDepthSensor);
  71              		.loc 1 26 0
  72 003c 02AB     		add	r3, sp, #8
  73 003e 0193     		str	r3, [sp, #4]
  74 0040 0094     		str	r4, [sp]
  75 0042 0023     		movs	r3, #0
  76 0044 8022     		movs	r2, #128
  77 0046 0949     		ldr	r1, .L3+24
  78 0048 0948     		ldr	r0, .L3+28
  79 004a FFF7FEFF 		bl	xTaskCreate
  80              	.LVL3:
  27:riptideSTM/src/riptideMain.c ****     //create queues here
  28:riptideSTM/src/riptideMain.c ****     //create mutexes here
  29:riptideSTM/src/riptideMain.c ****     //create semaphores here
  30:riptideSTM/src/riptideMain.c ****     return;
  31:riptideSTM/src/riptideMain.c **** }
  81              		.loc 1 31 0
  82 004e 06B0     		add	sp, sp, #24
  83              	.LCFI2:
  84              		.cfi_def_cfa_offset 8
ARM GAS  /var/folders/7p/1_dhylqx7nl5s8914_0f_4w00000gn/T//ccTXoh0h.s 			page 3


  85              		@ sp needed
  86 0050 10BD     		pop	{r4, pc}
  87              	.L4:
  88 0052 00BF     		.align	2
  89              	.L3:
  90 0054 00000000 		.word	.LC0
  91 0058 00000000 		.word	vHeartbeat
  92 005c 0C000000 		.word	.LC1
  93 0060 00000000 		.word	vSwitchMonitor
  94 0064 1C000000 		.word	.LC2
  95 0068 00000000 		.word	vKillSwitch
  96 006c 28000000 		.word	.LC3
  97 0070 00000000 		.word	vDepthSensor
  98              		.cfi_endproc
  99              	.LFE129:
 101              		.section	.rodata.riptideMain.str1.4,"aMS",%progbits,1
 102              		.align	2
 103              	.LC0:
 104 0000 48656172 		.ascii	"Heartbeat\000"
 104      74626561 
 104      7400
 105 000a 0000     		.space	2
 106              	.LC1:
 107 000c 53776974 		.ascii	"SwitchMonitor\000"
 107      63684D6F 
 107      6E69746F 
 107      7200
 108 001a 0000     		.space	2
 109              	.LC2:
 110 001c 4B696C6C 		.ascii	"KillSwitch\000"
 110      53776974 
 110      636800
 111 0027 00       		.space	1
 112              	.LC3:
 113 0028 44657074 		.ascii	"DepthSensor\000"
 113      6853656E 
 113      736F7200 
 114              		.text
 115              	.Letext0:
 116              		.file 2 "/Users/augustmason/Documents/gitHub/riptide_firmware/STM32/gcc-arm-none-eabi-6-2017-q2-up
 117              		.file 3 "/Users/augustmason/Documents/gitHub/riptide_firmware/STM32/gcc-arm-none-eabi-6-2017-q2-up
 118              		.file 4 "Drivers/CMSIS/Include/core_cm4.h"
 119              		.file 5 "Drivers/CMSIS/Device/ST/STM32F4xx/Include/system_stm32f4xx.h"
 120              		.file 6 "/Users/augustmason/Documents/gitHub/riptide_firmware/STM32/gcc-arm-none-eabi-6-2017-q2-up
 121              		.file 7 "/Users/augustmason/Documents/gitHub/riptide_firmware/STM32/gcc-arm-none-eabi-6-2017-q2-up
 122              		.file 8 "/Users/augustmason/Documents/gitHub/riptide_firmware/STM32/gcc-arm-none-eabi-6-2017-q2-up
 123              		.file 9 "/Users/augustmason/Documents/gitHub/riptide_firmware/STM32/gcc-arm-none-eabi-6-2017-q2-up
 124              		.file 10 "Middlewares/Third_Party/FreeRTOS/Source/include/task.h"
 125              		.file 11 "/Users/augustmason/Documents/gitHub/riptide_firmware/STM32/gcc-arm-none-eabi-6-2017-q2-u
 126              		.file 12 "Middlewares/ST/STM32_USB_Device_Library/Core/Inc/usbd_def.h"
 127              		.file 13 "Inc/usb_device.h"
 128              		.file 14 "Middlewares/ST/STM32_USB_Device_Library/Class/CDC/Inc/usbd_cdc.h"
 129              		.file 15 "Inc/usbd_cdc_if.h"
ARM GAS  /var/folders/7p/1_dhylqx7nl5s8914_0f_4w00000gn/T//ccTXoh0h.s 			page 4


DEFINED SYMBOLS
                            *ABS*:0000000000000000 riptideMain.c
/var/folders/7p/1_dhylqx7nl5s8914_0f_4w00000gn/T//ccTXoh0h.s:18     .text.riptideMain:0000000000000000 $t
/var/folders/7p/1_dhylqx7nl5s8914_0f_4w00000gn/T//ccTXoh0h.s:25     .text.riptideMain:0000000000000000 riptideMain
/var/folders/7p/1_dhylqx7nl5s8914_0f_4w00000gn/T//ccTXoh0h.s:90     .text.riptideMain:0000000000000054 $d
/var/folders/7p/1_dhylqx7nl5s8914_0f_4w00000gn/T//ccTXoh0h.s:102    .rodata.riptideMain.str1.4:0000000000000000 $d
                     .debug_frame:0000000000000010 $d

UNDEFINED SYMBOLS
xTaskCreate
vHeartbeat
vSwitchMonitor
vKillSwitch
vDepthSensor
