ARM GAS  /var/folders/7p/1_dhylqx7nl5s8914_0f_4w00000gn/T//ccwaYVkW.s 			page 1


   1              		.cpu cortex-m4
   2              		.eabi_attribute 27, 1
   3              		.eabi_attribute 28, 1
   4              		.eabi_attribute 20, 1
   5              		.eabi_attribute 21, 1
   6              		.eabi_attribute 23, 3
   7              		.eabi_attribute 24, 1
   8              		.eabi_attribute 25, 1
   9              		.eabi_attribute 26, 1
  10              		.eabi_attribute 30, 1
  11              		.eabi_attribute 34, 1
  12              		.eabi_attribute 18, 4
  13              		.file	"sd_diskio.c"
  14              		.text
  15              	.Ltext0:
  16              		.cfi_sections	.debug_frame
  17              		.section	.text.SD_initialize,"ax",%progbits
  18              		.align	1
  19              		.global	SD_initialize
  20              		.syntax unified
  21              		.thumb
  22              		.thumb_func
  23              		.fpu fpv4-sp-d16
  25              	SD_initialize:
  26              	.LFB129:
  27              		.file 1 "Middlewares/Third_Party/FatFs/src/drivers/sd_diskio.c"
   1:Middlewares/Third_Party/FatFs/src/drivers/sd_diskio.c **** /**
   2:Middlewares/Third_Party/FatFs/src/drivers/sd_diskio.c ****   ******************************************************************************
   3:Middlewares/Third_Party/FatFs/src/drivers/sd_diskio.c ****   * @file    sd_diskio.c
   4:Middlewares/Third_Party/FatFs/src/drivers/sd_diskio.c ****   * @author  MCD Application Team
   5:Middlewares/Third_Party/FatFs/src/drivers/sd_diskio.c ****   * @version V1.4.1
   6:Middlewares/Third_Party/FatFs/src/drivers/sd_diskio.c ****   * @date    14-February-2017
   7:Middlewares/Third_Party/FatFs/src/drivers/sd_diskio.c ****   * @brief   SD Disk I/O driver
   8:Middlewares/Third_Party/FatFs/src/drivers/sd_diskio.c ****   ******************************************************************************
   9:Middlewares/Third_Party/FatFs/src/drivers/sd_diskio.c ****   * @attention
  10:Middlewares/Third_Party/FatFs/src/drivers/sd_diskio.c ****   *
  11:Middlewares/Third_Party/FatFs/src/drivers/sd_diskio.c ****   * <h2><center>&copy; COPYRIGHT 2017 STMicroelectronics</center></h2>
  12:Middlewares/Third_Party/FatFs/src/drivers/sd_diskio.c ****   *
  13:Middlewares/Third_Party/FatFs/src/drivers/sd_diskio.c ****   * Redistribution and use in source and binary forms, with or without 
  14:Middlewares/Third_Party/FatFs/src/drivers/sd_diskio.c ****   * modification, are permitted, provided that the following conditions are met:
  15:Middlewares/Third_Party/FatFs/src/drivers/sd_diskio.c ****   *
  16:Middlewares/Third_Party/FatFs/src/drivers/sd_diskio.c ****   * 1. Redistribution of source code must retain the above copyright notice, 
  17:Middlewares/Third_Party/FatFs/src/drivers/sd_diskio.c ****   *    this list of conditions and the following disclaimer.
  18:Middlewares/Third_Party/FatFs/src/drivers/sd_diskio.c ****   * 2. Redistributions in binary form must reproduce the above copyright notice,
  19:Middlewares/Third_Party/FatFs/src/drivers/sd_diskio.c ****   *    this list of conditions and the following disclaimer in the documentation
  20:Middlewares/Third_Party/FatFs/src/drivers/sd_diskio.c ****   *    and/or other materials provided with the distribution.
  21:Middlewares/Third_Party/FatFs/src/drivers/sd_diskio.c ****   * 3. Neither the name of STMicroelectronics nor the names of other 
  22:Middlewares/Third_Party/FatFs/src/drivers/sd_diskio.c ****   *    contributors to this software may be used to endorse or promote products 
  23:Middlewares/Third_Party/FatFs/src/drivers/sd_diskio.c ****   *    derived from this software without specific written permission.
  24:Middlewares/Third_Party/FatFs/src/drivers/sd_diskio.c ****   * 4. This software, including modifications and/or derivative works of this 
  25:Middlewares/Third_Party/FatFs/src/drivers/sd_diskio.c ****   *    software, must execute solely and exclusively on microcontroller or
  26:Middlewares/Third_Party/FatFs/src/drivers/sd_diskio.c ****   *    microprocessor devices manufactured by or for STMicroelectronics.
  27:Middlewares/Third_Party/FatFs/src/drivers/sd_diskio.c ****   * 5. Redistribution and use of this software other than as permitted under 
  28:Middlewares/Third_Party/FatFs/src/drivers/sd_diskio.c ****   *    this license is void and will automatically terminate your rights under 
  29:Middlewares/Third_Party/FatFs/src/drivers/sd_diskio.c ****   *    this license. 
  30:Middlewares/Third_Party/FatFs/src/drivers/sd_diskio.c ****   *
  31:Middlewares/Third_Party/FatFs/src/drivers/sd_diskio.c ****   * THIS SOFTWARE IS PROVIDED BY STMICROELECTRONICS AND CONTRIBUTORS "AS IS" 
ARM GAS  /var/folders/7p/1_dhylqx7nl5s8914_0f_4w00000gn/T//ccwaYVkW.s 			page 2


  32:Middlewares/Third_Party/FatFs/src/drivers/sd_diskio.c ****   * AND ANY EXPRESS, IMPLIED OR STATUTORY WARRANTIES, INCLUDING, BUT NOT 
  33:Middlewares/Third_Party/FatFs/src/drivers/sd_diskio.c ****   * LIMITED TO, THE IMPLIED WARRANTIES OF MERCHANTABILITY, FITNESS FOR A 
  34:Middlewares/Third_Party/FatFs/src/drivers/sd_diskio.c ****   * PARTICULAR PURPOSE AND NON-INFRINGEMENT OF THIRD PARTY INTELLECTUAL PROPERTY
  35:Middlewares/Third_Party/FatFs/src/drivers/sd_diskio.c ****   * RIGHTS ARE DISCLAIMED TO THE FULLEST EXTENT PERMITTED BY LAW. IN NO EVENT 
  36:Middlewares/Third_Party/FatFs/src/drivers/sd_diskio.c ****   * SHALL STMICROELECTRONICS OR CONTRIBUTORS BE LIABLE FOR ANY DIRECT, INDIRECT,
  37:Middlewares/Third_Party/FatFs/src/drivers/sd_diskio.c ****   * INCIDENTAL, SPECIAL, EXEMPLARY, OR CONSEQUENTIAL DAMAGES (INCLUDING, BUT NOT
  38:Middlewares/Third_Party/FatFs/src/drivers/sd_diskio.c ****   * LIMITED TO, PROCUREMENT OF SUBSTITUTE GOODS OR SERVICES; LOSS OF USE, DATA, 
  39:Middlewares/Third_Party/FatFs/src/drivers/sd_diskio.c ****   * OR PROFITS; OR BUSINESS INTERRUPTION) HOWEVER CAUSED AND ON ANY THEORY OF 
  40:Middlewares/Third_Party/FatFs/src/drivers/sd_diskio.c ****   * LIABILITY, WHETHER IN CONTRACT, STRICT LIABILITY, OR TORT (INCLUDING 
  41:Middlewares/Third_Party/FatFs/src/drivers/sd_diskio.c ****   * NEGLIGENCE OR OTHERWISE) ARISING IN ANY WAY OUT OF THE USE OF THIS SOFTWARE,
  42:Middlewares/Third_Party/FatFs/src/drivers/sd_diskio.c ****   * EVEN IF ADVISED OF THE POSSIBILITY OF SUCH DAMAGE.
  43:Middlewares/Third_Party/FatFs/src/drivers/sd_diskio.c ****   *
  44:Middlewares/Third_Party/FatFs/src/drivers/sd_diskio.c ****   ******************************************************************************
  45:Middlewares/Third_Party/FatFs/src/drivers/sd_diskio.c ****   */ 
  46:Middlewares/Third_Party/FatFs/src/drivers/sd_diskio.c **** 
  47:Middlewares/Third_Party/FatFs/src/drivers/sd_diskio.c **** /* Includes ------------------------------------------------------------------*/
  48:Middlewares/Third_Party/FatFs/src/drivers/sd_diskio.c **** #include <string.h>
  49:Middlewares/Third_Party/FatFs/src/drivers/sd_diskio.c **** #include "ff_gen_drv.h"
  50:Middlewares/Third_Party/FatFs/src/drivers/sd_diskio.c **** 
  51:Middlewares/Third_Party/FatFs/src/drivers/sd_diskio.c **** /* Private typedef -----------------------------------------------------------*/
  52:Middlewares/Third_Party/FatFs/src/drivers/sd_diskio.c **** /* Private define ------------------------------------------------------------*/
  53:Middlewares/Third_Party/FatFs/src/drivers/sd_diskio.c **** /* Private variables ---------------------------------------------------------*/
  54:Middlewares/Third_Party/FatFs/src/drivers/sd_diskio.c **** /* Disk status */
  55:Middlewares/Third_Party/FatFs/src/drivers/sd_diskio.c **** static volatile DSTATUS Stat = STA_NOINIT;
  56:Middlewares/Third_Party/FatFs/src/drivers/sd_diskio.c **** 
  57:Middlewares/Third_Party/FatFs/src/drivers/sd_diskio.c **** /* Private function prototypes -----------------------------------------------*/
  58:Middlewares/Third_Party/FatFs/src/drivers/sd_diskio.c **** DSTATUS SD_initialize (BYTE);
  59:Middlewares/Third_Party/FatFs/src/drivers/sd_diskio.c **** DSTATUS SD_status (BYTE);
  60:Middlewares/Third_Party/FatFs/src/drivers/sd_diskio.c **** DRESULT SD_read (BYTE, BYTE*, DWORD, UINT);
  61:Middlewares/Third_Party/FatFs/src/drivers/sd_diskio.c **** #if _USE_WRITE == 1
  62:Middlewares/Third_Party/FatFs/src/drivers/sd_diskio.c ****   DRESULT SD_write (BYTE, const BYTE*, DWORD, UINT);
  63:Middlewares/Third_Party/FatFs/src/drivers/sd_diskio.c **** #endif /* _USE_WRITE == 1 */
  64:Middlewares/Third_Party/FatFs/src/drivers/sd_diskio.c **** #if _USE_IOCTL == 1
  65:Middlewares/Third_Party/FatFs/src/drivers/sd_diskio.c ****   DRESULT SD_ioctl (BYTE, BYTE, void*);
  66:Middlewares/Third_Party/FatFs/src/drivers/sd_diskio.c **** #endif  /* _USE_IOCTL == 1 */
  67:Middlewares/Third_Party/FatFs/src/drivers/sd_diskio.c ****   
  68:Middlewares/Third_Party/FatFs/src/drivers/sd_diskio.c **** const Diskio_drvTypeDef  SD_Driver =
  69:Middlewares/Third_Party/FatFs/src/drivers/sd_diskio.c **** {
  70:Middlewares/Third_Party/FatFs/src/drivers/sd_diskio.c ****   SD_initialize,
  71:Middlewares/Third_Party/FatFs/src/drivers/sd_diskio.c ****   SD_status,
  72:Middlewares/Third_Party/FatFs/src/drivers/sd_diskio.c ****   SD_read, 
  73:Middlewares/Third_Party/FatFs/src/drivers/sd_diskio.c **** #if  _USE_WRITE == 1
  74:Middlewares/Third_Party/FatFs/src/drivers/sd_diskio.c ****   SD_write,
  75:Middlewares/Third_Party/FatFs/src/drivers/sd_diskio.c **** #endif /* _USE_WRITE == 1 */
  76:Middlewares/Third_Party/FatFs/src/drivers/sd_diskio.c ****   
  77:Middlewares/Third_Party/FatFs/src/drivers/sd_diskio.c **** #if  _USE_IOCTL == 1
  78:Middlewares/Third_Party/FatFs/src/drivers/sd_diskio.c ****   SD_ioctl,
  79:Middlewares/Third_Party/FatFs/src/drivers/sd_diskio.c **** #endif /* _USE_IOCTL == 1 */
  80:Middlewares/Third_Party/FatFs/src/drivers/sd_diskio.c **** };
  81:Middlewares/Third_Party/FatFs/src/drivers/sd_diskio.c **** 
  82:Middlewares/Third_Party/FatFs/src/drivers/sd_diskio.c **** /* Private functions ---------------------------------------------------------*/
  83:Middlewares/Third_Party/FatFs/src/drivers/sd_diskio.c **** 
  84:Middlewares/Third_Party/FatFs/src/drivers/sd_diskio.c **** /**
  85:Middlewares/Third_Party/FatFs/src/drivers/sd_diskio.c ****   * @brief  Initializes a Drive
  86:Middlewares/Third_Party/FatFs/src/drivers/sd_diskio.c ****   * @param  lun : not used 
  87:Middlewares/Third_Party/FatFs/src/drivers/sd_diskio.c ****   * @retval DSTATUS: Operation status
  88:Middlewares/Third_Party/FatFs/src/drivers/sd_diskio.c ****   */
ARM GAS  /var/folders/7p/1_dhylqx7nl5s8914_0f_4w00000gn/T//ccwaYVkW.s 			page 3


  89:Middlewares/Third_Party/FatFs/src/drivers/sd_diskio.c **** DSTATUS SD_initialize(BYTE lun)
  90:Middlewares/Third_Party/FatFs/src/drivers/sd_diskio.c **** {
  28              		.loc 1 90 0
  29              		.cfi_startproc
  30              		@ args = 0, pretend = 0, frame = 0
  31              		@ frame_needed = 0, uses_anonymous_args = 0
  32              	.LVL0:
  33 0000 08B5     		push	{r3, lr}
  34              	.LCFI0:
  35              		.cfi_def_cfa_offset 8
  36              		.cfi_offset 3, -8
  37              		.cfi_offset 14, -4
  91:Middlewares/Third_Party/FatFs/src/drivers/sd_diskio.c ****   Stat = STA_NOINIT;
  38              		.loc 1 91 0
  39 0002 0122     		movs	r2, #1
  40 0004 064B     		ldr	r3, .L4
  41 0006 1A70     		strb	r2, [r3]
  92:Middlewares/Third_Party/FatFs/src/drivers/sd_diskio.c ****   
  93:Middlewares/Third_Party/FatFs/src/drivers/sd_diskio.c ****   /* Configure the uSD device */
  94:Middlewares/Third_Party/FatFs/src/drivers/sd_diskio.c ****   if(BSP_SD_Init() == MSD_OK)
  42              		.loc 1 94 0
  43 0008 FFF7FEFF 		bl	BSP_SD_Init
  44              	.LVL1:
  45 000c 20B9     		cbnz	r0, .L2
  95:Middlewares/Third_Party/FatFs/src/drivers/sd_diskio.c ****   {
  96:Middlewares/Third_Party/FatFs/src/drivers/sd_diskio.c ****     Stat &= ~STA_NOINIT;
  46              		.loc 1 96 0
  47 000e 044A     		ldr	r2, .L4
  48 0010 1378     		ldrb	r3, [r2]	@ zero_extendqisi2
  49 0012 03F0FE03 		and	r3, r3, #254
  50 0016 1370     		strb	r3, [r2]
  51              	.L2:
  97:Middlewares/Third_Party/FatFs/src/drivers/sd_diskio.c ****   }
  98:Middlewares/Third_Party/FatFs/src/drivers/sd_diskio.c **** 
  99:Middlewares/Third_Party/FatFs/src/drivers/sd_diskio.c ****   return Stat;
  52              		.loc 1 99 0
  53 0018 014B     		ldr	r3, .L4
  54 001a 1878     		ldrb	r0, [r3]	@ zero_extendqisi2
 100:Middlewares/Third_Party/FatFs/src/drivers/sd_diskio.c **** }
  55              		.loc 1 100 0
  56 001c 08BD     		pop	{r3, pc}
  57              	.L5:
  58 001e 00BF     		.align	2
  59              	.L4:
  60 0020 00000000 		.word	.LANCHOR0
  61              		.cfi_endproc
  62              	.LFE129:
  64              		.section	.text.SD_status,"ax",%progbits
  65              		.align	1
  66              		.global	SD_status
  67              		.syntax unified
  68              		.thumb
  69              		.thumb_func
  70              		.fpu fpv4-sp-d16
  72              	SD_status:
  73              	.LFB130:
 101:Middlewares/Third_Party/FatFs/src/drivers/sd_diskio.c **** 
ARM GAS  /var/folders/7p/1_dhylqx7nl5s8914_0f_4w00000gn/T//ccwaYVkW.s 			page 4


 102:Middlewares/Third_Party/FatFs/src/drivers/sd_diskio.c **** /**
 103:Middlewares/Third_Party/FatFs/src/drivers/sd_diskio.c ****   * @brief  Gets Disk Status
 104:Middlewares/Third_Party/FatFs/src/drivers/sd_diskio.c ****   * @param  lun : not used
 105:Middlewares/Third_Party/FatFs/src/drivers/sd_diskio.c ****   * @retval DSTATUS: Operation status
 106:Middlewares/Third_Party/FatFs/src/drivers/sd_diskio.c ****   */
 107:Middlewares/Third_Party/FatFs/src/drivers/sd_diskio.c **** DSTATUS SD_status(BYTE lun)
 108:Middlewares/Third_Party/FatFs/src/drivers/sd_diskio.c **** {
  74              		.loc 1 108 0
  75              		.cfi_startproc
  76              		@ args = 0, pretend = 0, frame = 0
  77              		@ frame_needed = 0, uses_anonymous_args = 0
  78              	.LVL2:
  79 0000 08B5     		push	{r3, lr}
  80              	.LCFI1:
  81              		.cfi_def_cfa_offset 8
  82              		.cfi_offset 3, -8
  83              		.cfi_offset 14, -4
 109:Middlewares/Third_Party/FatFs/src/drivers/sd_diskio.c ****   Stat = STA_NOINIT;
  84              		.loc 1 109 0
  85 0002 0122     		movs	r2, #1
  86 0004 064B     		ldr	r3, .L9
  87 0006 1A70     		strb	r2, [r3]
 110:Middlewares/Third_Party/FatFs/src/drivers/sd_diskio.c **** 
 111:Middlewares/Third_Party/FatFs/src/drivers/sd_diskio.c ****   if(BSP_SD_GetCardState() == MSD_OK)
  88              		.loc 1 111 0
  89 0008 FFF7FEFF 		bl	BSP_SD_GetCardState
  90              	.LVL3:
  91 000c 20B9     		cbnz	r0, .L7
 112:Middlewares/Third_Party/FatFs/src/drivers/sd_diskio.c ****   {
 113:Middlewares/Third_Party/FatFs/src/drivers/sd_diskio.c ****     Stat &= ~STA_NOINIT;
  92              		.loc 1 113 0
  93 000e 044A     		ldr	r2, .L9
  94 0010 1378     		ldrb	r3, [r2]	@ zero_extendqisi2
  95 0012 03F0FE03 		and	r3, r3, #254
  96 0016 1370     		strb	r3, [r2]
  97              	.L7:
 114:Middlewares/Third_Party/FatFs/src/drivers/sd_diskio.c ****   }
 115:Middlewares/Third_Party/FatFs/src/drivers/sd_diskio.c ****   
 116:Middlewares/Third_Party/FatFs/src/drivers/sd_diskio.c ****   return Stat;
  98              		.loc 1 116 0
  99 0018 014B     		ldr	r3, .L9
 100 001a 1878     		ldrb	r0, [r3]	@ zero_extendqisi2
 117:Middlewares/Third_Party/FatFs/src/drivers/sd_diskio.c **** }
 101              		.loc 1 117 0
 102 001c 08BD     		pop	{r3, pc}
 103              	.L10:
 104 001e 00BF     		.align	2
 105              	.L9:
 106 0020 00000000 		.word	.LANCHOR0
 107              		.cfi_endproc
 108              	.LFE130:
 110              		.section	.text.SD_read,"ax",%progbits
 111              		.align	1
 112              		.global	SD_read
 113              		.syntax unified
 114              		.thumb
 115              		.thumb_func
ARM GAS  /var/folders/7p/1_dhylqx7nl5s8914_0f_4w00000gn/T//ccwaYVkW.s 			page 5


 116              		.fpu fpv4-sp-d16
 118              	SD_read:
 119              	.LFB131:
 118:Middlewares/Third_Party/FatFs/src/drivers/sd_diskio.c **** 
 119:Middlewares/Third_Party/FatFs/src/drivers/sd_diskio.c **** /**
 120:Middlewares/Third_Party/FatFs/src/drivers/sd_diskio.c ****   * @brief  Reads Sector(s)
 121:Middlewares/Third_Party/FatFs/src/drivers/sd_diskio.c ****   * @param  lun : not used
 122:Middlewares/Third_Party/FatFs/src/drivers/sd_diskio.c ****   * @param  *buff: Data buffer to store read data
 123:Middlewares/Third_Party/FatFs/src/drivers/sd_diskio.c ****   * @param  sector: Sector address (LBA)
 124:Middlewares/Third_Party/FatFs/src/drivers/sd_diskio.c ****   * @param  count: Number of sectors to read (1..128)
 125:Middlewares/Third_Party/FatFs/src/drivers/sd_diskio.c ****   * @retval DRESULT: Operation result
 126:Middlewares/Third_Party/FatFs/src/drivers/sd_diskio.c ****   */
 127:Middlewares/Third_Party/FatFs/src/drivers/sd_diskio.c **** DRESULT SD_read(BYTE lun, BYTE *buff, DWORD sector, UINT count)
 128:Middlewares/Third_Party/FatFs/src/drivers/sd_diskio.c **** {
 120              		.loc 1 128 0
 121              		.cfi_startproc
 122              		@ args = 0, pretend = 0, frame = 0
 123              		@ frame_needed = 0, uses_anonymous_args = 0
 124              	.LVL4:
 125 0000 10B5     		push	{r4, lr}
 126              	.LCFI2:
 127              		.cfi_def_cfa_offset 8
 128              		.cfi_offset 4, -8
 129              		.cfi_offset 14, -4
 130 0002 0846     		mov	r0, r1
 131              	.LVL5:
 132 0004 1146     		mov	r1, r2
 133              	.LVL6:
 134 0006 1A46     		mov	r2, r3
 135              	.LVL7:
 129:Middlewares/Third_Party/FatFs/src/drivers/sd_diskio.c ****   DRESULT res = RES_ERROR;
 130:Middlewares/Third_Party/FatFs/src/drivers/sd_diskio.c ****   uint32_t timeout = 100000;
 131:Middlewares/Third_Party/FatFs/src/drivers/sd_diskio.c **** 
 132:Middlewares/Third_Party/FatFs/src/drivers/sd_diskio.c ****   if(BSP_SD_ReadBlocks((uint32_t*)buff, 
 136              		.loc 1 132 0
 137 0008 084B     		ldr	r3, .L20
 138              	.LVL8:
 139 000a FFF7FEFF 		bl	BSP_SD_ReadBlocks
 140              	.LVL9:
 141 000e 38B9     		cbnz	r0, .L18
 142 0010 074C     		ldr	r4, .L20+4
 143              	.LVL10:
 144              	.L12:
 133:Middlewares/Third_Party/FatFs/src/drivers/sd_diskio.c ****                        (uint32_t) (sector), 
 134:Middlewares/Third_Party/FatFs/src/drivers/sd_diskio.c ****                        count, SD_DATATIMEOUT) == MSD_OK)
 135:Middlewares/Third_Party/FatFs/src/drivers/sd_diskio.c ****   {
 136:Middlewares/Third_Party/FatFs/src/drivers/sd_diskio.c ****     while(BSP_SD_GetCardState()!= MSD_OK)
 145              		.loc 1 136 0
 146 0012 FFF7FEFF 		bl	BSP_SD_GetCardState
 147              	.LVL11:
 148 0016 28B1     		cbz	r0, .L19
 137:Middlewares/Third_Party/FatFs/src/drivers/sd_diskio.c ****     {
 138:Middlewares/Third_Party/FatFs/src/drivers/sd_diskio.c ****       if (timeout-- == 0)
 149              		.loc 1 138 0
 150 0018 631E     		subs	r3, r4, #1
 151              	.LVL12:
 152 001a 24B1     		cbz	r4, .L16
ARM GAS  /var/folders/7p/1_dhylqx7nl5s8914_0f_4w00000gn/T//ccwaYVkW.s 			page 6


 153 001c 1C46     		mov	r4, r3
 154 001e F8E7     		b	.L12
 155              	.LVL13:
 156              	.L18:
 129:Middlewares/Third_Party/FatFs/src/drivers/sd_diskio.c ****   uint32_t timeout = 100000;
 157              		.loc 1 129 0
 158 0020 0120     		movs	r0, #1
 159 0022 10BD     		pop	{r4, pc}
 160              	.LVL14:
 161              	.L19:
 162 0024 10BD     		pop	{r4, pc}
 163              	.LVL15:
 164              	.L16:
 139:Middlewares/Third_Party/FatFs/src/drivers/sd_diskio.c ****       {
 140:Middlewares/Third_Party/FatFs/src/drivers/sd_diskio.c ****         return RES_ERROR;
 165              		.loc 1 140 0
 166 0026 0120     		movs	r0, #1
 141:Middlewares/Third_Party/FatFs/src/drivers/sd_diskio.c ****       }
 142:Middlewares/Third_Party/FatFs/src/drivers/sd_diskio.c ****     }
 143:Middlewares/Third_Party/FatFs/src/drivers/sd_diskio.c ****     res = RES_OK;
 144:Middlewares/Third_Party/FatFs/src/drivers/sd_diskio.c ****   }
 145:Middlewares/Third_Party/FatFs/src/drivers/sd_diskio.c ****   
 146:Middlewares/Third_Party/FatFs/src/drivers/sd_diskio.c ****   return res;
 147:Middlewares/Third_Party/FatFs/src/drivers/sd_diskio.c **** }
 167              		.loc 1 147 0
 168 0028 10BD     		pop	{r4, pc}
 169              	.L21:
 170 002a 00BF     		.align	2
 171              	.L20:
 172 002c 00E1F505 		.word	100000000
 173 0030 A0860100 		.word	100000
 174              		.cfi_endproc
 175              	.LFE131:
 177              		.section	.text.SD_write,"ax",%progbits
 178              		.align	1
 179              		.global	SD_write
 180              		.syntax unified
 181              		.thumb
 182              		.thumb_func
 183              		.fpu fpv4-sp-d16
 185              	SD_write:
 186              	.LFB132:
 148:Middlewares/Third_Party/FatFs/src/drivers/sd_diskio.c **** 
 149:Middlewares/Third_Party/FatFs/src/drivers/sd_diskio.c **** /**
 150:Middlewares/Third_Party/FatFs/src/drivers/sd_diskio.c ****   * @brief  Writes Sector(s)
 151:Middlewares/Third_Party/FatFs/src/drivers/sd_diskio.c ****   * @param  lun : not used
 152:Middlewares/Third_Party/FatFs/src/drivers/sd_diskio.c ****   * @param  *buff: Data to be written
 153:Middlewares/Third_Party/FatFs/src/drivers/sd_diskio.c ****   * @param  sector: Sector address (LBA)
 154:Middlewares/Third_Party/FatFs/src/drivers/sd_diskio.c ****   * @param  count: Number of sectors to write (1..128)
 155:Middlewares/Third_Party/FatFs/src/drivers/sd_diskio.c ****   * @retval DRESULT: Operation result
 156:Middlewares/Third_Party/FatFs/src/drivers/sd_diskio.c ****   */
 157:Middlewares/Third_Party/FatFs/src/drivers/sd_diskio.c **** #if _USE_WRITE == 1
 158:Middlewares/Third_Party/FatFs/src/drivers/sd_diskio.c **** DRESULT SD_write(BYTE lun, const BYTE *buff, DWORD sector, UINT count)
 159:Middlewares/Third_Party/FatFs/src/drivers/sd_diskio.c **** {
 187              		.loc 1 159 0
 188              		.cfi_startproc
 189              		@ args = 0, pretend = 0, frame = 0
ARM GAS  /var/folders/7p/1_dhylqx7nl5s8914_0f_4w00000gn/T//ccwaYVkW.s 			page 7


 190              		@ frame_needed = 0, uses_anonymous_args = 0
 191              	.LVL16:
 192 0000 10B5     		push	{r4, lr}
 193              	.LCFI3:
 194              		.cfi_def_cfa_offset 8
 195              		.cfi_offset 4, -8
 196              		.cfi_offset 14, -4
 197 0002 0846     		mov	r0, r1
 198              	.LVL17:
 199 0004 1146     		mov	r1, r2
 200              	.LVL18:
 201 0006 1A46     		mov	r2, r3
 202              	.LVL19:
 160:Middlewares/Third_Party/FatFs/src/drivers/sd_diskio.c ****   DRESULT res = RES_ERROR;
 161:Middlewares/Third_Party/FatFs/src/drivers/sd_diskio.c ****   uint32_t timeout = 100000;
 162:Middlewares/Third_Party/FatFs/src/drivers/sd_diskio.c **** 
 163:Middlewares/Third_Party/FatFs/src/drivers/sd_diskio.c ****   if(BSP_SD_WriteBlocks((uint32_t*)buff, 
 203              		.loc 1 163 0
 204 0008 084B     		ldr	r3, .L31
 205              	.LVL20:
 206 000a FFF7FEFF 		bl	BSP_SD_WriteBlocks
 207              	.LVL21:
 208 000e 38B9     		cbnz	r0, .L29
 209 0010 074C     		ldr	r4, .L31+4
 210              	.LVL22:
 211              	.L23:
 164:Middlewares/Third_Party/FatFs/src/drivers/sd_diskio.c ****                         (uint32_t)(sector), 
 165:Middlewares/Third_Party/FatFs/src/drivers/sd_diskio.c ****                         count, SD_DATATIMEOUT) == MSD_OK)
 166:Middlewares/Third_Party/FatFs/src/drivers/sd_diskio.c ****   {
 167:Middlewares/Third_Party/FatFs/src/drivers/sd_diskio.c ****     while(BSP_SD_GetCardState()!= MSD_OK)
 212              		.loc 1 167 0
 213 0012 FFF7FEFF 		bl	BSP_SD_GetCardState
 214              	.LVL23:
 215 0016 28B1     		cbz	r0, .L30
 168:Middlewares/Third_Party/FatFs/src/drivers/sd_diskio.c ****     {
 169:Middlewares/Third_Party/FatFs/src/drivers/sd_diskio.c ****       if (timeout-- == 0)
 216              		.loc 1 169 0
 217 0018 631E     		subs	r3, r4, #1
 218              	.LVL24:
 219 001a 24B1     		cbz	r4, .L27
 220 001c 1C46     		mov	r4, r3
 221 001e F8E7     		b	.L23
 222              	.LVL25:
 223              	.L29:
 160:Middlewares/Third_Party/FatFs/src/drivers/sd_diskio.c ****   uint32_t timeout = 100000;
 224              		.loc 1 160 0
 225 0020 0120     		movs	r0, #1
 226 0022 10BD     		pop	{r4, pc}
 227              	.LVL26:
 228              	.L30:
 229 0024 10BD     		pop	{r4, pc}
 230              	.LVL27:
 231              	.L27:
 170:Middlewares/Third_Party/FatFs/src/drivers/sd_diskio.c ****       {
 171:Middlewares/Third_Party/FatFs/src/drivers/sd_diskio.c ****         return RES_ERROR;
 232              		.loc 1 171 0
 233 0026 0120     		movs	r0, #1
ARM GAS  /var/folders/7p/1_dhylqx7nl5s8914_0f_4w00000gn/T//ccwaYVkW.s 			page 8


 172:Middlewares/Third_Party/FatFs/src/drivers/sd_diskio.c ****       }
 173:Middlewares/Third_Party/FatFs/src/drivers/sd_diskio.c ****     }    
 174:Middlewares/Third_Party/FatFs/src/drivers/sd_diskio.c ****     res = RES_OK;
 175:Middlewares/Third_Party/FatFs/src/drivers/sd_diskio.c ****   }
 176:Middlewares/Third_Party/FatFs/src/drivers/sd_diskio.c ****   
 177:Middlewares/Third_Party/FatFs/src/drivers/sd_diskio.c ****   return res;
 178:Middlewares/Third_Party/FatFs/src/drivers/sd_diskio.c **** }
 234              		.loc 1 178 0
 235 0028 10BD     		pop	{r4, pc}
 236              	.L32:
 237 002a 00BF     		.align	2
 238              	.L31:
 239 002c 00E1F505 		.word	100000000
 240 0030 A0860100 		.word	100000
 241              		.cfi_endproc
 242              	.LFE132:
 244              		.section	.text.SD_ioctl,"ax",%progbits
 245              		.align	1
 246              		.global	SD_ioctl
 247              		.syntax unified
 248              		.thumb
 249              		.thumb_func
 250              		.fpu fpv4-sp-d16
 252              	SD_ioctl:
 253              	.LFB133:
 179:Middlewares/Third_Party/FatFs/src/drivers/sd_diskio.c **** #endif /* _USE_WRITE == 1 */
 180:Middlewares/Third_Party/FatFs/src/drivers/sd_diskio.c **** 
 181:Middlewares/Third_Party/FatFs/src/drivers/sd_diskio.c **** /**
 182:Middlewares/Third_Party/FatFs/src/drivers/sd_diskio.c ****   * @brief  I/O control operation
 183:Middlewares/Third_Party/FatFs/src/drivers/sd_diskio.c ****   * @param  lun : not used
 184:Middlewares/Third_Party/FatFs/src/drivers/sd_diskio.c ****   * @param  cmd: Control code
 185:Middlewares/Third_Party/FatFs/src/drivers/sd_diskio.c ****   * @param  *buff: Buffer to send/receive control data
 186:Middlewares/Third_Party/FatFs/src/drivers/sd_diskio.c ****   * @retval DRESULT: Operation result
 187:Middlewares/Third_Party/FatFs/src/drivers/sd_diskio.c ****   */
 188:Middlewares/Third_Party/FatFs/src/drivers/sd_diskio.c **** #if _USE_IOCTL == 1
 189:Middlewares/Third_Party/FatFs/src/drivers/sd_diskio.c **** DRESULT SD_ioctl(BYTE lun, BYTE cmd, void *buff)
 190:Middlewares/Third_Party/FatFs/src/drivers/sd_diskio.c **** {
 254              		.loc 1 190 0
 255              		.cfi_startproc
 256              		@ args = 0, pretend = 0, frame = 32
 257              		@ frame_needed = 0, uses_anonymous_args = 0
 258              	.LVL28:
 191:Middlewares/Third_Party/FatFs/src/drivers/sd_diskio.c ****   DRESULT res = RES_ERROR;
 192:Middlewares/Third_Party/FatFs/src/drivers/sd_diskio.c ****   BSP_SD_CardInfo CardInfo;
 193:Middlewares/Third_Party/FatFs/src/drivers/sd_diskio.c ****   
 194:Middlewares/Third_Party/FatFs/src/drivers/sd_diskio.c ****   if (Stat & STA_NOINIT) return RES_NOTRDY;
 259              		.loc 1 194 0
 260 0000 144B     		ldr	r3, .L47
 261 0002 1B78     		ldrb	r3, [r3]	@ zero_extendqisi2
 262 0004 13F0010F 		tst	r3, #1
 263 0008 01D0     		beq	.L46
 264 000a 0320     		movs	r0, #3
 265              	.LVL29:
 266 000c 7047     		bx	lr
 267              	.LVL30:
 268              	.L46:
 190:Middlewares/Third_Party/FatFs/src/drivers/sd_diskio.c ****   DRESULT res = RES_ERROR;
ARM GAS  /var/folders/7p/1_dhylqx7nl5s8914_0f_4w00000gn/T//ccwaYVkW.s 			page 9


 269              		.loc 1 190 0
 270 000e 10B5     		push	{r4, lr}
 271              	.LCFI4:
 272              		.cfi_def_cfa_offset 8
 273              		.cfi_offset 4, -8
 274              		.cfi_offset 14, -4
 275 0010 88B0     		sub	sp, sp, #32
 276              	.LCFI5:
 277              		.cfi_def_cfa_offset 40
 278 0012 1446     		mov	r4, r2
 195:Middlewares/Third_Party/FatFs/src/drivers/sd_diskio.c ****   
 196:Middlewares/Third_Party/FatFs/src/drivers/sd_diskio.c ****   switch (cmd)
 279              		.loc 1 196 0
 280 0014 0329     		cmp	r1, #3
 281 0016 1BD8     		bhi	.L41
 282 0018 DFE801F0 		tbb	[pc, r1]
 283              	.L36:
 284 001c 02       		.byte	(.L35-.L36)/2
 285 001d 05       		.byte	(.L37-.L36)/2
 286 001e 0C       		.byte	(.L38-.L36)/2
 287 001f 13       		.byte	(.L39-.L36)/2
 288              		.p2align 1
 289              	.L35:
 197:Middlewares/Third_Party/FatFs/src/drivers/sd_diskio.c ****   {
 198:Middlewares/Third_Party/FatFs/src/drivers/sd_diskio.c ****   /* Make sure that no pending write process */
 199:Middlewares/Third_Party/FatFs/src/drivers/sd_diskio.c ****   case CTRL_SYNC :
 200:Middlewares/Third_Party/FatFs/src/drivers/sd_diskio.c ****     res = RES_OK;
 290              		.loc 1 200 0
 291 0020 0020     		movs	r0, #0
 292              	.LVL31:
 293              	.L34:
 201:Middlewares/Third_Party/FatFs/src/drivers/sd_diskio.c ****     break;
 202:Middlewares/Third_Party/FatFs/src/drivers/sd_diskio.c ****   
 203:Middlewares/Third_Party/FatFs/src/drivers/sd_diskio.c ****   /* Get number of sectors on the disk (DWORD) */
 204:Middlewares/Third_Party/FatFs/src/drivers/sd_diskio.c ****   case GET_SECTOR_COUNT :
 205:Middlewares/Third_Party/FatFs/src/drivers/sd_diskio.c ****     BSP_SD_GetCardInfo(&CardInfo);
 206:Middlewares/Third_Party/FatFs/src/drivers/sd_diskio.c ****     *(DWORD*)buff = CardInfo.LogBlockNbr;
 207:Middlewares/Third_Party/FatFs/src/drivers/sd_diskio.c ****     res = RES_OK;
 208:Middlewares/Third_Party/FatFs/src/drivers/sd_diskio.c ****     break;
 209:Middlewares/Third_Party/FatFs/src/drivers/sd_diskio.c ****   
 210:Middlewares/Third_Party/FatFs/src/drivers/sd_diskio.c ****   /* Get R/W sector size (WORD) */
 211:Middlewares/Third_Party/FatFs/src/drivers/sd_diskio.c ****   case GET_SECTOR_SIZE :
 212:Middlewares/Third_Party/FatFs/src/drivers/sd_diskio.c ****     BSP_SD_GetCardInfo(&CardInfo);
 213:Middlewares/Third_Party/FatFs/src/drivers/sd_diskio.c ****     *(WORD*)buff = CardInfo.LogBlockSize;
 214:Middlewares/Third_Party/FatFs/src/drivers/sd_diskio.c ****     res = RES_OK;
 215:Middlewares/Third_Party/FatFs/src/drivers/sd_diskio.c ****     break;
 216:Middlewares/Third_Party/FatFs/src/drivers/sd_diskio.c ****   
 217:Middlewares/Third_Party/FatFs/src/drivers/sd_diskio.c ****   /* Get erase block size in unit of sector (DWORD) */
 218:Middlewares/Third_Party/FatFs/src/drivers/sd_diskio.c ****   case GET_BLOCK_SIZE :
 219:Middlewares/Third_Party/FatFs/src/drivers/sd_diskio.c ****     BSP_SD_GetCardInfo(&CardInfo);
 220:Middlewares/Third_Party/FatFs/src/drivers/sd_diskio.c ****     *(DWORD*)buff = CardInfo.LogBlockSize;
 221:Middlewares/Third_Party/FatFs/src/drivers/sd_diskio.c ****     res = RES_OK;
 222:Middlewares/Third_Party/FatFs/src/drivers/sd_diskio.c ****     break;
 223:Middlewares/Third_Party/FatFs/src/drivers/sd_diskio.c ****   
 224:Middlewares/Third_Party/FatFs/src/drivers/sd_diskio.c ****   default:
 225:Middlewares/Third_Party/FatFs/src/drivers/sd_diskio.c ****     res = RES_PARERR;
 226:Middlewares/Third_Party/FatFs/src/drivers/sd_diskio.c ****   }
ARM GAS  /var/folders/7p/1_dhylqx7nl5s8914_0f_4w00000gn/T//ccwaYVkW.s 			page 10


 227:Middlewares/Third_Party/FatFs/src/drivers/sd_diskio.c ****   
 228:Middlewares/Third_Party/FatFs/src/drivers/sd_diskio.c ****   return res;
 229:Middlewares/Third_Party/FatFs/src/drivers/sd_diskio.c **** }
 294              		.loc 1 229 0
 295 0022 08B0     		add	sp, sp, #32
 296              	.LCFI6:
 297              		.cfi_remember_state
 298              		.cfi_def_cfa_offset 8
 299              		@ sp needed
 300 0024 10BD     		pop	{r4, pc}
 301              	.LVL32:
 302              	.L37:
 303              	.LCFI7:
 304              		.cfi_restore_state
 205:Middlewares/Third_Party/FatFs/src/drivers/sd_diskio.c ****     *(DWORD*)buff = CardInfo.LogBlockNbr;
 305              		.loc 1 205 0
 306 0026 6846     		mov	r0, sp
 307              	.LVL33:
 308 0028 FFF7FEFF 		bl	BSP_SD_GetCardInfo
 309              	.LVL34:
 206:Middlewares/Third_Party/FatFs/src/drivers/sd_diskio.c ****     res = RES_OK;
 310              		.loc 1 206 0
 311 002c 069B     		ldr	r3, [sp, #24]
 312 002e 2360     		str	r3, [r4]
 313              	.LVL35:
 207:Middlewares/Third_Party/FatFs/src/drivers/sd_diskio.c ****     break;
 314              		.loc 1 207 0
 315 0030 0020     		movs	r0, #0
 208:Middlewares/Third_Party/FatFs/src/drivers/sd_diskio.c ****   
 316              		.loc 1 208 0
 317 0032 F6E7     		b	.L34
 318              	.LVL36:
 319              	.L38:
 212:Middlewares/Third_Party/FatFs/src/drivers/sd_diskio.c ****     *(WORD*)buff = CardInfo.LogBlockSize;
 320              		.loc 1 212 0
 321 0034 6846     		mov	r0, sp
 322              	.LVL37:
 323 0036 FFF7FEFF 		bl	BSP_SD_GetCardInfo
 324              	.LVL38:
 213:Middlewares/Third_Party/FatFs/src/drivers/sd_diskio.c ****     res = RES_OK;
 325              		.loc 1 213 0
 326 003a 079B     		ldr	r3, [sp, #28]
 327 003c 2380     		strh	r3, [r4]	@ movhi
 328              	.LVL39:
 214:Middlewares/Third_Party/FatFs/src/drivers/sd_diskio.c ****     break;
 329              		.loc 1 214 0
 330 003e 0020     		movs	r0, #0
 215:Middlewares/Third_Party/FatFs/src/drivers/sd_diskio.c ****   
 331              		.loc 1 215 0
 332 0040 EFE7     		b	.L34
 333              	.LVL40:
 334              	.L39:
 219:Middlewares/Third_Party/FatFs/src/drivers/sd_diskio.c ****     *(DWORD*)buff = CardInfo.LogBlockSize;
 335              		.loc 1 219 0
 336 0042 6846     		mov	r0, sp
 337              	.LVL41:
 338 0044 FFF7FEFF 		bl	BSP_SD_GetCardInfo
ARM GAS  /var/folders/7p/1_dhylqx7nl5s8914_0f_4w00000gn/T//ccwaYVkW.s 			page 11


 339              	.LVL42:
 220:Middlewares/Third_Party/FatFs/src/drivers/sd_diskio.c ****     res = RES_OK;
 340              		.loc 1 220 0
 341 0048 079B     		ldr	r3, [sp, #28]
 342 004a 2360     		str	r3, [r4]
 343              	.LVL43:
 221:Middlewares/Third_Party/FatFs/src/drivers/sd_diskio.c ****     break;
 344              		.loc 1 221 0
 345 004c 0020     		movs	r0, #0
 222:Middlewares/Third_Party/FatFs/src/drivers/sd_diskio.c ****   
 346              		.loc 1 222 0
 347 004e E8E7     		b	.L34
 348              	.LVL44:
 349              	.L41:
 225:Middlewares/Third_Party/FatFs/src/drivers/sd_diskio.c ****   }
 350              		.loc 1 225 0
 351 0050 0420     		movs	r0, #4
 352              	.LVL45:
 353 0052 E6E7     		b	.L34
 354              	.L48:
 355              		.align	2
 356              	.L47:
 357 0054 00000000 		.word	.LANCHOR0
 358              		.cfi_endproc
 359              	.LFE133:
 361              		.global	SD_Driver
 362              		.section	.data.Stat,"aw",%progbits
 363              		.set	.LANCHOR0,. + 0
 366              	Stat:
 367 0000 01       		.byte	1
 368              		.section	.rodata.SD_Driver,"a",%progbits
 369              		.align	2
 372              	SD_Driver:
 373 0000 00000000 		.word	SD_initialize
 374 0004 00000000 		.word	SD_status
 375 0008 00000000 		.word	SD_read
 376 000c 00000000 		.word	SD_write
 377 0010 00000000 		.word	SD_ioctl
 378              		.text
 379              	.Letext0:
 380              		.file 2 "/Users/augustmason/Documents/GitHub/riptide_firmware/STM32/gcc-arm-none-eabi-6-2017-q2-up
 381              		.file 3 "/Users/augustmason/Documents/GitHub/riptide_firmware/STM32/gcc-arm-none-eabi-6-2017-q2-up
 382              		.file 4 "/Users/augustmason/Documents/GitHub/riptide_firmware/STM32/gcc-arm-none-eabi-6-2017-q2-up
 383              		.file 5 "/Users/augustmason/Documents/GitHub/riptide_firmware/STM32/gcc-arm-none-eabi-6-2017-q2-up
 384              		.file 6 "/Users/augustmason/Documents/GitHub/riptide_firmware/STM32/gcc-arm-none-eabi-6-2017-q2-up
 385              		.file 7 "Middlewares/Third_Party/FatFs/src/integer.h"
 386              		.file 8 "Middlewares/Third_Party/FatFs/src/diskio.h"
 387              		.file 9 "/Users/augustmason/Documents/GitHub/riptide_firmware/STM32/gcc-arm-none-eabi-6-2017-q2-up
 388              		.file 10 "Drivers/CMSIS/Include/core_cm4.h"
 389              		.file 11 "Drivers/CMSIS/Device/ST/STM32F4xx/Include/system_stm32f4xx.h"
 390              		.file 12 "Drivers/STM32F4xx_HAL_Driver/Inc/stm32f4xx_hal_sd.h"
 391              		.file 13 "Middlewares/Third_Party/FatFs/src/ff_gen_drv.h"
 392              		.file 14 "Inc/bsp_driver_sd.h"
ARM GAS  /var/folders/7p/1_dhylqx7nl5s8914_0f_4w00000gn/T//ccwaYVkW.s 			page 12


DEFINED SYMBOLS
                            *ABS*:0000000000000000 sd_diskio.c
/var/folders/7p/1_dhylqx7nl5s8914_0f_4w00000gn/T//ccwaYVkW.s:18     .text.SD_initialize:0000000000000000 $t
/var/folders/7p/1_dhylqx7nl5s8914_0f_4w00000gn/T//ccwaYVkW.s:25     .text.SD_initialize:0000000000000000 SD_initialize
/var/folders/7p/1_dhylqx7nl5s8914_0f_4w00000gn/T//ccwaYVkW.s:60     .text.SD_initialize:0000000000000020 $d
/var/folders/7p/1_dhylqx7nl5s8914_0f_4w00000gn/T//ccwaYVkW.s:65     .text.SD_status:0000000000000000 $t
/var/folders/7p/1_dhylqx7nl5s8914_0f_4w00000gn/T//ccwaYVkW.s:72     .text.SD_status:0000000000000000 SD_status
/var/folders/7p/1_dhylqx7nl5s8914_0f_4w00000gn/T//ccwaYVkW.s:106    .text.SD_status:0000000000000020 $d
/var/folders/7p/1_dhylqx7nl5s8914_0f_4w00000gn/T//ccwaYVkW.s:111    .text.SD_read:0000000000000000 $t
/var/folders/7p/1_dhylqx7nl5s8914_0f_4w00000gn/T//ccwaYVkW.s:118    .text.SD_read:0000000000000000 SD_read
/var/folders/7p/1_dhylqx7nl5s8914_0f_4w00000gn/T//ccwaYVkW.s:172    .text.SD_read:000000000000002c $d
/var/folders/7p/1_dhylqx7nl5s8914_0f_4w00000gn/T//ccwaYVkW.s:178    .text.SD_write:0000000000000000 $t
/var/folders/7p/1_dhylqx7nl5s8914_0f_4w00000gn/T//ccwaYVkW.s:185    .text.SD_write:0000000000000000 SD_write
/var/folders/7p/1_dhylqx7nl5s8914_0f_4w00000gn/T//ccwaYVkW.s:239    .text.SD_write:000000000000002c $d
/var/folders/7p/1_dhylqx7nl5s8914_0f_4w00000gn/T//ccwaYVkW.s:245    .text.SD_ioctl:0000000000000000 $t
/var/folders/7p/1_dhylqx7nl5s8914_0f_4w00000gn/T//ccwaYVkW.s:252    .text.SD_ioctl:0000000000000000 SD_ioctl
/var/folders/7p/1_dhylqx7nl5s8914_0f_4w00000gn/T//ccwaYVkW.s:284    .text.SD_ioctl:000000000000001c $d
/var/folders/7p/1_dhylqx7nl5s8914_0f_4w00000gn/T//ccwaYVkW.s:288    .text.SD_ioctl:0000000000000020 $t
/var/folders/7p/1_dhylqx7nl5s8914_0f_4w00000gn/T//ccwaYVkW.s:357    .text.SD_ioctl:0000000000000054 $d
/var/folders/7p/1_dhylqx7nl5s8914_0f_4w00000gn/T//ccwaYVkW.s:372    .rodata.SD_Driver:0000000000000000 SD_Driver
/var/folders/7p/1_dhylqx7nl5s8914_0f_4w00000gn/T//ccwaYVkW.s:366    .data.Stat:0000000000000000 Stat
/var/folders/7p/1_dhylqx7nl5s8914_0f_4w00000gn/T//ccwaYVkW.s:369    .rodata.SD_Driver:0000000000000000 $d
                     .debug_frame:0000000000000010 $d

UNDEFINED SYMBOLS
BSP_SD_Init
BSP_SD_GetCardState
BSP_SD_ReadBlocks
BSP_SD_WriteBlocks
BSP_SD_GetCardInfo
