ARM GAS  /var/folders/7p/1_dhylqx7nl5s8914_0f_4w00000gn/T//ccz0lFM2.s 			page 1


   1              		.cpu cortex-m4
   2              		.eabi_attribute 27, 1
   3              		.eabi_attribute 28, 1
   4              		.eabi_attribute 20, 1
   5              		.eabi_attribute 21, 1
   6              		.eabi_attribute 23, 3
   7              		.eabi_attribute 24, 1
   8              		.eabi_attribute 25, 1
   9              		.eabi_attribute 26, 1
  10              		.eabi_attribute 30, 1
  11              		.eabi_attribute 34, 1
  12              		.eabi_attribute 18, 4
  13              		.file	"stm32f4xx_hal_rng.c"
  14              		.text
  15              	.Ltext0:
  16              		.cfi_sections	.debug_frame
  17              		.section	.text.HAL_RNG_MspInit,"ax",%progbits
  18              		.align	1
  19              		.weak	HAL_RNG_MspInit
  20              		.syntax unified
  21              		.thumb
  22              		.thumb_func
  23              		.fpu fpv4-sp-d16
  25              	HAL_RNG_MspInit:
  26              	.LFB126:
  27              		.file 1 "Drivers/STM32F4xx_HAL_Driver/Src/stm32f4xx_hal_rng.c"
   1:Drivers/STM32F4xx_HAL_Driver/Src/stm32f4xx_hal_rng.c **** /**
   2:Drivers/STM32F4xx_HAL_Driver/Src/stm32f4xx_hal_rng.c ****   ******************************************************************************
   3:Drivers/STM32F4xx_HAL_Driver/Src/stm32f4xx_hal_rng.c ****   * @file    stm32f4xx_hal_rng.c
   4:Drivers/STM32F4xx_HAL_Driver/Src/stm32f4xx_hal_rng.c ****   * @author  MCD Application Team
   5:Drivers/STM32F4xx_HAL_Driver/Src/stm32f4xx_hal_rng.c ****   * @version V1.7.1
   6:Drivers/STM32F4xx_HAL_Driver/Src/stm32f4xx_hal_rng.c ****   * @date    14-April-2017
   7:Drivers/STM32F4xx_HAL_Driver/Src/stm32f4xx_hal_rng.c ****   * @brief   RNG HAL module driver.
   8:Drivers/STM32F4xx_HAL_Driver/Src/stm32f4xx_hal_rng.c ****   *          This file provides firmware functions to manage the following 
   9:Drivers/STM32F4xx_HAL_Driver/Src/stm32f4xx_hal_rng.c ****   *          functionalities of the Random Number Generator (RNG) peripheral:
  10:Drivers/STM32F4xx_HAL_Driver/Src/stm32f4xx_hal_rng.c ****   *           + Initialization/de-initialization functions
  11:Drivers/STM32F4xx_HAL_Driver/Src/stm32f4xx_hal_rng.c ****   *           + Peripheral Control functions 
  12:Drivers/STM32F4xx_HAL_Driver/Src/stm32f4xx_hal_rng.c ****   *           + Peripheral State functions
  13:Drivers/STM32F4xx_HAL_Driver/Src/stm32f4xx_hal_rng.c ****   *         
  14:Drivers/STM32F4xx_HAL_Driver/Src/stm32f4xx_hal_rng.c ****   @verbatim
  15:Drivers/STM32F4xx_HAL_Driver/Src/stm32f4xx_hal_rng.c ****   ==============================================================================
  16:Drivers/STM32F4xx_HAL_Driver/Src/stm32f4xx_hal_rng.c ****                      ##### How to use this driver #####
  17:Drivers/STM32F4xx_HAL_Driver/Src/stm32f4xx_hal_rng.c ****   ==============================================================================
  18:Drivers/STM32F4xx_HAL_Driver/Src/stm32f4xx_hal_rng.c ****   [..]
  19:Drivers/STM32F4xx_HAL_Driver/Src/stm32f4xx_hal_rng.c ****       The RNG HAL driver can be used as follows:
  20:Drivers/STM32F4xx_HAL_Driver/Src/stm32f4xx_hal_rng.c **** 
  21:Drivers/STM32F4xx_HAL_Driver/Src/stm32f4xx_hal_rng.c ****       (#) Enable the RNG controller clock using __HAL_RCC_RNG_CLK_ENABLE() macro 
  22:Drivers/STM32F4xx_HAL_Driver/Src/stm32f4xx_hal_rng.c ****           in HAL_RNG_MspInit().
  23:Drivers/STM32F4xx_HAL_Driver/Src/stm32f4xx_hal_rng.c ****       (#) Activate the RNG peripheral using HAL_RNG_Init() function.
  24:Drivers/STM32F4xx_HAL_Driver/Src/stm32f4xx_hal_rng.c ****       (#) Wait until the 32 bit Random Number Generator contains a valid 
  25:Drivers/STM32F4xx_HAL_Driver/Src/stm32f4xx_hal_rng.c ****           random data using (polling/interrupt) mode.   
  26:Drivers/STM32F4xx_HAL_Driver/Src/stm32f4xx_hal_rng.c ****       (#) Get the 32 bit random number using HAL_RNG_GenerateRandomNumber() function.
  27:Drivers/STM32F4xx_HAL_Driver/Src/stm32f4xx_hal_rng.c ****   
  28:Drivers/STM32F4xx_HAL_Driver/Src/stm32f4xx_hal_rng.c ****   @endverbatim
  29:Drivers/STM32F4xx_HAL_Driver/Src/stm32f4xx_hal_rng.c ****   ******************************************************************************
  30:Drivers/STM32F4xx_HAL_Driver/Src/stm32f4xx_hal_rng.c ****   * @attention
  31:Drivers/STM32F4xx_HAL_Driver/Src/stm32f4xx_hal_rng.c ****   *
ARM GAS  /var/folders/7p/1_dhylqx7nl5s8914_0f_4w00000gn/T//ccz0lFM2.s 			page 2


  32:Drivers/STM32F4xx_HAL_Driver/Src/stm32f4xx_hal_rng.c ****   * <h2><center>&copy; COPYRIGHT(c) 2017 STMicroelectronics</center></h2>
  33:Drivers/STM32F4xx_HAL_Driver/Src/stm32f4xx_hal_rng.c ****   *
  34:Drivers/STM32F4xx_HAL_Driver/Src/stm32f4xx_hal_rng.c ****   * Redistribution and use in source and binary forms, with or without modification,
  35:Drivers/STM32F4xx_HAL_Driver/Src/stm32f4xx_hal_rng.c ****   * are permitted provided that the following conditions are met:
  36:Drivers/STM32F4xx_HAL_Driver/Src/stm32f4xx_hal_rng.c ****   *   1. Redistributions of source code must retain the above copyright notice,
  37:Drivers/STM32F4xx_HAL_Driver/Src/stm32f4xx_hal_rng.c ****   *      this list of conditions and the following disclaimer.
  38:Drivers/STM32F4xx_HAL_Driver/Src/stm32f4xx_hal_rng.c ****   *   2. Redistributions in binary form must reproduce the above copyright notice,
  39:Drivers/STM32F4xx_HAL_Driver/Src/stm32f4xx_hal_rng.c ****   *      this list of conditions and the following disclaimer in the documentation
  40:Drivers/STM32F4xx_HAL_Driver/Src/stm32f4xx_hal_rng.c ****   *      and/or other materials provided with the distribution.
  41:Drivers/STM32F4xx_HAL_Driver/Src/stm32f4xx_hal_rng.c ****   *   3. Neither the name of STMicroelectronics nor the names of its contributors
  42:Drivers/STM32F4xx_HAL_Driver/Src/stm32f4xx_hal_rng.c ****   *      may be used to endorse or promote products derived from this software
  43:Drivers/STM32F4xx_HAL_Driver/Src/stm32f4xx_hal_rng.c ****   *      without specific prior written permission.
  44:Drivers/STM32F4xx_HAL_Driver/Src/stm32f4xx_hal_rng.c ****   *
  45:Drivers/STM32F4xx_HAL_Driver/Src/stm32f4xx_hal_rng.c ****   * THIS SOFTWARE IS PROVIDED BY THE COPYRIGHT HOLDERS AND CONTRIBUTORS "AS IS"
  46:Drivers/STM32F4xx_HAL_Driver/Src/stm32f4xx_hal_rng.c ****   * AND ANY EXPRESS OR IMPLIED WARRANTIES, INCLUDING, BUT NOT LIMITED TO, THE
  47:Drivers/STM32F4xx_HAL_Driver/Src/stm32f4xx_hal_rng.c ****   * IMPLIED WARRANTIES OF MERCHANTABILITY AND FITNESS FOR A PARTICULAR PURPOSE ARE
  48:Drivers/STM32F4xx_HAL_Driver/Src/stm32f4xx_hal_rng.c ****   * DISCLAIMED. IN NO EVENT SHALL THE COPYRIGHT HOLDER OR CONTRIBUTORS BE LIABLE
  49:Drivers/STM32F4xx_HAL_Driver/Src/stm32f4xx_hal_rng.c ****   * FOR ANY DIRECT, INDIRECT, INCIDENTAL, SPECIAL, EXEMPLARY, OR CONSEQUENTIAL
  50:Drivers/STM32F4xx_HAL_Driver/Src/stm32f4xx_hal_rng.c ****   * DAMAGES (INCLUDING, BUT NOT LIMITED TO, PROCUREMENT OF SUBSTITUTE GOODS OR
  51:Drivers/STM32F4xx_HAL_Driver/Src/stm32f4xx_hal_rng.c ****   * SERVICES; LOSS OF USE, DATA, OR PROFITS; OR BUSINESS INTERRUPTION) HOWEVER
  52:Drivers/STM32F4xx_HAL_Driver/Src/stm32f4xx_hal_rng.c ****   * CAUSED AND ON ANY THEORY OF LIABILITY, WHETHER IN CONTRACT, STRICT LIABILITY,
  53:Drivers/STM32F4xx_HAL_Driver/Src/stm32f4xx_hal_rng.c ****   * OR TORT (INCLUDING NEGLIGENCE OR OTHERWISE) ARISING IN ANY WAY OUT OF THE USE
  54:Drivers/STM32F4xx_HAL_Driver/Src/stm32f4xx_hal_rng.c ****   * OF THIS SOFTWARE, EVEN IF ADVISED OF THE POSSIBILITY OF SUCH DAMAGE.
  55:Drivers/STM32F4xx_HAL_Driver/Src/stm32f4xx_hal_rng.c ****   *
  56:Drivers/STM32F4xx_HAL_Driver/Src/stm32f4xx_hal_rng.c ****   ******************************************************************************
  57:Drivers/STM32F4xx_HAL_Driver/Src/stm32f4xx_hal_rng.c ****   */ 
  58:Drivers/STM32F4xx_HAL_Driver/Src/stm32f4xx_hal_rng.c **** 
  59:Drivers/STM32F4xx_HAL_Driver/Src/stm32f4xx_hal_rng.c **** /* Includes ------------------------------------------------------------------*/
  60:Drivers/STM32F4xx_HAL_Driver/Src/stm32f4xx_hal_rng.c **** #include "stm32f4xx_hal.h"
  61:Drivers/STM32F4xx_HAL_Driver/Src/stm32f4xx_hal_rng.c **** 
  62:Drivers/STM32F4xx_HAL_Driver/Src/stm32f4xx_hal_rng.c **** /** @addtogroup STM32F4xx_HAL_Driver
  63:Drivers/STM32F4xx_HAL_Driver/Src/stm32f4xx_hal_rng.c ****   * @{
  64:Drivers/STM32F4xx_HAL_Driver/Src/stm32f4xx_hal_rng.c ****   */
  65:Drivers/STM32F4xx_HAL_Driver/Src/stm32f4xx_hal_rng.c **** 
  66:Drivers/STM32F4xx_HAL_Driver/Src/stm32f4xx_hal_rng.c **** /** @addtogroup RNG 
  67:Drivers/STM32F4xx_HAL_Driver/Src/stm32f4xx_hal_rng.c ****   * @{
  68:Drivers/STM32F4xx_HAL_Driver/Src/stm32f4xx_hal_rng.c ****   */
  69:Drivers/STM32F4xx_HAL_Driver/Src/stm32f4xx_hal_rng.c **** 
  70:Drivers/STM32F4xx_HAL_Driver/Src/stm32f4xx_hal_rng.c **** #ifdef HAL_RNG_MODULE_ENABLED
  71:Drivers/STM32F4xx_HAL_Driver/Src/stm32f4xx_hal_rng.c **** 
  72:Drivers/STM32F4xx_HAL_Driver/Src/stm32f4xx_hal_rng.c **** #if defined(STM32F405xx) || defined(STM32F415xx) || defined(STM32F407xx) || defined(STM32F417xx) ||
  73:Drivers/STM32F4xx_HAL_Driver/Src/stm32f4xx_hal_rng.c ****     defined(STM32F427xx) || defined(STM32F437xx) || defined(STM32F429xx) || defined(STM32F439xx) ||
  74:Drivers/STM32F4xx_HAL_Driver/Src/stm32f4xx_hal_rng.c ****     defined(STM32F410Tx) || defined(STM32F410Cx) || defined(STM32F410Rx) || defined(STM32F469xx) ||
  75:Drivers/STM32F4xx_HAL_Driver/Src/stm32f4xx_hal_rng.c ****     defined(STM32F479xx) || defined(STM32F412Zx) || defined(STM32F412Vx) || defined(STM32F412Rx) ||
  76:Drivers/STM32F4xx_HAL_Driver/Src/stm32f4xx_hal_rng.c ****     defined(STM32F412Cx) || defined(STM32F413xx) || defined(STM32F423xx)
  77:Drivers/STM32F4xx_HAL_Driver/Src/stm32f4xx_hal_rng.c **** 
  78:Drivers/STM32F4xx_HAL_Driver/Src/stm32f4xx_hal_rng.c **** 
  79:Drivers/STM32F4xx_HAL_Driver/Src/stm32f4xx_hal_rng.c **** /* Private types -------------------------------------------------------------*/
  80:Drivers/STM32F4xx_HAL_Driver/Src/stm32f4xx_hal_rng.c **** /* Private defines -----------------------------------------------------------*/
  81:Drivers/STM32F4xx_HAL_Driver/Src/stm32f4xx_hal_rng.c **** /* Private variables ---------------------------------------------------------*/
  82:Drivers/STM32F4xx_HAL_Driver/Src/stm32f4xx_hal_rng.c **** /* Private constants ---------------------------------------------------------*/
  83:Drivers/STM32F4xx_HAL_Driver/Src/stm32f4xx_hal_rng.c **** /** @addtogroup RNG_Private_Constants
  84:Drivers/STM32F4xx_HAL_Driver/Src/stm32f4xx_hal_rng.c ****   * @{
  85:Drivers/STM32F4xx_HAL_Driver/Src/stm32f4xx_hal_rng.c ****   */
  86:Drivers/STM32F4xx_HAL_Driver/Src/stm32f4xx_hal_rng.c **** #define RNG_TIMEOUT_VALUE     2U
  87:Drivers/STM32F4xx_HAL_Driver/Src/stm32f4xx_hal_rng.c **** /**
  88:Drivers/STM32F4xx_HAL_Driver/Src/stm32f4xx_hal_rng.c ****   * @}
ARM GAS  /var/folders/7p/1_dhylqx7nl5s8914_0f_4w00000gn/T//ccz0lFM2.s 			page 3


  89:Drivers/STM32F4xx_HAL_Driver/Src/stm32f4xx_hal_rng.c ****   */ 
  90:Drivers/STM32F4xx_HAL_Driver/Src/stm32f4xx_hal_rng.c **** /* Private macros ------------------------------------------------------------*/
  91:Drivers/STM32F4xx_HAL_Driver/Src/stm32f4xx_hal_rng.c **** /* Private functions prototypes ----------------------------------------------*/
  92:Drivers/STM32F4xx_HAL_Driver/Src/stm32f4xx_hal_rng.c **** /* Private functions ---------------------------------------------------------*/
  93:Drivers/STM32F4xx_HAL_Driver/Src/stm32f4xx_hal_rng.c **** /* Exported functions --------------------------------------------------------*/
  94:Drivers/STM32F4xx_HAL_Driver/Src/stm32f4xx_hal_rng.c **** 
  95:Drivers/STM32F4xx_HAL_Driver/Src/stm32f4xx_hal_rng.c **** /** @addtogroup RNG_Exported_Functions
  96:Drivers/STM32F4xx_HAL_Driver/Src/stm32f4xx_hal_rng.c ****   * @{
  97:Drivers/STM32F4xx_HAL_Driver/Src/stm32f4xx_hal_rng.c ****   */
  98:Drivers/STM32F4xx_HAL_Driver/Src/stm32f4xx_hal_rng.c **** 
  99:Drivers/STM32F4xx_HAL_Driver/Src/stm32f4xx_hal_rng.c **** /** @addtogroup RNG_Exported_Functions_Group1
 100:Drivers/STM32F4xx_HAL_Driver/Src/stm32f4xx_hal_rng.c ****  *  @brief   Initialization and de-initialization functions
 101:Drivers/STM32F4xx_HAL_Driver/Src/stm32f4xx_hal_rng.c ****  *
 102:Drivers/STM32F4xx_HAL_Driver/Src/stm32f4xx_hal_rng.c **** @verbatim
 103:Drivers/STM32F4xx_HAL_Driver/Src/stm32f4xx_hal_rng.c ****  ===============================================================================
 104:Drivers/STM32F4xx_HAL_Driver/Src/stm32f4xx_hal_rng.c ****           ##### Initialization and de-initialization functions #####
 105:Drivers/STM32F4xx_HAL_Driver/Src/stm32f4xx_hal_rng.c ****  ===============================================================================
 106:Drivers/STM32F4xx_HAL_Driver/Src/stm32f4xx_hal_rng.c ****     [..]  This section provides functions allowing to:
 107:Drivers/STM32F4xx_HAL_Driver/Src/stm32f4xx_hal_rng.c ****       (+) Initialize the RNG according to the specified parameters 
 108:Drivers/STM32F4xx_HAL_Driver/Src/stm32f4xx_hal_rng.c ****           in the RNG_InitTypeDef and create the associated handle
 109:Drivers/STM32F4xx_HAL_Driver/Src/stm32f4xx_hal_rng.c ****       (+) DeInitialize the RNG peripheral
 110:Drivers/STM32F4xx_HAL_Driver/Src/stm32f4xx_hal_rng.c ****       (+) Initialize the RNG MSP
 111:Drivers/STM32F4xx_HAL_Driver/Src/stm32f4xx_hal_rng.c ****       (+) DeInitialize RNG MSP 
 112:Drivers/STM32F4xx_HAL_Driver/Src/stm32f4xx_hal_rng.c **** 
 113:Drivers/STM32F4xx_HAL_Driver/Src/stm32f4xx_hal_rng.c **** @endverbatim
 114:Drivers/STM32F4xx_HAL_Driver/Src/stm32f4xx_hal_rng.c ****   * @{
 115:Drivers/STM32F4xx_HAL_Driver/Src/stm32f4xx_hal_rng.c ****   */
 116:Drivers/STM32F4xx_HAL_Driver/Src/stm32f4xx_hal_rng.c ****   
 117:Drivers/STM32F4xx_HAL_Driver/Src/stm32f4xx_hal_rng.c **** /**
 118:Drivers/STM32F4xx_HAL_Driver/Src/stm32f4xx_hal_rng.c ****   * @brief  Initializes the RNG peripheral and creates the associated handle.
 119:Drivers/STM32F4xx_HAL_Driver/Src/stm32f4xx_hal_rng.c ****   * @param  hrng: pointer to a RNG_HandleTypeDef structure that contains
 120:Drivers/STM32F4xx_HAL_Driver/Src/stm32f4xx_hal_rng.c ****   *                the configuration information for RNG.
 121:Drivers/STM32F4xx_HAL_Driver/Src/stm32f4xx_hal_rng.c ****   * @retval HAL status
 122:Drivers/STM32F4xx_HAL_Driver/Src/stm32f4xx_hal_rng.c ****   */
 123:Drivers/STM32F4xx_HAL_Driver/Src/stm32f4xx_hal_rng.c **** HAL_StatusTypeDef HAL_RNG_Init(RNG_HandleTypeDef *hrng)
 124:Drivers/STM32F4xx_HAL_Driver/Src/stm32f4xx_hal_rng.c **** { 
 125:Drivers/STM32F4xx_HAL_Driver/Src/stm32f4xx_hal_rng.c ****   /* Check the RNG handle allocation */
 126:Drivers/STM32F4xx_HAL_Driver/Src/stm32f4xx_hal_rng.c ****   if(hrng == NULL)
 127:Drivers/STM32F4xx_HAL_Driver/Src/stm32f4xx_hal_rng.c ****   {
 128:Drivers/STM32F4xx_HAL_Driver/Src/stm32f4xx_hal_rng.c ****     return HAL_ERROR;
 129:Drivers/STM32F4xx_HAL_Driver/Src/stm32f4xx_hal_rng.c ****   }
 130:Drivers/STM32F4xx_HAL_Driver/Src/stm32f4xx_hal_rng.c ****   
 131:Drivers/STM32F4xx_HAL_Driver/Src/stm32f4xx_hal_rng.c ****   __HAL_LOCK(hrng);
 132:Drivers/STM32F4xx_HAL_Driver/Src/stm32f4xx_hal_rng.c ****   
 133:Drivers/STM32F4xx_HAL_Driver/Src/stm32f4xx_hal_rng.c ****   if(hrng->State == HAL_RNG_STATE_RESET)
 134:Drivers/STM32F4xx_HAL_Driver/Src/stm32f4xx_hal_rng.c ****   {  
 135:Drivers/STM32F4xx_HAL_Driver/Src/stm32f4xx_hal_rng.c ****     /* Allocate lock resource and initialize it */
 136:Drivers/STM32F4xx_HAL_Driver/Src/stm32f4xx_hal_rng.c ****     hrng->Lock = HAL_UNLOCKED;
 137:Drivers/STM32F4xx_HAL_Driver/Src/stm32f4xx_hal_rng.c ****     /* Init the low level hardware */
 138:Drivers/STM32F4xx_HAL_Driver/Src/stm32f4xx_hal_rng.c ****     HAL_RNG_MspInit(hrng);
 139:Drivers/STM32F4xx_HAL_Driver/Src/stm32f4xx_hal_rng.c ****   }
 140:Drivers/STM32F4xx_HAL_Driver/Src/stm32f4xx_hal_rng.c ****   
 141:Drivers/STM32F4xx_HAL_Driver/Src/stm32f4xx_hal_rng.c ****   /* Change RNG peripheral state */
 142:Drivers/STM32F4xx_HAL_Driver/Src/stm32f4xx_hal_rng.c ****   hrng->State = HAL_RNG_STATE_BUSY;
 143:Drivers/STM32F4xx_HAL_Driver/Src/stm32f4xx_hal_rng.c **** 
 144:Drivers/STM32F4xx_HAL_Driver/Src/stm32f4xx_hal_rng.c ****   /* Enable the RNG Peripheral */
 145:Drivers/STM32F4xx_HAL_Driver/Src/stm32f4xx_hal_rng.c ****   __HAL_RNG_ENABLE(hrng);
ARM GAS  /var/folders/7p/1_dhylqx7nl5s8914_0f_4w00000gn/T//ccz0lFM2.s 			page 4


 146:Drivers/STM32F4xx_HAL_Driver/Src/stm32f4xx_hal_rng.c **** 
 147:Drivers/STM32F4xx_HAL_Driver/Src/stm32f4xx_hal_rng.c ****   /* Initialize the RNG state */
 148:Drivers/STM32F4xx_HAL_Driver/Src/stm32f4xx_hal_rng.c ****   hrng->State = HAL_RNG_STATE_READY;
 149:Drivers/STM32F4xx_HAL_Driver/Src/stm32f4xx_hal_rng.c ****   
 150:Drivers/STM32F4xx_HAL_Driver/Src/stm32f4xx_hal_rng.c ****   __HAL_UNLOCK(hrng);
 151:Drivers/STM32F4xx_HAL_Driver/Src/stm32f4xx_hal_rng.c ****   
 152:Drivers/STM32F4xx_HAL_Driver/Src/stm32f4xx_hal_rng.c ****   /* Return function status */
 153:Drivers/STM32F4xx_HAL_Driver/Src/stm32f4xx_hal_rng.c ****   return HAL_OK;
 154:Drivers/STM32F4xx_HAL_Driver/Src/stm32f4xx_hal_rng.c **** }
 155:Drivers/STM32F4xx_HAL_Driver/Src/stm32f4xx_hal_rng.c **** 
 156:Drivers/STM32F4xx_HAL_Driver/Src/stm32f4xx_hal_rng.c **** /**
 157:Drivers/STM32F4xx_HAL_Driver/Src/stm32f4xx_hal_rng.c ****   * @brief  DeInitializes the RNG peripheral. 
 158:Drivers/STM32F4xx_HAL_Driver/Src/stm32f4xx_hal_rng.c ****   * @param  hrng: pointer to a RNG_HandleTypeDef structure that contains
 159:Drivers/STM32F4xx_HAL_Driver/Src/stm32f4xx_hal_rng.c ****   *                the configuration information for RNG.
 160:Drivers/STM32F4xx_HAL_Driver/Src/stm32f4xx_hal_rng.c ****   * @retval HAL status
 161:Drivers/STM32F4xx_HAL_Driver/Src/stm32f4xx_hal_rng.c ****   */
 162:Drivers/STM32F4xx_HAL_Driver/Src/stm32f4xx_hal_rng.c **** HAL_StatusTypeDef HAL_RNG_DeInit(RNG_HandleTypeDef *hrng)
 163:Drivers/STM32F4xx_HAL_Driver/Src/stm32f4xx_hal_rng.c **** { 
 164:Drivers/STM32F4xx_HAL_Driver/Src/stm32f4xx_hal_rng.c ****   /* Check the RNG handle allocation */
 165:Drivers/STM32F4xx_HAL_Driver/Src/stm32f4xx_hal_rng.c ****   if(hrng == NULL)
 166:Drivers/STM32F4xx_HAL_Driver/Src/stm32f4xx_hal_rng.c ****   {
 167:Drivers/STM32F4xx_HAL_Driver/Src/stm32f4xx_hal_rng.c ****     return HAL_ERROR;
 168:Drivers/STM32F4xx_HAL_Driver/Src/stm32f4xx_hal_rng.c ****   }
 169:Drivers/STM32F4xx_HAL_Driver/Src/stm32f4xx_hal_rng.c ****   /* Disable the RNG Peripheral */
 170:Drivers/STM32F4xx_HAL_Driver/Src/stm32f4xx_hal_rng.c ****   CLEAR_BIT(hrng->Instance->CR, RNG_CR_IE | RNG_CR_RNGEN);
 171:Drivers/STM32F4xx_HAL_Driver/Src/stm32f4xx_hal_rng.c ****   
 172:Drivers/STM32F4xx_HAL_Driver/Src/stm32f4xx_hal_rng.c ****   /* Clear RNG interrupt status flags */
 173:Drivers/STM32F4xx_HAL_Driver/Src/stm32f4xx_hal_rng.c ****   CLEAR_BIT(hrng->Instance->SR, RNG_SR_CEIS | RNG_SR_SEIS);
 174:Drivers/STM32F4xx_HAL_Driver/Src/stm32f4xx_hal_rng.c ****   
 175:Drivers/STM32F4xx_HAL_Driver/Src/stm32f4xx_hal_rng.c ****   /* DeInit the low level hardware */
 176:Drivers/STM32F4xx_HAL_Driver/Src/stm32f4xx_hal_rng.c ****   HAL_RNG_MspDeInit(hrng);
 177:Drivers/STM32F4xx_HAL_Driver/Src/stm32f4xx_hal_rng.c ****   
 178:Drivers/STM32F4xx_HAL_Driver/Src/stm32f4xx_hal_rng.c ****   /* Update the RNG state */
 179:Drivers/STM32F4xx_HAL_Driver/Src/stm32f4xx_hal_rng.c ****   hrng->State = HAL_RNG_STATE_RESET; 
 180:Drivers/STM32F4xx_HAL_Driver/Src/stm32f4xx_hal_rng.c **** 
 181:Drivers/STM32F4xx_HAL_Driver/Src/stm32f4xx_hal_rng.c ****   /* Release Lock */
 182:Drivers/STM32F4xx_HAL_Driver/Src/stm32f4xx_hal_rng.c ****   __HAL_UNLOCK(hrng);
 183:Drivers/STM32F4xx_HAL_Driver/Src/stm32f4xx_hal_rng.c ****   
 184:Drivers/STM32F4xx_HAL_Driver/Src/stm32f4xx_hal_rng.c ****   /* Return the function status */
 185:Drivers/STM32F4xx_HAL_Driver/Src/stm32f4xx_hal_rng.c ****   return HAL_OK;
 186:Drivers/STM32F4xx_HAL_Driver/Src/stm32f4xx_hal_rng.c **** }
 187:Drivers/STM32F4xx_HAL_Driver/Src/stm32f4xx_hal_rng.c **** 
 188:Drivers/STM32F4xx_HAL_Driver/Src/stm32f4xx_hal_rng.c **** /**
 189:Drivers/STM32F4xx_HAL_Driver/Src/stm32f4xx_hal_rng.c ****   * @brief  Initializes the RNG MSP.
 190:Drivers/STM32F4xx_HAL_Driver/Src/stm32f4xx_hal_rng.c ****   * @param  hrng: pointer to a RNG_HandleTypeDef structure that contains
 191:Drivers/STM32F4xx_HAL_Driver/Src/stm32f4xx_hal_rng.c ****   *                the configuration information for RNG.
 192:Drivers/STM32F4xx_HAL_Driver/Src/stm32f4xx_hal_rng.c ****   * @retval None
 193:Drivers/STM32F4xx_HAL_Driver/Src/stm32f4xx_hal_rng.c ****   */
 194:Drivers/STM32F4xx_HAL_Driver/Src/stm32f4xx_hal_rng.c **** __weak void HAL_RNG_MspInit(RNG_HandleTypeDef *hrng)
 195:Drivers/STM32F4xx_HAL_Driver/Src/stm32f4xx_hal_rng.c **** {
  28              		.loc 1 195 0
  29              		.cfi_startproc
  30              		@ args = 0, pretend = 0, frame = 0
  31              		@ frame_needed = 0, uses_anonymous_args = 0
  32              		@ link register save eliminated.
  33              	.LVL0:
  34 0000 7047     		bx	lr
ARM GAS  /var/folders/7p/1_dhylqx7nl5s8914_0f_4w00000gn/T//ccz0lFM2.s 			page 5


  35              		.cfi_endproc
  36              	.LFE126:
  38              		.section	.text.HAL_RNG_Init,"ax",%progbits
  39              		.align	1
  40              		.global	HAL_RNG_Init
  41              		.syntax unified
  42              		.thumb
  43              		.thumb_func
  44              		.fpu fpv4-sp-d16
  46              	HAL_RNG_Init:
  47              	.LFB124:
 124:Drivers/STM32F4xx_HAL_Driver/Src/stm32f4xx_hal_rng.c ****   /* Check the RNG handle allocation */
  48              		.loc 1 124 0
  49              		.cfi_startproc
  50              		@ args = 0, pretend = 0, frame = 0
  51              		@ frame_needed = 0, uses_anonymous_args = 0
  52              	.LVL1:
 126:Drivers/STM32F4xx_HAL_Driver/Src/stm32f4xx_hal_rng.c ****   {
  53              		.loc 1 126 0
  54 0000 C0B1     		cbz	r0, .L5
 124:Drivers/STM32F4xx_HAL_Driver/Src/stm32f4xx_hal_rng.c ****   /* Check the RNG handle allocation */
  55              		.loc 1 124 0
  56 0002 10B5     		push	{r4, lr}
  57              	.LCFI0:
  58              		.cfi_def_cfa_offset 8
  59              		.cfi_offset 4, -8
  60              		.cfi_offset 14, -4
  61 0004 0446     		mov	r4, r0
 131:Drivers/STM32F4xx_HAL_Driver/Src/stm32f4xx_hal_rng.c ****   
  62              		.loc 1 131 0
  63 0006 0379     		ldrb	r3, [r0, #4]	@ zero_extendqisi2
  64 0008 012B     		cmp	r3, #1
  65 000a 15D0     		beq	.L6
 131:Drivers/STM32F4xx_HAL_Driver/Src/stm32f4xx_hal_rng.c ****   
  66              		.loc 1 131 0 is_stmt 0 discriminator 2
  67 000c 0123     		movs	r3, #1
  68 000e 0371     		strb	r3, [r0, #4]
 133:Drivers/STM32F4xx_HAL_Driver/Src/stm32f4xx_hal_rng.c ****   {  
  69              		.loc 1 133 0 is_stmt 1 discriminator 2
  70 0010 4379     		ldrb	r3, [r0, #5]	@ zero_extendqisi2
  71 0012 5BB1     		cbz	r3, .L11
  72              	.LVL2:
  73              	.L4:
 142:Drivers/STM32F4xx_HAL_Driver/Src/stm32f4xx_hal_rng.c **** 
  74              		.loc 1 142 0
  75 0014 0223     		movs	r3, #2
  76 0016 6371     		strb	r3, [r4, #5]
 145:Drivers/STM32F4xx_HAL_Driver/Src/stm32f4xx_hal_rng.c **** 
  77              		.loc 1 145 0
  78 0018 2268     		ldr	r2, [r4]
  79 001a 1368     		ldr	r3, [r2]
  80 001c 43F00403 		orr	r3, r3, #4
  81 0020 1360     		str	r3, [r2]
 148:Drivers/STM32F4xx_HAL_Driver/Src/stm32f4xx_hal_rng.c ****   
  82              		.loc 1 148 0
  83 0022 0123     		movs	r3, #1
  84 0024 6371     		strb	r3, [r4, #5]
ARM GAS  /var/folders/7p/1_dhylqx7nl5s8914_0f_4w00000gn/T//ccz0lFM2.s 			page 6


 150:Drivers/STM32F4xx_HAL_Driver/Src/stm32f4xx_hal_rng.c ****   
  85              		.loc 1 150 0
  86 0026 0020     		movs	r0, #0
  87 0028 2071     		strb	r0, [r4, #4]
 153:Drivers/STM32F4xx_HAL_Driver/Src/stm32f4xx_hal_rng.c **** }
  88              		.loc 1 153 0
  89 002a 10BD     		pop	{r4, pc}
  90              	.LVL3:
  91              	.L11:
 136:Drivers/STM32F4xx_HAL_Driver/Src/stm32f4xx_hal_rng.c ****     /* Init the low level hardware */
  92              		.loc 1 136 0
  93 002c 0371     		strb	r3, [r0, #4]
 138:Drivers/STM32F4xx_HAL_Driver/Src/stm32f4xx_hal_rng.c ****   }
  94              		.loc 1 138 0
  95 002e FFF7FEFF 		bl	HAL_RNG_MspInit
  96              	.LVL4:
  97 0032 EFE7     		b	.L4
  98              	.LVL5:
  99              	.L5:
 100              	.LCFI1:
 101              		.cfi_def_cfa_offset 0
 102              		.cfi_restore 4
 103              		.cfi_restore 14
 128:Drivers/STM32F4xx_HAL_Driver/Src/stm32f4xx_hal_rng.c ****   }
 104              		.loc 1 128 0
 105 0034 0120     		movs	r0, #1
 106              	.LVL6:
 107 0036 7047     		bx	lr
 108              	.LVL7:
 109              	.L6:
 110              	.LCFI2:
 111              		.cfi_def_cfa_offset 8
 112              		.cfi_offset 4, -8
 113              		.cfi_offset 14, -4
 131:Drivers/STM32F4xx_HAL_Driver/Src/stm32f4xx_hal_rng.c ****   
 114              		.loc 1 131 0
 115 0038 0220     		movs	r0, #2
 116              	.LVL8:
 154:Drivers/STM32F4xx_HAL_Driver/Src/stm32f4xx_hal_rng.c **** 
 117              		.loc 1 154 0
 118 003a 10BD     		pop	{r4, pc}
 119              		.cfi_endproc
 120              	.LFE124:
 122              		.section	.text.HAL_RNG_MspDeInit,"ax",%progbits
 123              		.align	1
 124              		.weak	HAL_RNG_MspDeInit
 125              		.syntax unified
 126              		.thumb
 127              		.thumb_func
 128              		.fpu fpv4-sp-d16
 130              	HAL_RNG_MspDeInit:
 131              	.LFB127:
 196:Drivers/STM32F4xx_HAL_Driver/Src/stm32f4xx_hal_rng.c ****   /* Prevent unused argument(s) compilation warning */
 197:Drivers/STM32F4xx_HAL_Driver/Src/stm32f4xx_hal_rng.c ****   UNUSED(hrng);
 198:Drivers/STM32F4xx_HAL_Driver/Src/stm32f4xx_hal_rng.c ****   /* NOTE : This function should not be modified. When the callback is needed,
 199:Drivers/STM32F4xx_HAL_Driver/Src/stm32f4xx_hal_rng.c ****             function HAL_RNG_MspInit must be implemented in the user file.
 200:Drivers/STM32F4xx_HAL_Driver/Src/stm32f4xx_hal_rng.c ****    */
ARM GAS  /var/folders/7p/1_dhylqx7nl5s8914_0f_4w00000gn/T//ccz0lFM2.s 			page 7


 201:Drivers/STM32F4xx_HAL_Driver/Src/stm32f4xx_hal_rng.c **** }
 202:Drivers/STM32F4xx_HAL_Driver/Src/stm32f4xx_hal_rng.c **** 
 203:Drivers/STM32F4xx_HAL_Driver/Src/stm32f4xx_hal_rng.c **** /**
 204:Drivers/STM32F4xx_HAL_Driver/Src/stm32f4xx_hal_rng.c ****   * @brief  DeInitializes the RNG MSP.
 205:Drivers/STM32F4xx_HAL_Driver/Src/stm32f4xx_hal_rng.c ****   * @param  hrng: pointer to a RNG_HandleTypeDef structure that contains
 206:Drivers/STM32F4xx_HAL_Driver/Src/stm32f4xx_hal_rng.c ****   *                the configuration information for RNG.
 207:Drivers/STM32F4xx_HAL_Driver/Src/stm32f4xx_hal_rng.c ****   * @retval None
 208:Drivers/STM32F4xx_HAL_Driver/Src/stm32f4xx_hal_rng.c ****   */
 209:Drivers/STM32F4xx_HAL_Driver/Src/stm32f4xx_hal_rng.c **** __weak void HAL_RNG_MspDeInit(RNG_HandleTypeDef *hrng)
 210:Drivers/STM32F4xx_HAL_Driver/Src/stm32f4xx_hal_rng.c **** {
 132              		.loc 1 210 0
 133              		.cfi_startproc
 134              		@ args = 0, pretend = 0, frame = 0
 135              		@ frame_needed = 0, uses_anonymous_args = 0
 136              		@ link register save eliminated.
 137              	.LVL9:
 138 0000 7047     		bx	lr
 139              		.cfi_endproc
 140              	.LFE127:
 142              		.section	.text.HAL_RNG_DeInit,"ax",%progbits
 143              		.align	1
 144              		.global	HAL_RNG_DeInit
 145              		.syntax unified
 146              		.thumb
 147              		.thumb_func
 148              		.fpu fpv4-sp-d16
 150              	HAL_RNG_DeInit:
 151              	.LFB125:
 163:Drivers/STM32F4xx_HAL_Driver/Src/stm32f4xx_hal_rng.c ****   /* Check the RNG handle allocation */
 152              		.loc 1 163 0
 153              		.cfi_startproc
 154              		@ args = 0, pretend = 0, frame = 0
 155              		@ frame_needed = 0, uses_anonymous_args = 0
 156              	.LVL10:
 165:Drivers/STM32F4xx_HAL_Driver/Src/stm32f4xx_hal_rng.c ****   {
 157              		.loc 1 165 0
 158 0000 88B1     		cbz	r0, .L15
 163:Drivers/STM32F4xx_HAL_Driver/Src/stm32f4xx_hal_rng.c ****   /* Check the RNG handle allocation */
 159              		.loc 1 163 0
 160 0002 10B5     		push	{r4, lr}
 161              	.LCFI3:
 162              		.cfi_def_cfa_offset 8
 163              		.cfi_offset 4, -8
 164              		.cfi_offset 14, -4
 165 0004 0446     		mov	r4, r0
 170:Drivers/STM32F4xx_HAL_Driver/Src/stm32f4xx_hal_rng.c ****   
 166              		.loc 1 170 0
 167 0006 0268     		ldr	r2, [r0]
 168 0008 1368     		ldr	r3, [r2]
 169 000a 23F00C03 		bic	r3, r3, #12
 170 000e 1360     		str	r3, [r2]
 173:Drivers/STM32F4xx_HAL_Driver/Src/stm32f4xx_hal_rng.c ****   
 171              		.loc 1 173 0
 172 0010 0268     		ldr	r2, [r0]
 173 0012 5368     		ldr	r3, [r2, #4]
 174 0014 23F06003 		bic	r3, r3, #96
 175 0018 5360     		str	r3, [r2, #4]
ARM GAS  /var/folders/7p/1_dhylqx7nl5s8914_0f_4w00000gn/T//ccz0lFM2.s 			page 8


 176:Drivers/STM32F4xx_HAL_Driver/Src/stm32f4xx_hal_rng.c ****   
 176              		.loc 1 176 0
 177 001a FFF7FEFF 		bl	HAL_RNG_MspDeInit
 178              	.LVL11:
 179:Drivers/STM32F4xx_HAL_Driver/Src/stm32f4xx_hal_rng.c **** 
 179              		.loc 1 179 0
 180 001e 0020     		movs	r0, #0
 181 0020 6071     		strb	r0, [r4, #5]
 182:Drivers/STM32F4xx_HAL_Driver/Src/stm32f4xx_hal_rng.c ****   
 182              		.loc 1 182 0
 183 0022 2071     		strb	r0, [r4, #4]
 185:Drivers/STM32F4xx_HAL_Driver/Src/stm32f4xx_hal_rng.c **** }
 184              		.loc 1 185 0
 185 0024 10BD     		pop	{r4, pc}
 186              	.LVL12:
 187              	.L15:
 188              	.LCFI4:
 189              		.cfi_def_cfa_offset 0
 190              		.cfi_restore 4
 191              		.cfi_restore 14
 167:Drivers/STM32F4xx_HAL_Driver/Src/stm32f4xx_hal_rng.c ****   }
 192              		.loc 1 167 0
 193 0026 0120     		movs	r0, #1
 194              	.LVL13:
 195 0028 7047     		bx	lr
 196              		.cfi_endproc
 197              	.LFE125:
 199              		.section	.text.HAL_RNG_GenerateRandomNumber,"ax",%progbits
 200              		.align	1
 201              		.global	HAL_RNG_GenerateRandomNumber
 202              		.syntax unified
 203              		.thumb
 204              		.thumb_func
 205              		.fpu fpv4-sp-d16
 207              	HAL_RNG_GenerateRandomNumber:
 208              	.LFB128:
 211:Drivers/STM32F4xx_HAL_Driver/Src/stm32f4xx_hal_rng.c ****   /* Prevent unused argument(s) compilation warning */
 212:Drivers/STM32F4xx_HAL_Driver/Src/stm32f4xx_hal_rng.c ****   UNUSED(hrng);
 213:Drivers/STM32F4xx_HAL_Driver/Src/stm32f4xx_hal_rng.c ****   /* NOTE : This function should not be modified. When the callback is needed,
 214:Drivers/STM32F4xx_HAL_Driver/Src/stm32f4xx_hal_rng.c ****             function HAL_RNG_MspDeInit must be implemented in the user file.
 215:Drivers/STM32F4xx_HAL_Driver/Src/stm32f4xx_hal_rng.c ****    */
 216:Drivers/STM32F4xx_HAL_Driver/Src/stm32f4xx_hal_rng.c **** }
 217:Drivers/STM32F4xx_HAL_Driver/Src/stm32f4xx_hal_rng.c **** 
 218:Drivers/STM32F4xx_HAL_Driver/Src/stm32f4xx_hal_rng.c **** /**
 219:Drivers/STM32F4xx_HAL_Driver/Src/stm32f4xx_hal_rng.c ****   * @}
 220:Drivers/STM32F4xx_HAL_Driver/Src/stm32f4xx_hal_rng.c ****   */
 221:Drivers/STM32F4xx_HAL_Driver/Src/stm32f4xx_hal_rng.c **** 
 222:Drivers/STM32F4xx_HAL_Driver/Src/stm32f4xx_hal_rng.c **** /** @addtogroup RNG_Exported_Functions_Group2
 223:Drivers/STM32F4xx_HAL_Driver/Src/stm32f4xx_hal_rng.c ****  *  @brief   Peripheral Control functions 
 224:Drivers/STM32F4xx_HAL_Driver/Src/stm32f4xx_hal_rng.c ****  *
 225:Drivers/STM32F4xx_HAL_Driver/Src/stm32f4xx_hal_rng.c **** @verbatim   
 226:Drivers/STM32F4xx_HAL_Driver/Src/stm32f4xx_hal_rng.c ****  ===============================================================================
 227:Drivers/STM32F4xx_HAL_Driver/Src/stm32f4xx_hal_rng.c ****                       ##### Peripheral Control functions #####
 228:Drivers/STM32F4xx_HAL_Driver/Src/stm32f4xx_hal_rng.c ****  ===============================================================================  
 229:Drivers/STM32F4xx_HAL_Driver/Src/stm32f4xx_hal_rng.c ****     [..]  This section provides functions allowing to:
 230:Drivers/STM32F4xx_HAL_Driver/Src/stm32f4xx_hal_rng.c ****       (+) Get the 32 bit Random number
 231:Drivers/STM32F4xx_HAL_Driver/Src/stm32f4xx_hal_rng.c ****       (+) Get the 32 bit Random number with interrupt enabled
ARM GAS  /var/folders/7p/1_dhylqx7nl5s8914_0f_4w00000gn/T//ccz0lFM2.s 			page 9


 232:Drivers/STM32F4xx_HAL_Driver/Src/stm32f4xx_hal_rng.c ****       (+) Handle RNG interrupt request 
 233:Drivers/STM32F4xx_HAL_Driver/Src/stm32f4xx_hal_rng.c **** 
 234:Drivers/STM32F4xx_HAL_Driver/Src/stm32f4xx_hal_rng.c **** @endverbatim
 235:Drivers/STM32F4xx_HAL_Driver/Src/stm32f4xx_hal_rng.c ****   * @{
 236:Drivers/STM32F4xx_HAL_Driver/Src/stm32f4xx_hal_rng.c ****   */
 237:Drivers/STM32F4xx_HAL_Driver/Src/stm32f4xx_hal_rng.c ****    
 238:Drivers/STM32F4xx_HAL_Driver/Src/stm32f4xx_hal_rng.c **** /**
 239:Drivers/STM32F4xx_HAL_Driver/Src/stm32f4xx_hal_rng.c ****   * @brief  Generates a 32-bit random number.
 240:Drivers/STM32F4xx_HAL_Driver/Src/stm32f4xx_hal_rng.c ****   * @note   Each time the random number data is read the RNG_FLAG_DRDY flag 
 241:Drivers/STM32F4xx_HAL_Driver/Src/stm32f4xx_hal_rng.c ****   *         is automatically cleared.
 242:Drivers/STM32F4xx_HAL_Driver/Src/stm32f4xx_hal_rng.c ****   * @param  hrng: pointer to a RNG_HandleTypeDef structure that contains
 243:Drivers/STM32F4xx_HAL_Driver/Src/stm32f4xx_hal_rng.c ****   *                the configuration information for RNG.
 244:Drivers/STM32F4xx_HAL_Driver/Src/stm32f4xx_hal_rng.c ****   * @param  random32bit: pointer to generated random number variable if successful.
 245:Drivers/STM32F4xx_HAL_Driver/Src/stm32f4xx_hal_rng.c ****   * @retval HAL status
 246:Drivers/STM32F4xx_HAL_Driver/Src/stm32f4xx_hal_rng.c ****   */
 247:Drivers/STM32F4xx_HAL_Driver/Src/stm32f4xx_hal_rng.c **** 
 248:Drivers/STM32F4xx_HAL_Driver/Src/stm32f4xx_hal_rng.c **** HAL_StatusTypeDef HAL_RNG_GenerateRandomNumber(RNG_HandleTypeDef *hrng, uint32_t *random32bit)
 249:Drivers/STM32F4xx_HAL_Driver/Src/stm32f4xx_hal_rng.c **** {
 209              		.loc 1 249 0
 210              		.cfi_startproc
 211              		@ args = 0, pretend = 0, frame = 0
 212              		@ frame_needed = 0, uses_anonymous_args = 0
 213              	.LVL14:
 250:Drivers/STM32F4xx_HAL_Driver/Src/stm32f4xx_hal_rng.c ****   uint32_t tickstart = 0U;    
 251:Drivers/STM32F4xx_HAL_Driver/Src/stm32f4xx_hal_rng.c ****   HAL_StatusTypeDef status = HAL_OK;
 252:Drivers/STM32F4xx_HAL_Driver/Src/stm32f4xx_hal_rng.c **** 
 253:Drivers/STM32F4xx_HAL_Driver/Src/stm32f4xx_hal_rng.c ****   /* Process Locked */
 254:Drivers/STM32F4xx_HAL_Driver/Src/stm32f4xx_hal_rng.c ****   __HAL_LOCK(hrng); 
 214              		.loc 1 254 0
 215 0000 0379     		ldrb	r3, [r0, #4]	@ zero_extendqisi2
 216 0002 012B     		cmp	r3, #1
 217 0004 28D0     		beq	.L25
 249:Drivers/STM32F4xx_HAL_Driver/Src/stm32f4xx_hal_rng.c ****   uint32_t tickstart = 0U;    
 218              		.loc 1 249 0 discriminator 2
 219 0006 70B5     		push	{r4, r5, r6, lr}
 220              	.LCFI5:
 221              		.cfi_def_cfa_offset 16
 222              		.cfi_offset 4, -16
 223              		.cfi_offset 5, -12
 224              		.cfi_offset 6, -8
 225              		.cfi_offset 14, -4
 226 0008 0D46     		mov	r5, r1
 227 000a 0446     		mov	r4, r0
 228              		.loc 1 254 0 discriminator 2
 229 000c 0123     		movs	r3, #1
 230 000e 0371     		strb	r3, [r0, #4]
 255:Drivers/STM32F4xx_HAL_Driver/Src/stm32f4xx_hal_rng.c ****   
 256:Drivers/STM32F4xx_HAL_Driver/Src/stm32f4xx_hal_rng.c ****   /* Check RNG peripheral state */
 257:Drivers/STM32F4xx_HAL_Driver/Src/stm32f4xx_hal_rng.c ****   if(hrng->State == HAL_RNG_STATE_READY)
 231              		.loc 1 257 0 discriminator 2
 232 0010 4379     		ldrb	r3, [r0, #5]	@ zero_extendqisi2
 233 0012 DBB2     		uxtb	r3, r3
 234 0014 012B     		cmp	r3, #1
 235 0016 03D0     		beq	.L31
 258:Drivers/STM32F4xx_HAL_Driver/Src/stm32f4xx_hal_rng.c ****   {
 259:Drivers/STM32F4xx_HAL_Driver/Src/stm32f4xx_hal_rng.c ****     /* Change RNG peripheral state */  
 260:Drivers/STM32F4xx_HAL_Driver/Src/stm32f4xx_hal_rng.c ****     hrng->State = HAL_RNG_STATE_BUSY;  
ARM GAS  /var/folders/7p/1_dhylqx7nl5s8914_0f_4w00000gn/T//ccz0lFM2.s 			page 10


 261:Drivers/STM32F4xx_HAL_Driver/Src/stm32f4xx_hal_rng.c **** 
 262:Drivers/STM32F4xx_HAL_Driver/Src/stm32f4xx_hal_rng.c ****     /* Get tick */
 263:Drivers/STM32F4xx_HAL_Driver/Src/stm32f4xx_hal_rng.c ****     tickstart = HAL_GetTick();
 264:Drivers/STM32F4xx_HAL_Driver/Src/stm32f4xx_hal_rng.c ****   
 265:Drivers/STM32F4xx_HAL_Driver/Src/stm32f4xx_hal_rng.c ****     /* Check if data register contains valid random data */
 266:Drivers/STM32F4xx_HAL_Driver/Src/stm32f4xx_hal_rng.c ****     while(__HAL_RNG_GET_FLAG(hrng, RNG_FLAG_DRDY) == RESET)
 267:Drivers/STM32F4xx_HAL_Driver/Src/stm32f4xx_hal_rng.c ****     {
 268:Drivers/STM32F4xx_HAL_Driver/Src/stm32f4xx_hal_rng.c ****       if((HAL_GetTick() - tickstart ) > RNG_TIMEOUT_VALUE)
 269:Drivers/STM32F4xx_HAL_Driver/Src/stm32f4xx_hal_rng.c ****       {    
 270:Drivers/STM32F4xx_HAL_Driver/Src/stm32f4xx_hal_rng.c ****         hrng->State = HAL_RNG_STATE_ERROR;
 271:Drivers/STM32F4xx_HAL_Driver/Src/stm32f4xx_hal_rng.c **** 
 272:Drivers/STM32F4xx_HAL_Driver/Src/stm32f4xx_hal_rng.c ****         /* Process Unlocked */
 273:Drivers/STM32F4xx_HAL_Driver/Src/stm32f4xx_hal_rng.c ****         __HAL_UNLOCK(hrng);
 274:Drivers/STM32F4xx_HAL_Driver/Src/stm32f4xx_hal_rng.c ****       
 275:Drivers/STM32F4xx_HAL_Driver/Src/stm32f4xx_hal_rng.c ****         return HAL_TIMEOUT;
 276:Drivers/STM32F4xx_HAL_Driver/Src/stm32f4xx_hal_rng.c ****       } 
 277:Drivers/STM32F4xx_HAL_Driver/Src/stm32f4xx_hal_rng.c ****     }
 278:Drivers/STM32F4xx_HAL_Driver/Src/stm32f4xx_hal_rng.c ****   
 279:Drivers/STM32F4xx_HAL_Driver/Src/stm32f4xx_hal_rng.c ****     /* Get a 32bit Random number */
 280:Drivers/STM32F4xx_HAL_Driver/Src/stm32f4xx_hal_rng.c ****     hrng->RandomNumber = hrng->Instance->DR;
 281:Drivers/STM32F4xx_HAL_Driver/Src/stm32f4xx_hal_rng.c ****     *random32bit = hrng->RandomNumber;
 282:Drivers/STM32F4xx_HAL_Driver/Src/stm32f4xx_hal_rng.c ****   
 283:Drivers/STM32F4xx_HAL_Driver/Src/stm32f4xx_hal_rng.c ****     hrng->State = HAL_RNG_STATE_READY;
 284:Drivers/STM32F4xx_HAL_Driver/Src/stm32f4xx_hal_rng.c ****   }
 285:Drivers/STM32F4xx_HAL_Driver/Src/stm32f4xx_hal_rng.c ****   else
 286:Drivers/STM32F4xx_HAL_Driver/Src/stm32f4xx_hal_rng.c ****   {
 287:Drivers/STM32F4xx_HAL_Driver/Src/stm32f4xx_hal_rng.c ****     status = HAL_ERROR;
 236              		.loc 1 287 0
 237 0018 0120     		movs	r0, #1
 238              	.LVL15:
 239              	.L22:
 288:Drivers/STM32F4xx_HAL_Driver/Src/stm32f4xx_hal_rng.c ****   }
 289:Drivers/STM32F4xx_HAL_Driver/Src/stm32f4xx_hal_rng.c ****   
 290:Drivers/STM32F4xx_HAL_Driver/Src/stm32f4xx_hal_rng.c ****   /* Process Unlocked */
 291:Drivers/STM32F4xx_HAL_Driver/Src/stm32f4xx_hal_rng.c ****   __HAL_UNLOCK(hrng);
 240              		.loc 1 291 0
 241 001a 0023     		movs	r3, #0
 242 001c 2371     		strb	r3, [r4, #4]
 292:Drivers/STM32F4xx_HAL_Driver/Src/stm32f4xx_hal_rng.c ****   
 293:Drivers/STM32F4xx_HAL_Driver/Src/stm32f4xx_hal_rng.c ****   return status;
 243              		.loc 1 293 0
 244 001e 70BD     		pop	{r4, r5, r6, pc}
 245              	.LVL16:
 246              	.L31:
 260:Drivers/STM32F4xx_HAL_Driver/Src/stm32f4xx_hal_rng.c **** 
 247              		.loc 1 260 0
 248 0020 0223     		movs	r3, #2
 249 0022 4371     		strb	r3, [r0, #5]
 263:Drivers/STM32F4xx_HAL_Driver/Src/stm32f4xx_hal_rng.c ****   
 250              		.loc 1 263 0
 251 0024 FFF7FEFF 		bl	HAL_GetTick
 252              	.LVL17:
 253 0028 0646     		mov	r6, r0
 254              	.LVL18:
 255              	.L23:
 266:Drivers/STM32F4xx_HAL_Driver/Src/stm32f4xx_hal_rng.c ****     {
 256              		.loc 1 266 0
ARM GAS  /var/folders/7p/1_dhylqx7nl5s8914_0f_4w00000gn/T//ccz0lFM2.s 			page 11


 257 002a 2368     		ldr	r3, [r4]
 258 002c 5A68     		ldr	r2, [r3, #4]
 259 002e 12F0010F 		tst	r2, #1
 260 0032 0AD1     		bne	.L32
 268:Drivers/STM32F4xx_HAL_Driver/Src/stm32f4xx_hal_rng.c ****       {    
 261              		.loc 1 268 0
 262 0034 FFF7FEFF 		bl	HAL_GetTick
 263              	.LVL19:
 264 0038 801B     		subs	r0, r0, r6
 265 003a 0228     		cmp	r0, #2
 266 003c F5D9     		bls	.L23
 270:Drivers/STM32F4xx_HAL_Driver/Src/stm32f4xx_hal_rng.c **** 
 267              		.loc 1 270 0
 268 003e 0423     		movs	r3, #4
 269 0040 6371     		strb	r3, [r4, #5]
 273:Drivers/STM32F4xx_HAL_Driver/Src/stm32f4xx_hal_rng.c ****       
 270              		.loc 1 273 0
 271 0042 0023     		movs	r3, #0
 272 0044 2371     		strb	r3, [r4, #4]
 275:Drivers/STM32F4xx_HAL_Driver/Src/stm32f4xx_hal_rng.c ****       } 
 273              		.loc 1 275 0
 274 0046 0320     		movs	r0, #3
 275 0048 70BD     		pop	{r4, r5, r6, pc}
 276              	.LVL20:
 277              	.L32:
 280:Drivers/STM32F4xx_HAL_Driver/Src/stm32f4xx_hal_rng.c ****     *random32bit = hrng->RandomNumber;
 278              		.loc 1 280 0
 279 004a 9B68     		ldr	r3, [r3, #8]
 280 004c A360     		str	r3, [r4, #8]
 281:Drivers/STM32F4xx_HAL_Driver/Src/stm32f4xx_hal_rng.c ****   
 281              		.loc 1 281 0
 282 004e 2B60     		str	r3, [r5]
 283:Drivers/STM32F4xx_HAL_Driver/Src/stm32f4xx_hal_rng.c ****   }
 283              		.loc 1 283 0
 284 0050 0123     		movs	r3, #1
 285 0052 6371     		strb	r3, [r4, #5]
 251:Drivers/STM32F4xx_HAL_Driver/Src/stm32f4xx_hal_rng.c **** 
 286              		.loc 1 251 0
 287 0054 0020     		movs	r0, #0
 288 0056 E0E7     		b	.L22
 289              	.LVL21:
 290              	.L25:
 291              	.LCFI6:
 292              		.cfi_def_cfa_offset 0
 293              		.cfi_restore 4
 294              		.cfi_restore 5
 295              		.cfi_restore 6
 296              		.cfi_restore 14
 254:Drivers/STM32F4xx_HAL_Driver/Src/stm32f4xx_hal_rng.c ****   
 297              		.loc 1 254 0
 298 0058 0220     		movs	r0, #2
 299              	.LVL22:
 300 005a 7047     		bx	lr
 301              		.cfi_endproc
 302              	.LFE128:
 304              		.section	.text.HAL_RNG_GenerateRandomNumber_IT,"ax",%progbits
 305              		.align	1
ARM GAS  /var/folders/7p/1_dhylqx7nl5s8914_0f_4w00000gn/T//ccz0lFM2.s 			page 12


 306              		.global	HAL_RNG_GenerateRandomNumber_IT
 307              		.syntax unified
 308              		.thumb
 309              		.thumb_func
 310              		.fpu fpv4-sp-d16
 312              	HAL_RNG_GenerateRandomNumber_IT:
 313              	.LFB129:
 294:Drivers/STM32F4xx_HAL_Driver/Src/stm32f4xx_hal_rng.c **** }
 295:Drivers/STM32F4xx_HAL_Driver/Src/stm32f4xx_hal_rng.c **** 
 296:Drivers/STM32F4xx_HAL_Driver/Src/stm32f4xx_hal_rng.c **** /**
 297:Drivers/STM32F4xx_HAL_Driver/Src/stm32f4xx_hal_rng.c ****   * @brief  Generates a 32-bit random number in interrupt mode.
 298:Drivers/STM32F4xx_HAL_Driver/Src/stm32f4xx_hal_rng.c ****   * @param  hrng: pointer to a RNG_HandleTypeDef structure that contains
 299:Drivers/STM32F4xx_HAL_Driver/Src/stm32f4xx_hal_rng.c ****   *                the configuration information for RNG.
 300:Drivers/STM32F4xx_HAL_Driver/Src/stm32f4xx_hal_rng.c ****   * @retval HAL status
 301:Drivers/STM32F4xx_HAL_Driver/Src/stm32f4xx_hal_rng.c ****   */
 302:Drivers/STM32F4xx_HAL_Driver/Src/stm32f4xx_hal_rng.c **** HAL_StatusTypeDef HAL_RNG_GenerateRandomNumber_IT(RNG_HandleTypeDef *hrng)
 303:Drivers/STM32F4xx_HAL_Driver/Src/stm32f4xx_hal_rng.c **** {
 314              		.loc 1 303 0
 315              		.cfi_startproc
 316              		@ args = 0, pretend = 0, frame = 0
 317              		@ frame_needed = 0, uses_anonymous_args = 0
 318              		@ link register save eliminated.
 319              	.LVL23:
 304:Drivers/STM32F4xx_HAL_Driver/Src/stm32f4xx_hal_rng.c ****   HAL_StatusTypeDef status = HAL_OK;
 305:Drivers/STM32F4xx_HAL_Driver/Src/stm32f4xx_hal_rng.c ****   
 306:Drivers/STM32F4xx_HAL_Driver/Src/stm32f4xx_hal_rng.c ****   /* Process Locked */
 307:Drivers/STM32F4xx_HAL_Driver/Src/stm32f4xx_hal_rng.c ****   __HAL_LOCK(hrng);
 320              		.loc 1 307 0
 321 0000 0379     		ldrb	r3, [r0, #4]	@ zero_extendqisi2
 322 0002 012B     		cmp	r3, #1
 323 0004 14D0     		beq	.L36
 324              		.loc 1 307 0 is_stmt 0 discriminator 2
 325 0006 0123     		movs	r3, #1
 326 0008 0371     		strb	r3, [r0, #4]
 308:Drivers/STM32F4xx_HAL_Driver/Src/stm32f4xx_hal_rng.c ****   
 309:Drivers/STM32F4xx_HAL_Driver/Src/stm32f4xx_hal_rng.c ****   /* Check RNG peripheral state */
 310:Drivers/STM32F4xx_HAL_Driver/Src/stm32f4xx_hal_rng.c ****   if(hrng->State == HAL_RNG_STATE_READY)
 327              		.loc 1 310 0 is_stmt 1 discriminator 2
 328 000a 4379     		ldrb	r3, [r0, #5]	@ zero_extendqisi2
 329 000c DBB2     		uxtb	r3, r3
 330 000e 012B     		cmp	r3, #1
 331 0010 03D0     		beq	.L37
 311:Drivers/STM32F4xx_HAL_Driver/Src/stm32f4xx_hal_rng.c ****   {
 312:Drivers/STM32F4xx_HAL_Driver/Src/stm32f4xx_hal_rng.c ****     /* Change RNG peripheral state */  
 313:Drivers/STM32F4xx_HAL_Driver/Src/stm32f4xx_hal_rng.c ****     hrng->State = HAL_RNG_STATE_BUSY;  
 314:Drivers/STM32F4xx_HAL_Driver/Src/stm32f4xx_hal_rng.c ****   
 315:Drivers/STM32F4xx_HAL_Driver/Src/stm32f4xx_hal_rng.c ****     /* Process Unlocked */
 316:Drivers/STM32F4xx_HAL_Driver/Src/stm32f4xx_hal_rng.c ****     __HAL_UNLOCK(hrng);
 317:Drivers/STM32F4xx_HAL_Driver/Src/stm32f4xx_hal_rng.c ****     
 318:Drivers/STM32F4xx_HAL_Driver/Src/stm32f4xx_hal_rng.c ****     /* Enable the RNG Interrupts: Data Ready, Clock error, Seed error */ 
 319:Drivers/STM32F4xx_HAL_Driver/Src/stm32f4xx_hal_rng.c ****     __HAL_RNG_ENABLE_IT(hrng);
 320:Drivers/STM32F4xx_HAL_Driver/Src/stm32f4xx_hal_rng.c ****   }
 321:Drivers/STM32F4xx_HAL_Driver/Src/stm32f4xx_hal_rng.c ****   else
 322:Drivers/STM32F4xx_HAL_Driver/Src/stm32f4xx_hal_rng.c ****   {
 323:Drivers/STM32F4xx_HAL_Driver/Src/stm32f4xx_hal_rng.c ****     /* Process Unlocked */
 324:Drivers/STM32F4xx_HAL_Driver/Src/stm32f4xx_hal_rng.c ****     __HAL_UNLOCK(hrng);
 332              		.loc 1 324 0
ARM GAS  /var/folders/7p/1_dhylqx7nl5s8914_0f_4w00000gn/T//ccz0lFM2.s 			page 13


 333 0012 0023     		movs	r3, #0
 334 0014 0371     		strb	r3, [r0, #4]
 335              	.LVL24:
 325:Drivers/STM32F4xx_HAL_Driver/Src/stm32f4xx_hal_rng.c ****     
 326:Drivers/STM32F4xx_HAL_Driver/Src/stm32f4xx_hal_rng.c ****     status = HAL_ERROR;
 336              		.loc 1 326 0
 337 0016 0120     		movs	r0, #1
 338              	.LVL25:
 339 0018 7047     		bx	lr
 340              	.LVL26:
 341              	.L37:
 313:Drivers/STM32F4xx_HAL_Driver/Src/stm32f4xx_hal_rng.c ****   
 342              		.loc 1 313 0
 343 001a 0223     		movs	r3, #2
 344 001c 4371     		strb	r3, [r0, #5]
 316:Drivers/STM32F4xx_HAL_Driver/Src/stm32f4xx_hal_rng.c ****     
 345              		.loc 1 316 0
 346 001e 0023     		movs	r3, #0
 347 0020 0371     		strb	r3, [r0, #4]
 319:Drivers/STM32F4xx_HAL_Driver/Src/stm32f4xx_hal_rng.c ****   }
 348              		.loc 1 319 0
 349 0022 0168     		ldr	r1, [r0]
 350 0024 0A68     		ldr	r2, [r1]
 351 0026 42F00802 		orr	r2, r2, #8
 352 002a 0A60     		str	r2, [r1]
 304:Drivers/STM32F4xx_HAL_Driver/Src/stm32f4xx_hal_rng.c ****   
 353              		.loc 1 304 0
 354 002c 1846     		mov	r0, r3
 355              	.LVL27:
 356 002e 7047     		bx	lr
 357              	.LVL28:
 358              	.L36:
 307:Drivers/STM32F4xx_HAL_Driver/Src/stm32f4xx_hal_rng.c ****   
 359              		.loc 1 307 0
 360 0030 0220     		movs	r0, #2
 361              	.LVL29:
 327:Drivers/STM32F4xx_HAL_Driver/Src/stm32f4xx_hal_rng.c ****   }
 328:Drivers/STM32F4xx_HAL_Driver/Src/stm32f4xx_hal_rng.c ****   
 329:Drivers/STM32F4xx_HAL_Driver/Src/stm32f4xx_hal_rng.c ****   return status;
 330:Drivers/STM32F4xx_HAL_Driver/Src/stm32f4xx_hal_rng.c **** }
 362              		.loc 1 330 0
 363 0032 7047     		bx	lr
 364              		.cfi_endproc
 365              	.LFE129:
 367              		.section	.text.HAL_RNG_GetRandomNumber,"ax",%progbits
 368              		.align	1
 369              		.global	HAL_RNG_GetRandomNumber
 370              		.syntax unified
 371              		.thumb
 372              		.thumb_func
 373              		.fpu fpv4-sp-d16
 375              	HAL_RNG_GetRandomNumber:
 376              	.LFB131:
 331:Drivers/STM32F4xx_HAL_Driver/Src/stm32f4xx_hal_rng.c **** 
 332:Drivers/STM32F4xx_HAL_Driver/Src/stm32f4xx_hal_rng.c **** /**
 333:Drivers/STM32F4xx_HAL_Driver/Src/stm32f4xx_hal_rng.c ****   * @brief  Handles RNG interrupt request.
 334:Drivers/STM32F4xx_HAL_Driver/Src/stm32f4xx_hal_rng.c ****   * @note   In the case of a clock error, the RNG is no more able to generate 
ARM GAS  /var/folders/7p/1_dhylqx7nl5s8914_0f_4w00000gn/T//ccz0lFM2.s 			page 14


 335:Drivers/STM32F4xx_HAL_Driver/Src/stm32f4xx_hal_rng.c ****   *         random numbers because the PLL48CLK clock is not correct. User has 
 336:Drivers/STM32F4xx_HAL_Driver/Src/stm32f4xx_hal_rng.c ****   *         to check that the clock controller is correctly configured to provide
 337:Drivers/STM32F4xx_HAL_Driver/Src/stm32f4xx_hal_rng.c ****   *         the RNG clock and clear the CEIS bit using __HAL_RNG_CLEAR_IT(). 
 338:Drivers/STM32F4xx_HAL_Driver/Src/stm32f4xx_hal_rng.c ****   *         The clock error has no impact on the previously generated 
 339:Drivers/STM32F4xx_HAL_Driver/Src/stm32f4xx_hal_rng.c ****   *         random numbers, and the RNG_DR register contents can be used.
 340:Drivers/STM32F4xx_HAL_Driver/Src/stm32f4xx_hal_rng.c ****   * @note   In the case of a seed error, the generation of random numbers is 
 341:Drivers/STM32F4xx_HAL_Driver/Src/stm32f4xx_hal_rng.c ****   *         interrupted as long as the SECS bit is '1'. If a number is 
 342:Drivers/STM32F4xx_HAL_Driver/Src/stm32f4xx_hal_rng.c ****   *         available in the RNG_DR register, it must not be used because it may 
 343:Drivers/STM32F4xx_HAL_Driver/Src/stm32f4xx_hal_rng.c ****   *         not have enough entropy. In this case, it is recommended to clear the 
 344:Drivers/STM32F4xx_HAL_Driver/Src/stm32f4xx_hal_rng.c ****   *         SEIS bit using __HAL_RNG_CLEAR_IT(), then disable and enable 
 345:Drivers/STM32F4xx_HAL_Driver/Src/stm32f4xx_hal_rng.c ****   *         the RNG peripheral to reinitialize and restart the RNG.
 346:Drivers/STM32F4xx_HAL_Driver/Src/stm32f4xx_hal_rng.c ****   * @note   User-written HAL_RNG_ErrorCallback() API is called once whether SEIS
 347:Drivers/STM32F4xx_HAL_Driver/Src/stm32f4xx_hal_rng.c ****   *         or CEIS are set.  
 348:Drivers/STM32F4xx_HAL_Driver/Src/stm32f4xx_hal_rng.c ****   * @param  hrng: pointer to a RNG_HandleTypeDef structure that contains
 349:Drivers/STM32F4xx_HAL_Driver/Src/stm32f4xx_hal_rng.c ****   *                the configuration information for RNG.
 350:Drivers/STM32F4xx_HAL_Driver/Src/stm32f4xx_hal_rng.c ****   * @retval None
 351:Drivers/STM32F4xx_HAL_Driver/Src/stm32f4xx_hal_rng.c **** 
 352:Drivers/STM32F4xx_HAL_Driver/Src/stm32f4xx_hal_rng.c ****   */
 353:Drivers/STM32F4xx_HAL_Driver/Src/stm32f4xx_hal_rng.c **** void HAL_RNG_IRQHandler(RNG_HandleTypeDef *hrng)
 354:Drivers/STM32F4xx_HAL_Driver/Src/stm32f4xx_hal_rng.c **** {
 355:Drivers/STM32F4xx_HAL_Driver/Src/stm32f4xx_hal_rng.c ****   /* RNG clock error interrupt occurred */
 356:Drivers/STM32F4xx_HAL_Driver/Src/stm32f4xx_hal_rng.c ****   if((__HAL_RNG_GET_IT(hrng, RNG_IT_CEI) != RESET) ||  (__HAL_RNG_GET_IT(hrng, RNG_IT_SEI) != RESET
 357:Drivers/STM32F4xx_HAL_Driver/Src/stm32f4xx_hal_rng.c ****   { 
 358:Drivers/STM32F4xx_HAL_Driver/Src/stm32f4xx_hal_rng.c ****     /* Change RNG peripheral state */
 359:Drivers/STM32F4xx_HAL_Driver/Src/stm32f4xx_hal_rng.c ****     hrng->State = HAL_RNG_STATE_ERROR;
 360:Drivers/STM32F4xx_HAL_Driver/Src/stm32f4xx_hal_rng.c ****   
 361:Drivers/STM32F4xx_HAL_Driver/Src/stm32f4xx_hal_rng.c ****     HAL_RNG_ErrorCallback(hrng);
 362:Drivers/STM32F4xx_HAL_Driver/Src/stm32f4xx_hal_rng.c ****     
 363:Drivers/STM32F4xx_HAL_Driver/Src/stm32f4xx_hal_rng.c ****     /* Clear the clock error flag */
 364:Drivers/STM32F4xx_HAL_Driver/Src/stm32f4xx_hal_rng.c ****     __HAL_RNG_CLEAR_IT(hrng, RNG_IT_CEI|RNG_IT_SEI);
 365:Drivers/STM32F4xx_HAL_Driver/Src/stm32f4xx_hal_rng.c ****     
 366:Drivers/STM32F4xx_HAL_Driver/Src/stm32f4xx_hal_rng.c ****   }
 367:Drivers/STM32F4xx_HAL_Driver/Src/stm32f4xx_hal_rng.c ****   
 368:Drivers/STM32F4xx_HAL_Driver/Src/stm32f4xx_hal_rng.c ****   /* Check RNG data ready interrupt occurred */    
 369:Drivers/STM32F4xx_HAL_Driver/Src/stm32f4xx_hal_rng.c ****   if(__HAL_RNG_GET_IT(hrng, RNG_IT_DRDY) != RESET)
 370:Drivers/STM32F4xx_HAL_Driver/Src/stm32f4xx_hal_rng.c ****   {
 371:Drivers/STM32F4xx_HAL_Driver/Src/stm32f4xx_hal_rng.c ****     /* Generate random number once, so disable the IT */
 372:Drivers/STM32F4xx_HAL_Driver/Src/stm32f4xx_hal_rng.c ****     __HAL_RNG_DISABLE_IT(hrng);
 373:Drivers/STM32F4xx_HAL_Driver/Src/stm32f4xx_hal_rng.c ****     
 374:Drivers/STM32F4xx_HAL_Driver/Src/stm32f4xx_hal_rng.c ****     /* Get the 32bit Random number (DRDY flag automatically cleared) */ 
 375:Drivers/STM32F4xx_HAL_Driver/Src/stm32f4xx_hal_rng.c ****     hrng->RandomNumber = hrng->Instance->DR;
 376:Drivers/STM32F4xx_HAL_Driver/Src/stm32f4xx_hal_rng.c ****     
 377:Drivers/STM32F4xx_HAL_Driver/Src/stm32f4xx_hal_rng.c ****     if(hrng->State != HAL_RNG_STATE_ERROR)
 378:Drivers/STM32F4xx_HAL_Driver/Src/stm32f4xx_hal_rng.c ****     {
 379:Drivers/STM32F4xx_HAL_Driver/Src/stm32f4xx_hal_rng.c ****       /* Change RNG peripheral state */
 380:Drivers/STM32F4xx_HAL_Driver/Src/stm32f4xx_hal_rng.c ****       hrng->State = HAL_RNG_STATE_READY; 
 381:Drivers/STM32F4xx_HAL_Driver/Src/stm32f4xx_hal_rng.c ****       
 382:Drivers/STM32F4xx_HAL_Driver/Src/stm32f4xx_hal_rng.c ****       /* Data Ready callback */ 
 383:Drivers/STM32F4xx_HAL_Driver/Src/stm32f4xx_hal_rng.c ****       HAL_RNG_ReadyDataCallback(hrng, hrng->RandomNumber);
 384:Drivers/STM32F4xx_HAL_Driver/Src/stm32f4xx_hal_rng.c ****     } 
 385:Drivers/STM32F4xx_HAL_Driver/Src/stm32f4xx_hal_rng.c ****   }
 386:Drivers/STM32F4xx_HAL_Driver/Src/stm32f4xx_hal_rng.c **** } 
 387:Drivers/STM32F4xx_HAL_Driver/Src/stm32f4xx_hal_rng.c **** 
 388:Drivers/STM32F4xx_HAL_Driver/Src/stm32f4xx_hal_rng.c **** /**
 389:Drivers/STM32F4xx_HAL_Driver/Src/stm32f4xx_hal_rng.c ****   * @brief  Returns generated random number in polling mode (Obsolete)
 390:Drivers/STM32F4xx_HAL_Driver/Src/stm32f4xx_hal_rng.c ****   *         Use HAL_RNG_GenerateRandomNumber() API instead.
 391:Drivers/STM32F4xx_HAL_Driver/Src/stm32f4xx_hal_rng.c ****   * @param  hrng: pointer to a RNG_HandleTypeDef structure that contains
ARM GAS  /var/folders/7p/1_dhylqx7nl5s8914_0f_4w00000gn/T//ccz0lFM2.s 			page 15


 392:Drivers/STM32F4xx_HAL_Driver/Src/stm32f4xx_hal_rng.c ****   *                the configuration information for RNG.
 393:Drivers/STM32F4xx_HAL_Driver/Src/stm32f4xx_hal_rng.c ****   * @retval Random value
 394:Drivers/STM32F4xx_HAL_Driver/Src/stm32f4xx_hal_rng.c ****   */
 395:Drivers/STM32F4xx_HAL_Driver/Src/stm32f4xx_hal_rng.c **** uint32_t HAL_RNG_GetRandomNumber(RNG_HandleTypeDef *hrng)
 396:Drivers/STM32F4xx_HAL_Driver/Src/stm32f4xx_hal_rng.c **** {
 377              		.loc 1 396 0
 378              		.cfi_startproc
 379              		@ args = 0, pretend = 0, frame = 0
 380              		@ frame_needed = 0, uses_anonymous_args = 0
 381              	.LVL30:
 382 0000 10B5     		push	{r4, lr}
 383              	.LCFI7:
 384              		.cfi_def_cfa_offset 8
 385              		.cfi_offset 4, -8
 386              		.cfi_offset 14, -4
 387 0002 0446     		mov	r4, r0
 397:Drivers/STM32F4xx_HAL_Driver/Src/stm32f4xx_hal_rng.c ****   if(HAL_RNG_GenerateRandomNumber(hrng, &(hrng->RandomNumber)) == HAL_OK)
 388              		.loc 1 397 0
 389 0004 00F10801 		add	r1, r0, #8
 390 0008 FFF7FEFF 		bl	HAL_RNG_GenerateRandomNumber
 391              	.LVL31:
 392 000c 08B9     		cbnz	r0, .L40
 398:Drivers/STM32F4xx_HAL_Driver/Src/stm32f4xx_hal_rng.c ****   {
 399:Drivers/STM32F4xx_HAL_Driver/Src/stm32f4xx_hal_rng.c ****     return hrng->RandomNumber; 
 393              		.loc 1 399 0
 394 000e A068     		ldr	r0, [r4, #8]
 395 0010 10BD     		pop	{r4, pc}
 396              	.LVL32:
 397              	.L40:
 400:Drivers/STM32F4xx_HAL_Driver/Src/stm32f4xx_hal_rng.c ****   }
 401:Drivers/STM32F4xx_HAL_Driver/Src/stm32f4xx_hal_rng.c ****   else
 402:Drivers/STM32F4xx_HAL_Driver/Src/stm32f4xx_hal_rng.c ****   {
 403:Drivers/STM32F4xx_HAL_Driver/Src/stm32f4xx_hal_rng.c ****     return 0U;
 398              		.loc 1 403 0
 399 0012 0020     		movs	r0, #0
 404:Drivers/STM32F4xx_HAL_Driver/Src/stm32f4xx_hal_rng.c ****   }
 405:Drivers/STM32F4xx_HAL_Driver/Src/stm32f4xx_hal_rng.c **** }
 400              		.loc 1 405 0
 401 0014 10BD     		pop	{r4, pc}
 402              		.cfi_endproc
 403              	.LFE131:
 405              		.section	.text.HAL_RNG_GetRandomNumber_IT,"ax",%progbits
 406              		.align	1
 407              		.global	HAL_RNG_GetRandomNumber_IT
 408              		.syntax unified
 409              		.thumb
 410              		.thumb_func
 411              		.fpu fpv4-sp-d16
 413              	HAL_RNG_GetRandomNumber_IT:
 414              	.LFB132:
 406:Drivers/STM32F4xx_HAL_Driver/Src/stm32f4xx_hal_rng.c **** 
 407:Drivers/STM32F4xx_HAL_Driver/Src/stm32f4xx_hal_rng.c **** /**
 408:Drivers/STM32F4xx_HAL_Driver/Src/stm32f4xx_hal_rng.c ****   * @brief  Returns a 32-bit random number with interrupt enabled (Obsolete),
 409:Drivers/STM32F4xx_HAL_Driver/Src/stm32f4xx_hal_rng.c ****   *         Use HAL_RNG_GenerateRandomNumber_IT() API instead.
 410:Drivers/STM32F4xx_HAL_Driver/Src/stm32f4xx_hal_rng.c ****   * @param  hrng: pointer to a RNG_HandleTypeDef structure that contains
 411:Drivers/STM32F4xx_HAL_Driver/Src/stm32f4xx_hal_rng.c ****   *                the configuration information for RNG.
 412:Drivers/STM32F4xx_HAL_Driver/Src/stm32f4xx_hal_rng.c ****   * @retval 32-bit random number
ARM GAS  /var/folders/7p/1_dhylqx7nl5s8914_0f_4w00000gn/T//ccz0lFM2.s 			page 16


 413:Drivers/STM32F4xx_HAL_Driver/Src/stm32f4xx_hal_rng.c ****   */
 414:Drivers/STM32F4xx_HAL_Driver/Src/stm32f4xx_hal_rng.c **** uint32_t HAL_RNG_GetRandomNumber_IT(RNG_HandleTypeDef *hrng)
 415:Drivers/STM32F4xx_HAL_Driver/Src/stm32f4xx_hal_rng.c **** {
 415              		.loc 1 415 0
 416              		.cfi_startproc
 417              		@ args = 0, pretend = 0, frame = 0
 418              		@ frame_needed = 0, uses_anonymous_args = 0
 419              		@ link register save eliminated.
 420              	.LVL33:
 416:Drivers/STM32F4xx_HAL_Driver/Src/stm32f4xx_hal_rng.c ****   uint32_t random32bit = 0U;
 417:Drivers/STM32F4xx_HAL_Driver/Src/stm32f4xx_hal_rng.c ****   
 418:Drivers/STM32F4xx_HAL_Driver/Src/stm32f4xx_hal_rng.c ****   /* Process locked */
 419:Drivers/STM32F4xx_HAL_Driver/Src/stm32f4xx_hal_rng.c ****   __HAL_LOCK(hrng);
 421              		.loc 1 419 0
 422 0000 0379     		ldrb	r3, [r0, #4]	@ zero_extendqisi2
 423 0002 012B     		cmp	r3, #1
 424 0004 0AD0     		beq	.L44
 425              		.loc 1 419 0 is_stmt 0 discriminator 2
 426 0006 0123     		movs	r3, #1
 427 0008 0371     		strb	r3, [r0, #4]
 420:Drivers/STM32F4xx_HAL_Driver/Src/stm32f4xx_hal_rng.c ****   
 421:Drivers/STM32F4xx_HAL_Driver/Src/stm32f4xx_hal_rng.c ****   /* Change RNG peripheral state */  
 422:Drivers/STM32F4xx_HAL_Driver/Src/stm32f4xx_hal_rng.c ****   hrng->State = HAL_RNG_STATE_BUSY;  
 428              		.loc 1 422 0 is_stmt 1 discriminator 2
 429 000a 0223     		movs	r3, #2
 430 000c 4371     		strb	r3, [r0, #5]
 423:Drivers/STM32F4xx_HAL_Driver/Src/stm32f4xx_hal_rng.c ****   
 424:Drivers/STM32F4xx_HAL_Driver/Src/stm32f4xx_hal_rng.c ****   /* Get a 32bit Random number */ 
 425:Drivers/STM32F4xx_HAL_Driver/Src/stm32f4xx_hal_rng.c ****   random32bit = hrng->Instance->DR;
 431              		.loc 1 425 0 discriminator 2
 432 000e 0368     		ldr	r3, [r0]
 433 0010 9868     		ldr	r0, [r3, #8]
 434              	.LVL34:
 426:Drivers/STM32F4xx_HAL_Driver/Src/stm32f4xx_hal_rng.c ****   
 427:Drivers/STM32F4xx_HAL_Driver/Src/stm32f4xx_hal_rng.c ****   /* Enable the RNG Interrupts: Data Ready, Clock error, Seed error */ 
 428:Drivers/STM32F4xx_HAL_Driver/Src/stm32f4xx_hal_rng.c ****   __HAL_RNG_ENABLE_IT(hrng); 
 435              		.loc 1 428 0 discriminator 2
 436 0012 1A68     		ldr	r2, [r3]
 437 0014 42F00802 		orr	r2, r2, #8
 438 0018 1A60     		str	r2, [r3]
 429:Drivers/STM32F4xx_HAL_Driver/Src/stm32f4xx_hal_rng.c ****   
 430:Drivers/STM32F4xx_HAL_Driver/Src/stm32f4xx_hal_rng.c ****   /* Return the 32 bit random number */   
 431:Drivers/STM32F4xx_HAL_Driver/Src/stm32f4xx_hal_rng.c ****   return random32bit;
 439              		.loc 1 431 0 discriminator 2
 440 001a 7047     		bx	lr
 441              	.LVL35:
 442              	.L44:
 419:Drivers/STM32F4xx_HAL_Driver/Src/stm32f4xx_hal_rng.c ****   
 443              		.loc 1 419 0
 444 001c 0220     		movs	r0, #2
 445              	.LVL36:
 432:Drivers/STM32F4xx_HAL_Driver/Src/stm32f4xx_hal_rng.c **** }
 446              		.loc 1 432 0
 447 001e 7047     		bx	lr
 448              		.cfi_endproc
 449              	.LFE132:
 451              		.section	.text.HAL_RNG_ReadLastRandomNumber,"ax",%progbits
ARM GAS  /var/folders/7p/1_dhylqx7nl5s8914_0f_4w00000gn/T//ccz0lFM2.s 			page 17


 452              		.align	1
 453              		.global	HAL_RNG_ReadLastRandomNumber
 454              		.syntax unified
 455              		.thumb
 456              		.thumb_func
 457              		.fpu fpv4-sp-d16
 459              	HAL_RNG_ReadLastRandomNumber:
 460              	.LFB133:
 433:Drivers/STM32F4xx_HAL_Driver/Src/stm32f4xx_hal_rng.c **** 
 434:Drivers/STM32F4xx_HAL_Driver/Src/stm32f4xx_hal_rng.c **** /**
 435:Drivers/STM32F4xx_HAL_Driver/Src/stm32f4xx_hal_rng.c ****   * @brief  Read latest generated random number. 
 436:Drivers/STM32F4xx_HAL_Driver/Src/stm32f4xx_hal_rng.c ****   * @param  hrng: pointer to a RNG_HandleTypeDef structure that contains
 437:Drivers/STM32F4xx_HAL_Driver/Src/stm32f4xx_hal_rng.c ****   *                the configuration information for RNG.
 438:Drivers/STM32F4xx_HAL_Driver/Src/stm32f4xx_hal_rng.c ****   * @retval random value
 439:Drivers/STM32F4xx_HAL_Driver/Src/stm32f4xx_hal_rng.c ****   */
 440:Drivers/STM32F4xx_HAL_Driver/Src/stm32f4xx_hal_rng.c **** uint32_t HAL_RNG_ReadLastRandomNumber(RNG_HandleTypeDef *hrng)
 441:Drivers/STM32F4xx_HAL_Driver/Src/stm32f4xx_hal_rng.c **** {
 461              		.loc 1 441 0
 462              		.cfi_startproc
 463              		@ args = 0, pretend = 0, frame = 0
 464              		@ frame_needed = 0, uses_anonymous_args = 0
 465              		@ link register save eliminated.
 466              	.LVL37:
 442:Drivers/STM32F4xx_HAL_Driver/Src/stm32f4xx_hal_rng.c ****   return(hrng->RandomNumber);
 443:Drivers/STM32F4xx_HAL_Driver/Src/stm32f4xx_hal_rng.c **** }
 467              		.loc 1 443 0
 468 0000 8068     		ldr	r0, [r0, #8]
 469              	.LVL38:
 470 0002 7047     		bx	lr
 471              		.cfi_endproc
 472              	.LFE133:
 474              		.section	.text.HAL_RNG_ReadyDataCallback,"ax",%progbits
 475              		.align	1
 476              		.weak	HAL_RNG_ReadyDataCallback
 477              		.syntax unified
 478              		.thumb
 479              		.thumb_func
 480              		.fpu fpv4-sp-d16
 482              	HAL_RNG_ReadyDataCallback:
 483              	.LFB134:
 444:Drivers/STM32F4xx_HAL_Driver/Src/stm32f4xx_hal_rng.c **** 
 445:Drivers/STM32F4xx_HAL_Driver/Src/stm32f4xx_hal_rng.c **** /**
 446:Drivers/STM32F4xx_HAL_Driver/Src/stm32f4xx_hal_rng.c ****   * @brief  Data Ready callback in non-blocking mode. 
 447:Drivers/STM32F4xx_HAL_Driver/Src/stm32f4xx_hal_rng.c ****   * @param  hrng: pointer to a RNG_HandleTypeDef structure that contains
 448:Drivers/STM32F4xx_HAL_Driver/Src/stm32f4xx_hal_rng.c ****   *                the configuration information for RNG.
 449:Drivers/STM32F4xx_HAL_Driver/Src/stm32f4xx_hal_rng.c ****   * @param  random32bit: generated random number.
 450:Drivers/STM32F4xx_HAL_Driver/Src/stm32f4xx_hal_rng.c ****   * @retval None
 451:Drivers/STM32F4xx_HAL_Driver/Src/stm32f4xx_hal_rng.c ****   */
 452:Drivers/STM32F4xx_HAL_Driver/Src/stm32f4xx_hal_rng.c **** __weak void HAL_RNG_ReadyDataCallback(RNG_HandleTypeDef *hrng, uint32_t random32bit)
 453:Drivers/STM32F4xx_HAL_Driver/Src/stm32f4xx_hal_rng.c **** {
 484              		.loc 1 453 0
 485              		.cfi_startproc
 486              		@ args = 0, pretend = 0, frame = 0
 487              		@ frame_needed = 0, uses_anonymous_args = 0
 488              		@ link register save eliminated.
 489              	.LVL39:
 490 0000 7047     		bx	lr
ARM GAS  /var/folders/7p/1_dhylqx7nl5s8914_0f_4w00000gn/T//ccz0lFM2.s 			page 18


 491              		.cfi_endproc
 492              	.LFE134:
 494              		.section	.text.HAL_RNG_ErrorCallback,"ax",%progbits
 495              		.align	1
 496              		.weak	HAL_RNG_ErrorCallback
 497              		.syntax unified
 498              		.thumb
 499              		.thumb_func
 500              		.fpu fpv4-sp-d16
 502              	HAL_RNG_ErrorCallback:
 503              	.LFB135:
 454:Drivers/STM32F4xx_HAL_Driver/Src/stm32f4xx_hal_rng.c ****   /* Prevent unused argument(s) compilation warning */
 455:Drivers/STM32F4xx_HAL_Driver/Src/stm32f4xx_hal_rng.c ****   UNUSED(hrng);
 456:Drivers/STM32F4xx_HAL_Driver/Src/stm32f4xx_hal_rng.c ****   UNUSED(random32bit);
 457:Drivers/STM32F4xx_HAL_Driver/Src/stm32f4xx_hal_rng.c ****   /* NOTE : This function should not be modified. When the callback is needed,
 458:Drivers/STM32F4xx_HAL_Driver/Src/stm32f4xx_hal_rng.c ****             function HAL_RNG_ReadyDataCallback must be implemented in the user file.
 459:Drivers/STM32F4xx_HAL_Driver/Src/stm32f4xx_hal_rng.c ****    */
 460:Drivers/STM32F4xx_HAL_Driver/Src/stm32f4xx_hal_rng.c **** }
 461:Drivers/STM32F4xx_HAL_Driver/Src/stm32f4xx_hal_rng.c **** 
 462:Drivers/STM32F4xx_HAL_Driver/Src/stm32f4xx_hal_rng.c **** /**
 463:Drivers/STM32F4xx_HAL_Driver/Src/stm32f4xx_hal_rng.c ****   * @brief  RNG error callbacks.
 464:Drivers/STM32F4xx_HAL_Driver/Src/stm32f4xx_hal_rng.c ****   * @param  hrng: pointer to a RNG_HandleTypeDef structure that contains
 465:Drivers/STM32F4xx_HAL_Driver/Src/stm32f4xx_hal_rng.c ****   *                the configuration information for RNG.
 466:Drivers/STM32F4xx_HAL_Driver/Src/stm32f4xx_hal_rng.c ****   * @retval None
 467:Drivers/STM32F4xx_HAL_Driver/Src/stm32f4xx_hal_rng.c ****   */
 468:Drivers/STM32F4xx_HAL_Driver/Src/stm32f4xx_hal_rng.c **** __weak void HAL_RNG_ErrorCallback(RNG_HandleTypeDef *hrng)
 469:Drivers/STM32F4xx_HAL_Driver/Src/stm32f4xx_hal_rng.c **** {
 504              		.loc 1 469 0
 505              		.cfi_startproc
 506              		@ args = 0, pretend = 0, frame = 0
 507              		@ frame_needed = 0, uses_anonymous_args = 0
 508              		@ link register save eliminated.
 509              	.LVL40:
 510 0000 7047     		bx	lr
 511              		.cfi_endproc
 512              	.LFE135:
 514              		.section	.text.HAL_RNG_IRQHandler,"ax",%progbits
 515              		.align	1
 516              		.global	HAL_RNG_IRQHandler
 517              		.syntax unified
 518              		.thumb
 519              		.thumb_func
 520              		.fpu fpv4-sp-d16
 522              	HAL_RNG_IRQHandler:
 523              	.LFB130:
 354:Drivers/STM32F4xx_HAL_Driver/Src/stm32f4xx_hal_rng.c ****   /* RNG clock error interrupt occurred */
 524              		.loc 1 354 0
 525              		.cfi_startproc
 526              		@ args = 0, pretend = 0, frame = 0
 527              		@ frame_needed = 0, uses_anonymous_args = 0
 528              	.LVL41:
 354:Drivers/STM32F4xx_HAL_Driver/Src/stm32f4xx_hal_rng.c ****   /* RNG clock error interrupt occurred */
 529              		.loc 1 354 0
 530 0000 10B5     		push	{r4, lr}
 531              	.LCFI8:
 532              		.cfi_def_cfa_offset 8
 533              		.cfi_offset 4, -8
ARM GAS  /var/folders/7p/1_dhylqx7nl5s8914_0f_4w00000gn/T//ccz0lFM2.s 			page 19


 534              		.cfi_offset 14, -4
 535 0002 0446     		mov	r4, r0
 356:Drivers/STM32F4xx_HAL_Driver/Src/stm32f4xx_hal_rng.c ****   { 
 536              		.loc 1 356 0
 537 0004 0368     		ldr	r3, [r0]
 538 0006 5A68     		ldr	r2, [r3, #4]
 539 0008 12F0200F 		tst	r2, #32
 540 000c 03D1     		bne	.L49
 356:Drivers/STM32F4xx_HAL_Driver/Src/stm32f4xx_hal_rng.c ****   { 
 541              		.loc 1 356 0 is_stmt 0 discriminator 1
 542 000e 5B68     		ldr	r3, [r3, #4]
 543 0010 13F0400F 		tst	r3, #64
 544 0014 08D0     		beq	.L50
 545              	.L49:
 359:Drivers/STM32F4xx_HAL_Driver/Src/stm32f4xx_hal_rng.c ****   
 546              		.loc 1 359 0 is_stmt 1
 547 0016 0423     		movs	r3, #4
 548 0018 6371     		strb	r3, [r4, #5]
 361:Drivers/STM32F4xx_HAL_Driver/Src/stm32f4xx_hal_rng.c ****     
 549              		.loc 1 361 0
 550 001a 2046     		mov	r0, r4
 551              	.LVL42:
 552 001c FFF7FEFF 		bl	HAL_RNG_ErrorCallback
 553              	.LVL43:
 364:Drivers/STM32F4xx_HAL_Driver/Src/stm32f4xx_hal_rng.c ****     
 554              		.loc 1 364 0
 555 0020 2368     		ldr	r3, [r4]
 556 0022 6FF06002 		mvn	r2, #96
 557 0026 5A60     		str	r2, [r3, #4]
 558              	.L50:
 369:Drivers/STM32F4xx_HAL_Driver/Src/stm32f4xx_hal_rng.c ****   {
 559              		.loc 1 369 0
 560 0028 2368     		ldr	r3, [r4]
 561 002a 5A68     		ldr	r2, [r3, #4]
 562 002c 12F0010F 		tst	r2, #1
 563 0030 0FD0     		beq	.L48
 372:Drivers/STM32F4xx_HAL_Driver/Src/stm32f4xx_hal_rng.c ****     
 564              		.loc 1 372 0
 565 0032 1A68     		ldr	r2, [r3]
 566 0034 22F00802 		bic	r2, r2, #8
 567 0038 1A60     		str	r2, [r3]
 375:Drivers/STM32F4xx_HAL_Driver/Src/stm32f4xx_hal_rng.c ****     
 568              		.loc 1 375 0
 569 003a 2368     		ldr	r3, [r4]
 570 003c 9968     		ldr	r1, [r3, #8]
 571 003e A160     		str	r1, [r4, #8]
 377:Drivers/STM32F4xx_HAL_Driver/Src/stm32f4xx_hal_rng.c ****     {
 572              		.loc 1 377 0
 573 0040 6379     		ldrb	r3, [r4, #5]	@ zero_extendqisi2
 574 0042 DBB2     		uxtb	r3, r3
 575 0044 042B     		cmp	r3, #4
 576 0046 04D0     		beq	.L48
 380:Drivers/STM32F4xx_HAL_Driver/Src/stm32f4xx_hal_rng.c ****       
 577              		.loc 1 380 0
 578 0048 0123     		movs	r3, #1
 579 004a 6371     		strb	r3, [r4, #5]
 383:Drivers/STM32F4xx_HAL_Driver/Src/stm32f4xx_hal_rng.c ****     } 
ARM GAS  /var/folders/7p/1_dhylqx7nl5s8914_0f_4w00000gn/T//ccz0lFM2.s 			page 20


 580              		.loc 1 383 0
 581 004c 2046     		mov	r0, r4
 582 004e FFF7FEFF 		bl	HAL_RNG_ReadyDataCallback
 583              	.LVL44:
 584              	.L48:
 585 0052 10BD     		pop	{r4, pc}
 586              		.cfi_endproc
 587              	.LFE130:
 589              		.section	.text.HAL_RNG_GetState,"ax",%progbits
 590              		.align	1
 591              		.global	HAL_RNG_GetState
 592              		.syntax unified
 593              		.thumb
 594              		.thumb_func
 595              		.fpu fpv4-sp-d16
 597              	HAL_RNG_GetState:
 598              	.LFB136:
 470:Drivers/STM32F4xx_HAL_Driver/Src/stm32f4xx_hal_rng.c ****   /* Prevent unused argument(s) compilation warning */
 471:Drivers/STM32F4xx_HAL_Driver/Src/stm32f4xx_hal_rng.c ****   UNUSED(hrng);
 472:Drivers/STM32F4xx_HAL_Driver/Src/stm32f4xx_hal_rng.c ****   /* NOTE : This function should not be modified. When the callback is needed,
 473:Drivers/STM32F4xx_HAL_Driver/Src/stm32f4xx_hal_rng.c ****             function HAL_RNG_ErrorCallback must be implemented in the user file.
 474:Drivers/STM32F4xx_HAL_Driver/Src/stm32f4xx_hal_rng.c ****    */
 475:Drivers/STM32F4xx_HAL_Driver/Src/stm32f4xx_hal_rng.c **** }
 476:Drivers/STM32F4xx_HAL_Driver/Src/stm32f4xx_hal_rng.c **** /**
 477:Drivers/STM32F4xx_HAL_Driver/Src/stm32f4xx_hal_rng.c ****   * @}
 478:Drivers/STM32F4xx_HAL_Driver/Src/stm32f4xx_hal_rng.c ****   */ 
 479:Drivers/STM32F4xx_HAL_Driver/Src/stm32f4xx_hal_rng.c **** 
 480:Drivers/STM32F4xx_HAL_Driver/Src/stm32f4xx_hal_rng.c ****   
 481:Drivers/STM32F4xx_HAL_Driver/Src/stm32f4xx_hal_rng.c **** /** @addtogroup RNG_Exported_Functions_Group3
 482:Drivers/STM32F4xx_HAL_Driver/Src/stm32f4xx_hal_rng.c ****  *  @brief   Peripheral State functions 
 483:Drivers/STM32F4xx_HAL_Driver/Src/stm32f4xx_hal_rng.c ****  *
 484:Drivers/STM32F4xx_HAL_Driver/Src/stm32f4xx_hal_rng.c **** @verbatim   
 485:Drivers/STM32F4xx_HAL_Driver/Src/stm32f4xx_hal_rng.c ****  ===============================================================================
 486:Drivers/STM32F4xx_HAL_Driver/Src/stm32f4xx_hal_rng.c ****                       ##### Peripheral State functions #####
 487:Drivers/STM32F4xx_HAL_Driver/Src/stm32f4xx_hal_rng.c ****  ===============================================================================  
 488:Drivers/STM32F4xx_HAL_Driver/Src/stm32f4xx_hal_rng.c ****     [..]
 489:Drivers/STM32F4xx_HAL_Driver/Src/stm32f4xx_hal_rng.c ****     This subsection permits to get in run-time the status of the peripheral 
 490:Drivers/STM32F4xx_HAL_Driver/Src/stm32f4xx_hal_rng.c ****     and the data flow.
 491:Drivers/STM32F4xx_HAL_Driver/Src/stm32f4xx_hal_rng.c **** 
 492:Drivers/STM32F4xx_HAL_Driver/Src/stm32f4xx_hal_rng.c **** @endverbatim
 493:Drivers/STM32F4xx_HAL_Driver/Src/stm32f4xx_hal_rng.c ****   * @{
 494:Drivers/STM32F4xx_HAL_Driver/Src/stm32f4xx_hal_rng.c ****   */
 495:Drivers/STM32F4xx_HAL_Driver/Src/stm32f4xx_hal_rng.c ****   
 496:Drivers/STM32F4xx_HAL_Driver/Src/stm32f4xx_hal_rng.c **** /**
 497:Drivers/STM32F4xx_HAL_Driver/Src/stm32f4xx_hal_rng.c ****   * @brief  Returns the RNG state.
 498:Drivers/STM32F4xx_HAL_Driver/Src/stm32f4xx_hal_rng.c ****   * @param  hrng: pointer to a RNG_HandleTypeDef structure that contains
 499:Drivers/STM32F4xx_HAL_Driver/Src/stm32f4xx_hal_rng.c ****   *                the configuration information for RNG.
 500:Drivers/STM32F4xx_HAL_Driver/Src/stm32f4xx_hal_rng.c ****   * @retval HAL state
 501:Drivers/STM32F4xx_HAL_Driver/Src/stm32f4xx_hal_rng.c ****   */
 502:Drivers/STM32F4xx_HAL_Driver/Src/stm32f4xx_hal_rng.c **** HAL_RNG_StateTypeDef HAL_RNG_GetState(RNG_HandleTypeDef *hrng)
 503:Drivers/STM32F4xx_HAL_Driver/Src/stm32f4xx_hal_rng.c **** {
 599              		.loc 1 503 0
 600              		.cfi_startproc
 601              		@ args = 0, pretend = 0, frame = 0
 602              		@ frame_needed = 0, uses_anonymous_args = 0
 603              		@ link register save eliminated.
 604              	.LVL45:
ARM GAS  /var/folders/7p/1_dhylqx7nl5s8914_0f_4w00000gn/T//ccz0lFM2.s 			page 21


 504:Drivers/STM32F4xx_HAL_Driver/Src/stm32f4xx_hal_rng.c ****   return hrng->State;
 605              		.loc 1 504 0
 606 0000 4079     		ldrb	r0, [r0, #5]	@ zero_extendqisi2
 607              	.LVL46:
 505:Drivers/STM32F4xx_HAL_Driver/Src/stm32f4xx_hal_rng.c **** }
 608              		.loc 1 505 0
 609 0002 7047     		bx	lr
 610              		.cfi_endproc
 611              	.LFE136:
 613              		.text
 614              	.Letext0:
 615              		.file 2 "/Users/augustmason/Documents/GitHub/riptide_firmware/STM32/gcc-arm-none-eabi-6-2017-q2-up
 616              		.file 3 "/Users/augustmason/Documents/GitHub/riptide_firmware/STM32/gcc-arm-none-eabi-6-2017-q2-up
 617              		.file 4 "Drivers/CMSIS/Include/core_cm4.h"
 618              		.file 5 "Drivers/CMSIS/Device/ST/STM32F4xx/Include/system_stm32f4xx.h"
 619              		.file 6 "Drivers/CMSIS/Device/ST/STM32F4xx/Include/stm32f405xx.h"
 620              		.file 7 "/Users/augustmason/Documents/GitHub/riptide_firmware/STM32/gcc-arm-none-eabi-6-2017-q2-up
 621              		.file 8 "/Users/augustmason/Documents/GitHub/riptide_firmware/STM32/gcc-arm-none-eabi-6-2017-q2-up
 622              		.file 9 "/Users/augustmason/Documents/GitHub/riptide_firmware/STM32/gcc-arm-none-eabi-6-2017-q2-up
 623              		.file 10 "/Users/augustmason/Documents/GitHub/riptide_firmware/STM32/gcc-arm-none-eabi-6-2017-q2-u
 624              		.file 11 "Drivers/CMSIS/Device/ST/STM32F4xx/Include/stm32f4xx.h"
 625              		.file 12 "Drivers/STM32F4xx_HAL_Driver/Inc/stm32f4xx_hal_def.h"
 626              		.file 13 "Drivers/STM32F4xx_HAL_Driver/Inc/stm32f4xx_hal_rng.h"
 627              		.file 14 "Drivers/STM32F4xx_HAL_Driver/Inc/stm32f4xx_hal.h"
ARM GAS  /var/folders/7p/1_dhylqx7nl5s8914_0f_4w00000gn/T//ccz0lFM2.s 			page 22


DEFINED SYMBOLS
                            *ABS*:0000000000000000 stm32f4xx_hal_rng.c
/var/folders/7p/1_dhylqx7nl5s8914_0f_4w00000gn/T//ccz0lFM2.s:18     .text.HAL_RNG_MspInit:0000000000000000 $t
/var/folders/7p/1_dhylqx7nl5s8914_0f_4w00000gn/T//ccz0lFM2.s:25     .text.HAL_RNG_MspInit:0000000000000000 HAL_RNG_MspInit
/var/folders/7p/1_dhylqx7nl5s8914_0f_4w00000gn/T//ccz0lFM2.s:39     .text.HAL_RNG_Init:0000000000000000 $t
/var/folders/7p/1_dhylqx7nl5s8914_0f_4w00000gn/T//ccz0lFM2.s:46     .text.HAL_RNG_Init:0000000000000000 HAL_RNG_Init
/var/folders/7p/1_dhylqx7nl5s8914_0f_4w00000gn/T//ccz0lFM2.s:123    .text.HAL_RNG_MspDeInit:0000000000000000 $t
/var/folders/7p/1_dhylqx7nl5s8914_0f_4w00000gn/T//ccz0lFM2.s:130    .text.HAL_RNG_MspDeInit:0000000000000000 HAL_RNG_MspDeInit
/var/folders/7p/1_dhylqx7nl5s8914_0f_4w00000gn/T//ccz0lFM2.s:143    .text.HAL_RNG_DeInit:0000000000000000 $t
/var/folders/7p/1_dhylqx7nl5s8914_0f_4w00000gn/T//ccz0lFM2.s:150    .text.HAL_RNG_DeInit:0000000000000000 HAL_RNG_DeInit
/var/folders/7p/1_dhylqx7nl5s8914_0f_4w00000gn/T//ccz0lFM2.s:200    .text.HAL_RNG_GenerateRandomNumber:0000000000000000 $t
/var/folders/7p/1_dhylqx7nl5s8914_0f_4w00000gn/T//ccz0lFM2.s:207    .text.HAL_RNG_GenerateRandomNumber:0000000000000000 HAL_RNG_GenerateRandomNumber
/var/folders/7p/1_dhylqx7nl5s8914_0f_4w00000gn/T//ccz0lFM2.s:305    .text.HAL_RNG_GenerateRandomNumber_IT:0000000000000000 $t
/var/folders/7p/1_dhylqx7nl5s8914_0f_4w00000gn/T//ccz0lFM2.s:312    .text.HAL_RNG_GenerateRandomNumber_IT:0000000000000000 HAL_RNG_GenerateRandomNumber_IT
/var/folders/7p/1_dhylqx7nl5s8914_0f_4w00000gn/T//ccz0lFM2.s:368    .text.HAL_RNG_GetRandomNumber:0000000000000000 $t
/var/folders/7p/1_dhylqx7nl5s8914_0f_4w00000gn/T//ccz0lFM2.s:375    .text.HAL_RNG_GetRandomNumber:0000000000000000 HAL_RNG_GetRandomNumber
/var/folders/7p/1_dhylqx7nl5s8914_0f_4w00000gn/T//ccz0lFM2.s:406    .text.HAL_RNG_GetRandomNumber_IT:0000000000000000 $t
/var/folders/7p/1_dhylqx7nl5s8914_0f_4w00000gn/T//ccz0lFM2.s:413    .text.HAL_RNG_GetRandomNumber_IT:0000000000000000 HAL_RNG_GetRandomNumber_IT
/var/folders/7p/1_dhylqx7nl5s8914_0f_4w00000gn/T//ccz0lFM2.s:452    .text.HAL_RNG_ReadLastRandomNumber:0000000000000000 $t
/var/folders/7p/1_dhylqx7nl5s8914_0f_4w00000gn/T//ccz0lFM2.s:459    .text.HAL_RNG_ReadLastRandomNumber:0000000000000000 HAL_RNG_ReadLastRandomNumber
/var/folders/7p/1_dhylqx7nl5s8914_0f_4w00000gn/T//ccz0lFM2.s:475    .text.HAL_RNG_ReadyDataCallback:0000000000000000 $t
/var/folders/7p/1_dhylqx7nl5s8914_0f_4w00000gn/T//ccz0lFM2.s:482    .text.HAL_RNG_ReadyDataCallback:0000000000000000 HAL_RNG_ReadyDataCallback
/var/folders/7p/1_dhylqx7nl5s8914_0f_4w00000gn/T//ccz0lFM2.s:495    .text.HAL_RNG_ErrorCallback:0000000000000000 $t
/var/folders/7p/1_dhylqx7nl5s8914_0f_4w00000gn/T//ccz0lFM2.s:502    .text.HAL_RNG_ErrorCallback:0000000000000000 HAL_RNG_ErrorCallback
/var/folders/7p/1_dhylqx7nl5s8914_0f_4w00000gn/T//ccz0lFM2.s:515    .text.HAL_RNG_IRQHandler:0000000000000000 $t
/var/folders/7p/1_dhylqx7nl5s8914_0f_4w00000gn/T//ccz0lFM2.s:522    .text.HAL_RNG_IRQHandler:0000000000000000 HAL_RNG_IRQHandler
/var/folders/7p/1_dhylqx7nl5s8914_0f_4w00000gn/T//ccz0lFM2.s:590    .text.HAL_RNG_GetState:0000000000000000 $t
/var/folders/7p/1_dhylqx7nl5s8914_0f_4w00000gn/T//ccz0lFM2.s:597    .text.HAL_RNG_GetState:0000000000000000 HAL_RNG_GetState
                     .debug_frame:0000000000000010 $d

UNDEFINED SYMBOLS
HAL_GetTick
