ARM GAS  /var/folders/7p/1_dhylqx7nl5s8914_0f_4w00000gn/T//ccOw2R2D.s 			page 1


   1              		.cpu cortex-m4
   2              		.eabi_attribute 27, 1
   3              		.eabi_attribute 28, 1
   4              		.eabi_attribute 20, 1
   5              		.eabi_attribute 21, 1
   6              		.eabi_attribute 23, 3
   7              		.eabi_attribute 24, 1
   8              		.eabi_attribute 25, 1
   9              		.eabi_attribute 26, 1
  10              		.eabi_attribute 30, 1
  11              		.eabi_attribute 34, 1
  12              		.eabi_attribute 18, 4
  13              		.file	"timers.c"
  14              		.text
  15              	.Ltext0:
  16              		.cfi_sections	.debug_frame
  17              	.Letext0:
  18              		.file 1 "/Users/augustmason/Documents/GitHub/riptide_firmware/STMTest/gcc-arm-none-eabi-6-2017-q2-
  19              		.file 2 "/Users/augustmason/Documents/GitHub/riptide_firmware/STMTest/gcc-arm-none-eabi-6-2017-q2-
  20              		.file 3 "/Users/augustmason/Documents/GitHub/riptide_firmware/STMTest/gcc-arm-none-eabi-6-2017-q2-
  21              		.file 4 "/Users/augustmason/Documents/GitHub/riptide_firmware/STMTest/gcc-arm-none-eabi-6-2017-q2-
  22              		.file 5 "/Users/augustmason/Documents/GitHub/riptide_firmware/STMTest/gcc-arm-none-eabi-6-2017-q2-
  23              		.file 6 "/Users/augustmason/Documents/GitHub/riptide_firmware/STMTest/gcc-arm-none-eabi-6-2017-q2-
  24              		.file 7 "/Users/augustmason/Documents/GitHub/riptide_firmware/STMTest/gcc-arm-none-eabi-6-2017-q2-
  25              		.file 8 "Inc/FreeRTOSConfig.h"
ARM GAS  /var/folders/7p/1_dhylqx7nl5s8914_0f_4w00000gn/T//ccOw2R2D.s 			page 2


DEFINED SYMBOLS
                            *ABS*:0000000000000000 timers.c

NO UNDEFINED SYMBOLS
