ARM GAS  /var/folders/7p/1_dhylqx7nl5s8914_0f_4w00000gn/T//ccza1e68.s 			page 1


   1              		.cpu cortex-m4
   2              		.eabi_attribute 27, 1
   3              		.eabi_attribute 28, 1
   4              		.eabi_attribute 20, 1
   5              		.eabi_attribute 21, 1
   6              		.eabi_attribute 23, 3
   7              		.eabi_attribute 24, 1
   8              		.eabi_attribute 25, 1
   9              		.eabi_attribute 26, 1
  10              		.eabi_attribute 30, 1
  11              		.eabi_attribute 34, 1
  12              		.eabi_attribute 18, 4
  13              		.file	"teamThreads.c"
  14              		.text
  15              	.Ltext0:
  16              		.cfi_sections	.debug_frame
  17              		.section	.text.MX_I2C1_Init,"ax",%progbits
  18              		.align	1
  19              		.syntax unified
  20              		.thumb
  21              		.thumb_func
  22              		.fpu fpv4-sp-d16
  24              	MX_I2C1_Init:
  25              	.LFB130:
  26              		.file 1 "Src/teamThreads.c"
   1:Src/teamThreads.c **** //
   2:Src/teamThreads.c **** // Created by August R. Mason on 9/8/17.
   3:Src/teamThreads.c **** //
   4:Src/teamThreads.c **** #include "main.h"
   5:Src/teamThreads.c **** #include "stm32f4xx_hal.h"
   6:Src/teamThreads.c **** #include "cmsis_os.h"
   7:Src/teamThreads.c **** #include "teamThreads.h"
   8:Src/teamThreads.c **** #include "teamDepthSensor.h"
   9:Src/teamThreads.c **** 
  10:Src/teamThreads.c **** //Heartbeat thread function
  11:Src/teamThreads.c **** 
  12:Src/teamThreads.c **** I2C_HandleTypeDef hi2c1;
  13:Src/teamThreads.c **** 
  14:Src/teamThreads.c **** 
  15:Src/teamThreads.c **** static void MX_I2C1_Init(void);
  16:Src/teamThreads.c **** 
  17:Src/teamThreads.c **** void vHeartbeat(void *pvParameters ){
  18:Src/teamThreads.c ****     struct depthSensor sensor;     //define the sensor
  19:Src/teamThreads.c ****     MX_I2C1_Init();
  20:Src/teamThreads.c ****     initializeSensor(&sensor, &hi2c1, 997.0);
  21:Src/teamThreads.c **** 
  22:Src/teamThreads.c ****     for( ;; ){
  23:Src/teamThreads.c ****       HAL_GPIO_TogglePin(GPIOC, GPIO_PIN_6);
  24:Src/teamThreads.c ****       HAL_GPIO_TogglePin(GPIOC, GPIO_PIN_7);
  25:Src/teamThreads.c ****       HAL_Delay(500);
  26:Src/teamThreads.c ****       }
  27:Src/teamThreads.c ****       vTaskDelete(NULL);
  28:Src/teamThreads.c **** }
  29:Src/teamThreads.c **** /*
  30:Src/teamThreads.c **** void vDepthsensor(void *pvParameters ){
  31:Src/teamThreads.c ****     //define sensor
  32:Src/teamThreads.c ****     struct depthSensor sensor;
ARM GAS  /var/folders/7p/1_dhylqx7nl5s8914_0f_4w00000gn/T//ccza1e68.s 			page 2


  33:Src/teamThreads.c ****     //initialize sensor
  34:Src/teamThreads.c ****     sensor.sclPin = depthSCL_Pin;
  35:Src/teamThreads.c ****     sensor.sdaPin = depthSDA_Pin;
  36:Src/teamThreads.c **** 
  37:Src/teamThreads.c ****     for (;; ){
  38:Src/teamThreads.c ****         //read the sensor
  39:Src/teamThreads.c **** 
  40:Src/teamThreads.c ****     }
  41:Src/teamThreads.c **** }
  42:Src/teamThreads.c **** */
  43:Src/teamThreads.c **** 
  44:Src/teamThreads.c **** /* I2C1 init function */
  45:Src/teamThreads.c **** static void MX_I2C1_Init(void)
  46:Src/teamThreads.c **** {
  27              		.loc 1 46 0
  28              		.cfi_startproc
  29              		@ args = 0, pretend = 0, frame = 0
  30              		@ frame_needed = 0, uses_anonymous_args = 0
  31 0000 08B5     		push	{r3, lr}
  32              	.LCFI0:
  33              		.cfi_def_cfa_offset 8
  34              		.cfi_offset 3, -8
  35              		.cfi_offset 14, -4
  47:Src/teamThreads.c **** 
  48:Src/teamThreads.c ****     hi2c1.Instance = I2C1;
  36              		.loc 1 48 0
  37 0002 0C48     		ldr	r0, .L5
  38 0004 0C4B     		ldr	r3, .L5+4
  39 0006 0360     		str	r3, [r0]
  49:Src/teamThreads.c ****     hi2c1.Init.ClockSpeed = 100000;
  40              		.loc 1 49 0
  41 0008 0C4B     		ldr	r3, .L5+8
  42 000a 4360     		str	r3, [r0, #4]
  50:Src/teamThreads.c ****     hi2c1.Init.DutyCycle = I2C_DUTYCYCLE_2;
  43              		.loc 1 50 0
  44 000c 0023     		movs	r3, #0
  45 000e 8360     		str	r3, [r0, #8]
  51:Src/teamThreads.c ****     hi2c1.Init.OwnAddress1 = 0;
  46              		.loc 1 51 0
  47 0010 C360     		str	r3, [r0, #12]
  52:Src/teamThreads.c ****     hi2c1.Init.AddressingMode = I2C_ADDRESSINGMODE_7BIT;
  48              		.loc 1 52 0
  49 0012 4FF48042 		mov	r2, #16384
  50 0016 0261     		str	r2, [r0, #16]
  53:Src/teamThreads.c ****     hi2c1.Init.DualAddressMode = I2C_DUALADDRESS_DISABLE;
  51              		.loc 1 53 0
  52 0018 4361     		str	r3, [r0, #20]
  54:Src/teamThreads.c ****     hi2c1.Init.OwnAddress2 = 0;
  53              		.loc 1 54 0
  54 001a 8361     		str	r3, [r0, #24]
  55:Src/teamThreads.c ****     hi2c1.Init.GeneralCallMode = I2C_GENERALCALL_DISABLE;
  55              		.loc 1 55 0
  56 001c C361     		str	r3, [r0, #28]
  56:Src/teamThreads.c ****     hi2c1.Init.NoStretchMode = I2C_NOSTRETCH_DISABLE;
  57              		.loc 1 56 0
  58 001e 0362     		str	r3, [r0, #32]
  57:Src/teamThreads.c ****     if (HAL_I2C_Init(&hi2c1) != HAL_OK)
ARM GAS  /var/folders/7p/1_dhylqx7nl5s8914_0f_4w00000gn/T//ccza1e68.s 			page 3


  59              		.loc 1 57 0
  60 0020 FFF7FEFF 		bl	HAL_I2C_Init
  61              	.LVL0:
  62 0024 00B9     		cbnz	r0, .L4
  63              	.L1:
  64 0026 08BD     		pop	{r3, pc}
  65              	.L4:
  58:Src/teamThreads.c ****     {
  59:Src/teamThreads.c ****         _Error_Handler(__FILE__, __LINE__);
  66              		.loc 1 59 0
  67 0028 3B21     		movs	r1, #59
  68 002a 0548     		ldr	r0, .L5+12
  69 002c FFF7FEFF 		bl	_Error_Handler
  70              	.LVL1:
  60:Src/teamThreads.c ****     }
  61:Src/teamThreads.c **** 
  62:Src/teamThreads.c **** }
  71              		.loc 1 62 0
  72 0030 F9E7     		b	.L1
  73              	.L6:
  74 0032 00BF     		.align	2
  75              	.L5:
  76 0034 00000000 		.word	hi2c1
  77 0038 00540040 		.word	1073763328
  78 003c A0860100 		.word	100000
  79 0040 00000000 		.word	.LC0
  80              		.cfi_endproc
  81              	.LFE130:
  83              		.section	.text.vHeartbeat,"ax",%progbits
  84              		.align	1
  85              		.global	vHeartbeat
  86              		.syntax unified
  87              		.thumb
  88              		.thumb_func
  89              		.fpu fpv4-sp-d16
  91              	vHeartbeat:
  92              	.LFB129:
  17:Src/teamThreads.c ****     struct depthSensor sensor;     //define the sensor
  93              		.loc 1 17 0
  94              		.cfi_startproc
  95              		@ Volatile: function does not return.
  96              		@ args = 0, pretend = 0, frame = 24
  97              		@ frame_needed = 0, uses_anonymous_args = 0
  98              	.LVL2:
  99 0000 00B5     		push	{lr}
 100              	.LCFI1:
 101              		.cfi_def_cfa_offset 4
 102              		.cfi_offset 14, -4
 103 0002 87B0     		sub	sp, sp, #28
 104              	.LCFI2:
 105              		.cfi_def_cfa_offset 32
  19:Src/teamThreads.c ****     initializeSensor(&sensor, &hi2c1, 997.0);
 106              		.loc 1 19 0
 107 0004 FFF7FEFF 		bl	MX_I2C1_Init
 108              	.LVL3:
  20:Src/teamThreads.c **** 
 109              		.loc 1 20 0
ARM GAS  /var/folders/7p/1_dhylqx7nl5s8914_0f_4w00000gn/T//ccza1e68.s 			page 4


 110 0008 9FED090A 		vldr.32	s0, .L10
 111 000c 0949     		ldr	r1, .L10+4
 112 000e 01A8     		add	r0, sp, #4
 113 0010 FFF7FEFF 		bl	initializeSensor
 114              	.LVL4:
 115              	.L8:
  23:Src/teamThreads.c ****       HAL_GPIO_TogglePin(GPIOC, GPIO_PIN_7);
 116              		.loc 1 23 0 discriminator 1
 117 0014 084C     		ldr	r4, .L10+8
 118 0016 4021     		movs	r1, #64
 119 0018 2046     		mov	r0, r4
 120 001a FFF7FEFF 		bl	HAL_GPIO_TogglePin
 121              	.LVL5:
  24:Src/teamThreads.c ****       HAL_Delay(500);
 122              		.loc 1 24 0 discriminator 1
 123 001e 8021     		movs	r1, #128
 124 0020 2046     		mov	r0, r4
 125 0022 FFF7FEFF 		bl	HAL_GPIO_TogglePin
 126              	.LVL6:
  25:Src/teamThreads.c ****       }
 127              		.loc 1 25 0 discriminator 1
 128 0026 4FF4FA70 		mov	r0, #500
 129 002a FFF7FEFF 		bl	HAL_Delay
 130              	.LVL7:
 131 002e F1E7     		b	.L8
 132              	.L11:
 133              		.align	2
 134              	.L10:
 135 0030 00407944 		.word	1148796928
 136 0034 00000000 		.word	hi2c1
 137 0038 00080240 		.word	1073874944
 138              		.cfi_endproc
 139              	.LFE129:
 141              		.comm	hi2c1,84,4
 142              		.comm	depthSensor,20,4
 143              		.section	.rodata.MX_I2C1_Init.str1.4,"aMS",%progbits,1
 144              		.align	2
 145              	.LC0:
 146 0000 5372632F 		.ascii	"Src/teamThreads.c\000"
 146      7465616D 
 146      54687265 
 146      6164732E 
 146      6300
 147              		.text
 148              	.Letext0:
 149              		.file 2 "/Users/augustmason/Documents/GitHub/riptide_firmware/STM32/gcc-arm-none-eabi-6-2017-q2-up
 150              		.file 3 "/Users/augustmason/Documents/GitHub/riptide_firmware/STM32/gcc-arm-none-eabi-6-2017-q2-up
 151              		.file 4 "Drivers/CMSIS/Include/core_cm4.h"
 152              		.file 5 "Drivers/CMSIS/Device/ST/STM32F4xx/Include/system_stm32f4xx.h"
 153              		.file 6 "Drivers/CMSIS/Device/ST/STM32F4xx/Include/stm32f405xx.h"
 154              		.file 7 "/Users/augustmason/Documents/GitHub/riptide_firmware/STM32/gcc-arm-none-eabi-6-2017-q2-up
 155              		.file 8 "/Users/augustmason/Documents/GitHub/riptide_firmware/STM32/gcc-arm-none-eabi-6-2017-q2-up
 156              		.file 9 "/Users/augustmason/Documents/GitHub/riptide_firmware/STM32/gcc-arm-none-eabi-6-2017-q2-up
 157              		.file 10 "/Users/augustmason/Documents/GitHub/riptide_firmware/STM32/gcc-arm-none-eabi-6-2017-q2-u
 158              		.file 11 "Drivers/STM32F4xx_HAL_Driver/Inc/stm32f4xx_hal_def.h"
 159              		.file 12 "Drivers/STM32F4xx_HAL_Driver/Inc/stm32f4xx_hal_dma.h"
 160              		.file 13 "Drivers/STM32F4xx_HAL_Driver/Inc/stm32f4xx_hal_i2c.h"
ARM GAS  /var/folders/7p/1_dhylqx7nl5s8914_0f_4w00000gn/T//ccza1e68.s 			page 5


 161              		.file 14 "Inc/teamDepthSensor.h"
 162              		.file 15 "Inc/main.h"
 163              		.file 16 "Drivers/STM32F4xx_HAL_Driver/Inc/stm32f4xx_hal_gpio.h"
 164              		.file 17 "Drivers/STM32F4xx_HAL_Driver/Inc/stm32f4xx_hal.h"
ARM GAS  /var/folders/7p/1_dhylqx7nl5s8914_0f_4w00000gn/T//ccza1e68.s 			page 6


DEFINED SYMBOLS
                            *ABS*:0000000000000000 teamThreads.c
/var/folders/7p/1_dhylqx7nl5s8914_0f_4w00000gn/T//ccza1e68.s:18     .text.MX_I2C1_Init:0000000000000000 $t
/var/folders/7p/1_dhylqx7nl5s8914_0f_4w00000gn/T//ccza1e68.s:24     .text.MX_I2C1_Init:0000000000000000 MX_I2C1_Init
/var/folders/7p/1_dhylqx7nl5s8914_0f_4w00000gn/T//ccza1e68.s:76     .text.MX_I2C1_Init:0000000000000034 $d
                            *COM*:0000000000000054 hi2c1
/var/folders/7p/1_dhylqx7nl5s8914_0f_4w00000gn/T//ccza1e68.s:84     .text.vHeartbeat:0000000000000000 $t
/var/folders/7p/1_dhylqx7nl5s8914_0f_4w00000gn/T//ccza1e68.s:91     .text.vHeartbeat:0000000000000000 vHeartbeat
/var/folders/7p/1_dhylqx7nl5s8914_0f_4w00000gn/T//ccza1e68.s:135    .text.vHeartbeat:0000000000000030 $d
                            *COM*:0000000000000014 depthSensor
/var/folders/7p/1_dhylqx7nl5s8914_0f_4w00000gn/T//ccza1e68.s:144    .rodata.MX_I2C1_Init.str1.4:0000000000000000 $d
                     .debug_frame:0000000000000010 $d

UNDEFINED SYMBOLS
HAL_I2C_Init
_Error_Handler
initializeSensor
HAL_GPIO_TogglePin
HAL_Delay
