ARM GAS  /var/folders/7p/1_dhylqx7nl5s8914_0f_4w00000gn/T//cc0IRfYw.s 			page 1


   1              		.cpu cortex-m4
   2              		.eabi_attribute 27, 1
   3              		.eabi_attribute 28, 1
   4              		.eabi_attribute 20, 1
   5              		.eabi_attribute 21, 1
   6              		.eabi_attribute 23, 3
   7              		.eabi_attribute 24, 1
   8              		.eabi_attribute 25, 1
   9              		.eabi_attribute 26, 1
  10              		.eabi_attribute 30, 1
  11              		.eabi_attribute 34, 1
  12              		.eabi_attribute 18, 4
  13              		.file	"teamThreads.c"
  14              		.text
  15              	.Ltext0:
  16              		.cfi_sections	.debug_frame
  17              		.section	.text.vHeartbeat,"ax",%progbits
  18              		.align	1
  19              		.global	vHeartbeat
  20              		.syntax unified
  21              		.thumb
  22              		.thumb_func
  23              		.fpu fpv4-sp-d16
  25              	vHeartbeat:
  26              	.LFB129:
  27              		.file 1 "Src/teamThreads.c"
   1:Src/teamThreads.c **** //
   2:Src/teamThreads.c **** // Created by August R. Mason on 9/8/17.
   3:Src/teamThreads.c **** //
   4:Src/teamThreads.c **** //#include <Inc/main.h>
   5:Src/teamThreads.c **** //#include <Drivers/STM32F4xx_HAL_Driver/Inc/stm32f4xx_hal_rcc.h>
   6:Src/teamThreads.c **** #include "main.h"
   7:Src/teamThreads.c **** #include "stm32f4xx_hal.h"
   8:Src/teamThreads.c **** #include "cmsis_os.h"
   9:Src/teamThreads.c **** #include "teamThreads.h"
  10:Src/teamThreads.c **** //defines
  11:Src/teamThreads.c **** 
  12:Src/teamThreads.c **** //heartbeat loop
  13:Src/teamThreads.c **** void vHeartbeat(void *pvParameters ){
  28              		.loc 1 13 0
  29              		.cfi_startproc
  30              		@ Volatile: function does not return.
  31              		@ args = 0, pretend = 0, frame = 0
  32              		@ frame_needed = 0, uses_anonymous_args = 0
  33              	.LVL0:
  34 0000 08B5     		push	{r3, lr}
  35              	.LCFI0:
  36              		.cfi_def_cfa_offset 8
  37              		.cfi_offset 3, -8
  38              		.cfi_offset 14, -4
  39              	.LVL1:
  40              	.L2:
  14:Src/teamThreads.c ****     //it's an arduino, setup then loop
  15:Src/teamThreads.c ****     //initialize the GPIO Bus clock should be initialized but re-
  16:Src/teamThreads.c ****    // __HAL_RCC_GPIOC_CLK_ENABLE(); //we are using bus C for this
  17:Src/teamThreads.c ****     //this struct is what is needed by the HAL_GPIO_Init()
  18:Src/teamThreads.c **** //    GPIO_InitTypeDef GPIO_InitDef;
ARM GAS  /var/folders/7p/1_dhylqx7nl5s8914_0f_4w00000gn/T//cc0IRfYw.s 			page 2


  19:Src/teamThreads.c **** //    GPIO_InitDef.Pin = Heartbeat1_Pin | Heartbeat2_Pin;
  20:Src/teamThreads.c **** //    GPIO_InitDef.Mode = GPIO_MODE_OUTPUT_PP;
  21:Src/teamThreads.c **** //    GPIO_InitDef.Pull = GPIO_NOPULL;
  22:Src/teamThreads.c **** //    GPIO_InitDef.Speed = GPIO_SPEED_FREQ_HIGH;
  23:Src/teamThreads.c **** 
  24:Src/teamThreads.c ****     //Initialize your GPIO!
  25:Src/teamThreads.c **** //    HAL_GPIO_Init(GPIOC, &GPIO_InitDef);
  26:Src/teamThreads.c ****     //**********END SETUP***********************//
  27:Src/teamThreads.c ****     //this is really void (loop) trust me
  28:Src/teamThreads.c **** 
  29:Src/teamThreads.c ****     for( ;; ){
  30:Src/teamThreads.c ****         //HAL_GPIO should be initialized and this should just work
  31:Src/teamThreads.c ****         HAL_GPIO_TogglePin(HeartBeat1_GPIO_Port, HeartBeat1_Pin | Heartbeat2_Pin); //This toggles t
  41              		.loc 1 31 0 discriminator 1
  42 0002 C021     		movs	r1, #192
  43 0004 0348     		ldr	r0, .L4
  44 0006 FFF7FEFF 		bl	HAL_GPIO_TogglePin
  45              	.LVL2:
  32:Src/teamThreads.c **** 
  33:Src/teamThreads.c ****         HAL_Delay(1000);
  46              		.loc 1 33 0 discriminator 1
  47 000a 4FF47A70 		mov	r0, #1000
  48 000e FFF7FEFF 		bl	HAL_Delay
  49              	.LVL3:
  50 0012 F6E7     		b	.L2
  51              	.L5:
  52              		.align	2
  53              	.L4:
  54 0014 00080240 		.word	1073874944
  55              		.cfi_endproc
  56              	.LFE129:
  58              		.text
  59              	.Letext0:
  60              		.file 2 "/Users/augustmason/Documents/GitHub/riptide_firmware/STM32/gcc-arm-none-eabi-6-2017-q2-up
  61              		.file 3 "/Users/augustmason/Documents/GitHub/riptide_firmware/STM32/gcc-arm-none-eabi-6-2017-q2-up
  62              		.file 4 "Drivers/CMSIS/Include/core_cm4.h"
  63              		.file 5 "Drivers/CMSIS/Device/ST/STM32F4xx/Include/system_stm32f4xx.h"
  64              		.file 6 "Drivers/CMSIS/Device/ST/STM32F4xx/Include/stm32f405xx.h"
  65              		.file 7 "/Users/augustmason/Documents/GitHub/riptide_firmware/STM32/gcc-arm-none-eabi-6-2017-q2-up
  66              		.file 8 "/Users/augustmason/Documents/GitHub/riptide_firmware/STM32/gcc-arm-none-eabi-6-2017-q2-up
  67              		.file 9 "/Users/augustmason/Documents/GitHub/riptide_firmware/STM32/gcc-arm-none-eabi-6-2017-q2-up
  68              		.file 10 "/Users/augustmason/Documents/GitHub/riptide_firmware/STM32/gcc-arm-none-eabi-6-2017-q2-u
  69              		.file 11 "Drivers/STM32F4xx_HAL_Driver/Inc/stm32f4xx_hal_gpio.h"
  70              		.file 12 "Drivers/STM32F4xx_HAL_Driver/Inc/stm32f4xx_hal.h"
ARM GAS  /var/folders/7p/1_dhylqx7nl5s8914_0f_4w00000gn/T//cc0IRfYw.s 			page 3


DEFINED SYMBOLS
                            *ABS*:0000000000000000 teamThreads.c
/var/folders/7p/1_dhylqx7nl5s8914_0f_4w00000gn/T//cc0IRfYw.s:18     .text.vHeartbeat:0000000000000000 $t
/var/folders/7p/1_dhylqx7nl5s8914_0f_4w00000gn/T//cc0IRfYw.s:25     .text.vHeartbeat:0000000000000000 vHeartbeat
/var/folders/7p/1_dhylqx7nl5s8914_0f_4w00000gn/T//cc0IRfYw.s:54     .text.vHeartbeat:0000000000000014 $d
                     .debug_frame:0000000000000010 $d

UNDEFINED SYMBOLS
HAL_GPIO_TogglePin
HAL_Delay
