ARM GAS  /var/folders/7p/1_dhylqx7nl5s8914_0f_4w00000gn/T//cchr6X0m.s 			page 1


   1              		.cpu cortex-m4
   2              		.eabi_attribute 27, 1
   3              		.eabi_attribute 28, 1
   4              		.eabi_attribute 20, 1
   5              		.eabi_attribute 21, 1
   6              		.eabi_attribute 23, 3
   7              		.eabi_attribute 24, 1
   8              		.eabi_attribute 25, 1
   9              		.eabi_attribute 26, 1
  10              		.eabi_attribute 30, 1
  11              		.eabi_attribute 34, 1
  12              		.eabi_attribute 18, 4
  13              		.file	"usbd_core.c"
  14              		.text
  15              	.Ltext0:
  16              		.cfi_sections	.debug_frame
  17              		.section	.text.USBD_Init,"ax",%progbits
  18              		.align	1
  19              		.global	USBD_Init
  20              		.syntax unified
  21              		.thumb
  22              		.thumb_func
  23              		.fpu fpv4-sp-d16
  25              	USBD_Init:
  26              	.LFB124:
  27              		.file 1 "Middlewares/ST/STM32_USB_Device_Library/Core/Src/usbd_core.c"
   1:Middlewares/ST/STM32_USB_Device_Library/Core/Src/usbd_core.c **** /**
   2:Middlewares/ST/STM32_USB_Device_Library/Core/Src/usbd_core.c ****   ******************************************************************************
   3:Middlewares/ST/STM32_USB_Device_Library/Core/Src/usbd_core.c ****   * @file    usbd_core.c
   4:Middlewares/ST/STM32_USB_Device_Library/Core/Src/usbd_core.c ****   * @author  MCD Application Team
   5:Middlewares/ST/STM32_USB_Device_Library/Core/Src/usbd_core.c ****   * @version V2.4.2
   6:Middlewares/ST/STM32_USB_Device_Library/Core/Src/usbd_core.c ****   * @date    11-December-2015
   7:Middlewares/ST/STM32_USB_Device_Library/Core/Src/usbd_core.c ****   * @brief   This file provides all the USBD core functions.
   8:Middlewares/ST/STM32_USB_Device_Library/Core/Src/usbd_core.c ****   ******************************************************************************
   9:Middlewares/ST/STM32_USB_Device_Library/Core/Src/usbd_core.c ****   * @attention
  10:Middlewares/ST/STM32_USB_Device_Library/Core/Src/usbd_core.c ****   *
  11:Middlewares/ST/STM32_USB_Device_Library/Core/Src/usbd_core.c ****   * <h2><center>&copy; COPYRIGHT 2015 STMicroelectronics</center></h2>
  12:Middlewares/ST/STM32_USB_Device_Library/Core/Src/usbd_core.c ****   *
  13:Middlewares/ST/STM32_USB_Device_Library/Core/Src/usbd_core.c ****   * Licensed under MCD-ST Liberty SW License Agreement V2, (the "License");
  14:Middlewares/ST/STM32_USB_Device_Library/Core/Src/usbd_core.c ****   * You may not use this file except in compliance with the License.
  15:Middlewares/ST/STM32_USB_Device_Library/Core/Src/usbd_core.c ****   * You may obtain a copy of the License at:
  16:Middlewares/ST/STM32_USB_Device_Library/Core/Src/usbd_core.c ****   *
  17:Middlewares/ST/STM32_USB_Device_Library/Core/Src/usbd_core.c ****   *        http://www.st.com/software_license_agreement_liberty_v2
  18:Middlewares/ST/STM32_USB_Device_Library/Core/Src/usbd_core.c ****   *
  19:Middlewares/ST/STM32_USB_Device_Library/Core/Src/usbd_core.c ****   * Unless required by applicable law or agreed to in writing, software 
  20:Middlewares/ST/STM32_USB_Device_Library/Core/Src/usbd_core.c ****   * distributed under the License is distributed on an "AS IS" BASIS, 
  21:Middlewares/ST/STM32_USB_Device_Library/Core/Src/usbd_core.c ****   * WITHOUT WARRANTIES OR CONDITIONS OF ANY KIND, either express or implied.
  22:Middlewares/ST/STM32_USB_Device_Library/Core/Src/usbd_core.c ****   * See the License for the specific language governing permissions and
  23:Middlewares/ST/STM32_USB_Device_Library/Core/Src/usbd_core.c ****   * limitations under the License.
  24:Middlewares/ST/STM32_USB_Device_Library/Core/Src/usbd_core.c ****   *
  25:Middlewares/ST/STM32_USB_Device_Library/Core/Src/usbd_core.c ****   ******************************************************************************
  26:Middlewares/ST/STM32_USB_Device_Library/Core/Src/usbd_core.c ****   */ 
  27:Middlewares/ST/STM32_USB_Device_Library/Core/Src/usbd_core.c **** 
  28:Middlewares/ST/STM32_USB_Device_Library/Core/Src/usbd_core.c **** /* Includes ------------------------------------------------------------------*/
  29:Middlewares/ST/STM32_USB_Device_Library/Core/Src/usbd_core.c **** #include "usbd_core.h"
  30:Middlewares/ST/STM32_USB_Device_Library/Core/Src/usbd_core.c **** 
  31:Middlewares/ST/STM32_USB_Device_Library/Core/Src/usbd_core.c **** /** @addtogroup STM32_USBD_DEVICE_LIBRARY
ARM GAS  /var/folders/7p/1_dhylqx7nl5s8914_0f_4w00000gn/T//cchr6X0m.s 			page 2


  32:Middlewares/ST/STM32_USB_Device_Library/Core/Src/usbd_core.c **** * @{
  33:Middlewares/ST/STM32_USB_Device_Library/Core/Src/usbd_core.c **** */
  34:Middlewares/ST/STM32_USB_Device_Library/Core/Src/usbd_core.c **** 
  35:Middlewares/ST/STM32_USB_Device_Library/Core/Src/usbd_core.c **** 
  36:Middlewares/ST/STM32_USB_Device_Library/Core/Src/usbd_core.c **** /** @defgroup USBD_CORE 
  37:Middlewares/ST/STM32_USB_Device_Library/Core/Src/usbd_core.c **** * @brief usbd core module
  38:Middlewares/ST/STM32_USB_Device_Library/Core/Src/usbd_core.c **** * @{
  39:Middlewares/ST/STM32_USB_Device_Library/Core/Src/usbd_core.c **** */ 
  40:Middlewares/ST/STM32_USB_Device_Library/Core/Src/usbd_core.c **** 
  41:Middlewares/ST/STM32_USB_Device_Library/Core/Src/usbd_core.c **** /** @defgroup USBD_CORE_Private_TypesDefinitions
  42:Middlewares/ST/STM32_USB_Device_Library/Core/Src/usbd_core.c **** * @{
  43:Middlewares/ST/STM32_USB_Device_Library/Core/Src/usbd_core.c **** */ 
  44:Middlewares/ST/STM32_USB_Device_Library/Core/Src/usbd_core.c **** /**
  45:Middlewares/ST/STM32_USB_Device_Library/Core/Src/usbd_core.c **** * @}
  46:Middlewares/ST/STM32_USB_Device_Library/Core/Src/usbd_core.c **** */ 
  47:Middlewares/ST/STM32_USB_Device_Library/Core/Src/usbd_core.c **** 
  48:Middlewares/ST/STM32_USB_Device_Library/Core/Src/usbd_core.c **** 
  49:Middlewares/ST/STM32_USB_Device_Library/Core/Src/usbd_core.c **** /** @defgroup USBD_CORE_Private_Defines
  50:Middlewares/ST/STM32_USB_Device_Library/Core/Src/usbd_core.c **** * @{
  51:Middlewares/ST/STM32_USB_Device_Library/Core/Src/usbd_core.c **** */ 
  52:Middlewares/ST/STM32_USB_Device_Library/Core/Src/usbd_core.c **** 
  53:Middlewares/ST/STM32_USB_Device_Library/Core/Src/usbd_core.c **** /**
  54:Middlewares/ST/STM32_USB_Device_Library/Core/Src/usbd_core.c **** * @}
  55:Middlewares/ST/STM32_USB_Device_Library/Core/Src/usbd_core.c **** */ 
  56:Middlewares/ST/STM32_USB_Device_Library/Core/Src/usbd_core.c **** 
  57:Middlewares/ST/STM32_USB_Device_Library/Core/Src/usbd_core.c **** 
  58:Middlewares/ST/STM32_USB_Device_Library/Core/Src/usbd_core.c **** /** @defgroup USBD_CORE_Private_Macros
  59:Middlewares/ST/STM32_USB_Device_Library/Core/Src/usbd_core.c **** * @{
  60:Middlewares/ST/STM32_USB_Device_Library/Core/Src/usbd_core.c **** */ 
  61:Middlewares/ST/STM32_USB_Device_Library/Core/Src/usbd_core.c **** /**
  62:Middlewares/ST/STM32_USB_Device_Library/Core/Src/usbd_core.c **** * @}
  63:Middlewares/ST/STM32_USB_Device_Library/Core/Src/usbd_core.c **** */ 
  64:Middlewares/ST/STM32_USB_Device_Library/Core/Src/usbd_core.c **** 
  65:Middlewares/ST/STM32_USB_Device_Library/Core/Src/usbd_core.c **** 
  66:Middlewares/ST/STM32_USB_Device_Library/Core/Src/usbd_core.c **** 
  67:Middlewares/ST/STM32_USB_Device_Library/Core/Src/usbd_core.c **** 
  68:Middlewares/ST/STM32_USB_Device_Library/Core/Src/usbd_core.c **** /** @defgroup USBD_CORE_Private_FunctionPrototypes
  69:Middlewares/ST/STM32_USB_Device_Library/Core/Src/usbd_core.c **** * @{
  70:Middlewares/ST/STM32_USB_Device_Library/Core/Src/usbd_core.c **** */ 
  71:Middlewares/ST/STM32_USB_Device_Library/Core/Src/usbd_core.c **** 
  72:Middlewares/ST/STM32_USB_Device_Library/Core/Src/usbd_core.c **** /**
  73:Middlewares/ST/STM32_USB_Device_Library/Core/Src/usbd_core.c **** * @}
  74:Middlewares/ST/STM32_USB_Device_Library/Core/Src/usbd_core.c **** */ 
  75:Middlewares/ST/STM32_USB_Device_Library/Core/Src/usbd_core.c **** 
  76:Middlewares/ST/STM32_USB_Device_Library/Core/Src/usbd_core.c **** /** @defgroup USBD_CORE_Private_Variables
  77:Middlewares/ST/STM32_USB_Device_Library/Core/Src/usbd_core.c **** * @{
  78:Middlewares/ST/STM32_USB_Device_Library/Core/Src/usbd_core.c **** */ 
  79:Middlewares/ST/STM32_USB_Device_Library/Core/Src/usbd_core.c **** 
  80:Middlewares/ST/STM32_USB_Device_Library/Core/Src/usbd_core.c **** /**
  81:Middlewares/ST/STM32_USB_Device_Library/Core/Src/usbd_core.c **** * @}
  82:Middlewares/ST/STM32_USB_Device_Library/Core/Src/usbd_core.c **** */ 
  83:Middlewares/ST/STM32_USB_Device_Library/Core/Src/usbd_core.c **** 
  84:Middlewares/ST/STM32_USB_Device_Library/Core/Src/usbd_core.c **** /** @defgroup USBD_CORE_Private_Functions
  85:Middlewares/ST/STM32_USB_Device_Library/Core/Src/usbd_core.c **** * @{
  86:Middlewares/ST/STM32_USB_Device_Library/Core/Src/usbd_core.c **** */ 
  87:Middlewares/ST/STM32_USB_Device_Library/Core/Src/usbd_core.c **** 
  88:Middlewares/ST/STM32_USB_Device_Library/Core/Src/usbd_core.c **** /**
ARM GAS  /var/folders/7p/1_dhylqx7nl5s8914_0f_4w00000gn/T//cchr6X0m.s 			page 3


  89:Middlewares/ST/STM32_USB_Device_Library/Core/Src/usbd_core.c **** * @brief  USBD_Init
  90:Middlewares/ST/STM32_USB_Device_Library/Core/Src/usbd_core.c **** *         Initializes the device stack and load the class driver
  91:Middlewares/ST/STM32_USB_Device_Library/Core/Src/usbd_core.c **** * @param  pdev: device instance
  92:Middlewares/ST/STM32_USB_Device_Library/Core/Src/usbd_core.c **** * @param  pdesc: Descriptor structure address
  93:Middlewares/ST/STM32_USB_Device_Library/Core/Src/usbd_core.c **** * @param  id: Low level core index
  94:Middlewares/ST/STM32_USB_Device_Library/Core/Src/usbd_core.c **** * @retval None
  95:Middlewares/ST/STM32_USB_Device_Library/Core/Src/usbd_core.c **** */
  96:Middlewares/ST/STM32_USB_Device_Library/Core/Src/usbd_core.c **** USBD_StatusTypeDef USBD_Init(USBD_HandleTypeDef *pdev, USBD_DescriptorsTypeDef *pdesc, uint8_t id)
  97:Middlewares/ST/STM32_USB_Device_Library/Core/Src/usbd_core.c **** {
  28              		.loc 1 97 0
  29              		.cfi_startproc
  30              		@ args = 0, pretend = 0, frame = 0
  31              		@ frame_needed = 0, uses_anonymous_args = 0
  32              	.LVL0:
  98:Middlewares/ST/STM32_USB_Device_Library/Core/Src/usbd_core.c ****   /* Check whether the USB Host handle is valid */
  99:Middlewares/ST/STM32_USB_Device_Library/Core/Src/usbd_core.c ****   if(pdev == NULL)
  33              		.loc 1 99 0
  34 0000 98B1     		cbz	r0, .L5
  97:Middlewares/ST/STM32_USB_Device_Library/Core/Src/usbd_core.c ****   /* Check whether the USB Host handle is valid */
  35              		.loc 1 97 0
  36 0002 08B5     		push	{r3, lr}
  37              	.LCFI0:
  38              		.cfi_def_cfa_offset 8
  39              		.cfi_offset 3, -8
  40              		.cfi_offset 14, -4
  41 0004 0346     		mov	r3, r0
 100:Middlewares/ST/STM32_USB_Device_Library/Core/Src/usbd_core.c ****   {
 101:Middlewares/ST/STM32_USB_Device_Library/Core/Src/usbd_core.c ****     USBD_ErrLog("Invalid Device handle");
 102:Middlewares/ST/STM32_USB_Device_Library/Core/Src/usbd_core.c ****     return USBD_FAIL; 
 103:Middlewares/ST/STM32_USB_Device_Library/Core/Src/usbd_core.c ****   }
 104:Middlewares/ST/STM32_USB_Device_Library/Core/Src/usbd_core.c ****   
 105:Middlewares/ST/STM32_USB_Device_Library/Core/Src/usbd_core.c ****   /* Unlink previous class*/
 106:Middlewares/ST/STM32_USB_Device_Library/Core/Src/usbd_core.c ****   if(pdev->pClass != NULL)
  42              		.loc 1 106 0
  43 0006 D0F81402 		ldr	r0, [r0, #532]
  44              	.LVL1:
  45 000a 10B1     		cbz	r0, .L3
 107:Middlewares/ST/STM32_USB_Device_Library/Core/Src/usbd_core.c ****   {
 108:Middlewares/ST/STM32_USB_Device_Library/Core/Src/usbd_core.c ****     pdev->pClass = NULL;
  46              		.loc 1 108 0
  47 000c 0020     		movs	r0, #0
  48 000e C3F81402 		str	r0, [r3, #532]
  49              	.L3:
 109:Middlewares/ST/STM32_USB_Device_Library/Core/Src/usbd_core.c ****   }
 110:Middlewares/ST/STM32_USB_Device_Library/Core/Src/usbd_core.c ****   
 111:Middlewares/ST/STM32_USB_Device_Library/Core/Src/usbd_core.c ****   /* Assign USBD Descriptors */
 112:Middlewares/ST/STM32_USB_Device_Library/Core/Src/usbd_core.c ****   if(pdesc != NULL)
  50              		.loc 1 112 0
  51 0012 09B1     		cbz	r1, .L4
 113:Middlewares/ST/STM32_USB_Device_Library/Core/Src/usbd_core.c ****   {
 114:Middlewares/ST/STM32_USB_Device_Library/Core/Src/usbd_core.c ****     pdev->pDesc = pdesc;
  52              		.loc 1 114 0
  53 0014 C3F81012 		str	r1, [r3, #528]
  54              	.L4:
  55 0018 1846     		mov	r0, r3
 115:Middlewares/ST/STM32_USB_Device_Library/Core/Src/usbd_core.c ****   }
 116:Middlewares/ST/STM32_USB_Device_Library/Core/Src/usbd_core.c ****   
ARM GAS  /var/folders/7p/1_dhylqx7nl5s8914_0f_4w00000gn/T//cchr6X0m.s 			page 4


 117:Middlewares/ST/STM32_USB_Device_Library/Core/Src/usbd_core.c ****   /* Set Device initial State */
 118:Middlewares/ST/STM32_USB_Device_Library/Core/Src/usbd_core.c ****   pdev->dev_state  = USBD_STATE_DEFAULT;
  56              		.loc 1 118 0
  57 001a 0123     		movs	r3, #1
  58              	.LVL2:
  59 001c 80F8FC31 		strb	r3, [r0, #508]
 119:Middlewares/ST/STM32_USB_Device_Library/Core/Src/usbd_core.c ****   pdev->id = id;
  60              		.loc 1 119 0
  61 0020 0270     		strb	r2, [r0]
 120:Middlewares/ST/STM32_USB_Device_Library/Core/Src/usbd_core.c ****   /* Initialize low level driver */
 121:Middlewares/ST/STM32_USB_Device_Library/Core/Src/usbd_core.c ****   USBD_LL_Init(pdev);
  62              		.loc 1 121 0
  63 0022 FFF7FEFF 		bl	USBD_LL_Init
  64              	.LVL3:
 122:Middlewares/ST/STM32_USB_Device_Library/Core/Src/usbd_core.c ****   
 123:Middlewares/ST/STM32_USB_Device_Library/Core/Src/usbd_core.c ****   return USBD_OK; 
  65              		.loc 1 123 0
  66 0026 0020     		movs	r0, #0
  67 0028 08BD     		pop	{r3, pc}
  68              	.LVL4:
  69              	.L5:
  70              	.LCFI1:
  71              		.cfi_def_cfa_offset 0
  72              		.cfi_restore 3
  73              		.cfi_restore 14
 102:Middlewares/ST/STM32_USB_Device_Library/Core/Src/usbd_core.c ****   }
  74              		.loc 1 102 0
  75 002a 0220     		movs	r0, #2
  76              	.LVL5:
  77 002c 7047     		bx	lr
  78              		.cfi_endproc
  79              	.LFE124:
  81              		.section	.text.USBD_DeInit,"ax",%progbits
  82              		.align	1
  83              		.global	USBD_DeInit
  84              		.syntax unified
  85              		.thumb
  86              		.thumb_func
  87              		.fpu fpv4-sp-d16
  89              	USBD_DeInit:
  90              	.LFB125:
 124:Middlewares/ST/STM32_USB_Device_Library/Core/Src/usbd_core.c **** }
 125:Middlewares/ST/STM32_USB_Device_Library/Core/Src/usbd_core.c **** 
 126:Middlewares/ST/STM32_USB_Device_Library/Core/Src/usbd_core.c **** /**
 127:Middlewares/ST/STM32_USB_Device_Library/Core/Src/usbd_core.c **** * @brief  USBD_DeInit 
 128:Middlewares/ST/STM32_USB_Device_Library/Core/Src/usbd_core.c **** *         Re-Initialize th device library
 129:Middlewares/ST/STM32_USB_Device_Library/Core/Src/usbd_core.c **** * @param  pdev: device instance
 130:Middlewares/ST/STM32_USB_Device_Library/Core/Src/usbd_core.c **** * @retval status: status
 131:Middlewares/ST/STM32_USB_Device_Library/Core/Src/usbd_core.c **** */
 132:Middlewares/ST/STM32_USB_Device_Library/Core/Src/usbd_core.c **** USBD_StatusTypeDef USBD_DeInit(USBD_HandleTypeDef *pdev)
 133:Middlewares/ST/STM32_USB_Device_Library/Core/Src/usbd_core.c **** {
  91              		.loc 1 133 0
  92              		.cfi_startproc
  93              		@ args = 0, pretend = 0, frame = 0
  94              		@ frame_needed = 0, uses_anonymous_args = 0
  95              	.LVL6:
  96 0000 10B5     		push	{r4, lr}
ARM GAS  /var/folders/7p/1_dhylqx7nl5s8914_0f_4w00000gn/T//cchr6X0m.s 			page 5


  97              	.LCFI2:
  98              		.cfi_def_cfa_offset 8
  99              		.cfi_offset 4, -8
 100              		.cfi_offset 14, -4
 101 0002 0446     		mov	r4, r0
 134:Middlewares/ST/STM32_USB_Device_Library/Core/Src/usbd_core.c ****   /* Set Default State */
 135:Middlewares/ST/STM32_USB_Device_Library/Core/Src/usbd_core.c ****   pdev->dev_state  = USBD_STATE_DEFAULT;
 102              		.loc 1 135 0
 103 0004 0123     		movs	r3, #1
 104 0006 80F8FC31 		strb	r3, [r0, #508]
 136:Middlewares/ST/STM32_USB_Device_Library/Core/Src/usbd_core.c ****   
 137:Middlewares/ST/STM32_USB_Device_Library/Core/Src/usbd_core.c ****   /* Free Class Resources */
 138:Middlewares/ST/STM32_USB_Device_Library/Core/Src/usbd_core.c ****   pdev->pClass->DeInit(pdev, pdev->dev_config);  
 105              		.loc 1 138 0
 106 000a D0F81432 		ldr	r3, [r0, #532]
 107 000e 5B68     		ldr	r3, [r3, #4]
 108 0010 0179     		ldrb	r1, [r0, #4]	@ zero_extendqisi2
 109 0012 9847     		blx	r3
 110              	.LVL7:
 139:Middlewares/ST/STM32_USB_Device_Library/Core/Src/usbd_core.c ****   
 140:Middlewares/ST/STM32_USB_Device_Library/Core/Src/usbd_core.c ****     /* Stop the low level driver  */
 141:Middlewares/ST/STM32_USB_Device_Library/Core/Src/usbd_core.c ****   USBD_LL_Stop(pdev); 
 111              		.loc 1 141 0
 112 0014 2046     		mov	r0, r4
 113 0016 FFF7FEFF 		bl	USBD_LL_Stop
 114              	.LVL8:
 142:Middlewares/ST/STM32_USB_Device_Library/Core/Src/usbd_core.c ****   
 143:Middlewares/ST/STM32_USB_Device_Library/Core/Src/usbd_core.c ****   /* Initialize low level driver */
 144:Middlewares/ST/STM32_USB_Device_Library/Core/Src/usbd_core.c ****   USBD_LL_DeInit(pdev);
 115              		.loc 1 144 0
 116 001a 2046     		mov	r0, r4
 117 001c FFF7FEFF 		bl	USBD_LL_DeInit
 118              	.LVL9:
 145:Middlewares/ST/STM32_USB_Device_Library/Core/Src/usbd_core.c ****   
 146:Middlewares/ST/STM32_USB_Device_Library/Core/Src/usbd_core.c ****   return USBD_OK;
 147:Middlewares/ST/STM32_USB_Device_Library/Core/Src/usbd_core.c **** }
 119              		.loc 1 147 0
 120 0020 0020     		movs	r0, #0
 121 0022 10BD     		pop	{r4, pc}
 122              		.cfi_endproc
 123              	.LFE125:
 125              		.section	.text.USBD_RegisterClass,"ax",%progbits
 126              		.align	1
 127              		.global	USBD_RegisterClass
 128              		.syntax unified
 129              		.thumb
 130              		.thumb_func
 131              		.fpu fpv4-sp-d16
 133              	USBD_RegisterClass:
 134              	.LFB126:
 148:Middlewares/ST/STM32_USB_Device_Library/Core/Src/usbd_core.c **** 
 149:Middlewares/ST/STM32_USB_Device_Library/Core/Src/usbd_core.c **** 
 150:Middlewares/ST/STM32_USB_Device_Library/Core/Src/usbd_core.c **** /**
 151:Middlewares/ST/STM32_USB_Device_Library/Core/Src/usbd_core.c ****   * @brief  USBD_RegisterClass 
 152:Middlewares/ST/STM32_USB_Device_Library/Core/Src/usbd_core.c ****   *         Link class driver to Device Core.
 153:Middlewares/ST/STM32_USB_Device_Library/Core/Src/usbd_core.c ****   * @param  pDevice : Device Handle
 154:Middlewares/ST/STM32_USB_Device_Library/Core/Src/usbd_core.c ****   * @param  pclass: Class handle
ARM GAS  /var/folders/7p/1_dhylqx7nl5s8914_0f_4w00000gn/T//cchr6X0m.s 			page 6


 155:Middlewares/ST/STM32_USB_Device_Library/Core/Src/usbd_core.c ****   * @retval USBD Status
 156:Middlewares/ST/STM32_USB_Device_Library/Core/Src/usbd_core.c ****   */
 157:Middlewares/ST/STM32_USB_Device_Library/Core/Src/usbd_core.c **** USBD_StatusTypeDef  USBD_RegisterClass(USBD_HandleTypeDef *pdev, USBD_ClassTypeDef *pclass)
 158:Middlewares/ST/STM32_USB_Device_Library/Core/Src/usbd_core.c **** {
 135              		.loc 1 158 0
 136              		.cfi_startproc
 137              		@ args = 0, pretend = 0, frame = 0
 138              		@ frame_needed = 0, uses_anonymous_args = 0
 139              		@ link register save eliminated.
 140              	.LVL10:
 159:Middlewares/ST/STM32_USB_Device_Library/Core/Src/usbd_core.c ****   USBD_StatusTypeDef   status = USBD_OK;
 160:Middlewares/ST/STM32_USB_Device_Library/Core/Src/usbd_core.c ****   if(pclass != 0)
 141              		.loc 1 160 0
 142 0000 19B1     		cbz	r1, .L14
 161:Middlewares/ST/STM32_USB_Device_Library/Core/Src/usbd_core.c ****   {
 162:Middlewares/ST/STM32_USB_Device_Library/Core/Src/usbd_core.c ****     /* link the class to the USB Device handle */
 163:Middlewares/ST/STM32_USB_Device_Library/Core/Src/usbd_core.c ****     pdev->pClass = pclass;
 143              		.loc 1 163 0
 144 0002 C0F81412 		str	r1, [r0, #532]
 164:Middlewares/ST/STM32_USB_Device_Library/Core/Src/usbd_core.c ****     status = USBD_OK;
 145              		.loc 1 164 0
 146 0006 0020     		movs	r0, #0
 147              	.LVL11:
 148 0008 7047     		bx	lr
 149              	.LVL12:
 150              	.L14:
 165:Middlewares/ST/STM32_USB_Device_Library/Core/Src/usbd_core.c ****   }
 166:Middlewares/ST/STM32_USB_Device_Library/Core/Src/usbd_core.c ****   else
 167:Middlewares/ST/STM32_USB_Device_Library/Core/Src/usbd_core.c ****   {
 168:Middlewares/ST/STM32_USB_Device_Library/Core/Src/usbd_core.c ****     USBD_ErrLog("Invalid Class handle");
 169:Middlewares/ST/STM32_USB_Device_Library/Core/Src/usbd_core.c ****     status = USBD_FAIL; 
 151              		.loc 1 169 0
 152 000a 0220     		movs	r0, #2
 153              	.LVL13:
 170:Middlewares/ST/STM32_USB_Device_Library/Core/Src/usbd_core.c ****   }
 171:Middlewares/ST/STM32_USB_Device_Library/Core/Src/usbd_core.c ****   
 172:Middlewares/ST/STM32_USB_Device_Library/Core/Src/usbd_core.c ****   return status;
 173:Middlewares/ST/STM32_USB_Device_Library/Core/Src/usbd_core.c **** }
 154              		.loc 1 173 0
 155 000c 7047     		bx	lr
 156              		.cfi_endproc
 157              	.LFE126:
 159              		.section	.text.USBD_Start,"ax",%progbits
 160              		.align	1
 161              		.global	USBD_Start
 162              		.syntax unified
 163              		.thumb
 164              		.thumb_func
 165              		.fpu fpv4-sp-d16
 167              	USBD_Start:
 168              	.LFB127:
 174:Middlewares/ST/STM32_USB_Device_Library/Core/Src/usbd_core.c **** 
 175:Middlewares/ST/STM32_USB_Device_Library/Core/Src/usbd_core.c **** /**
 176:Middlewares/ST/STM32_USB_Device_Library/Core/Src/usbd_core.c ****   * @brief  USBD_Start 
 177:Middlewares/ST/STM32_USB_Device_Library/Core/Src/usbd_core.c ****   *         Start the USB Device Core.
 178:Middlewares/ST/STM32_USB_Device_Library/Core/Src/usbd_core.c ****   * @param  pdev: Device Handle
 179:Middlewares/ST/STM32_USB_Device_Library/Core/Src/usbd_core.c ****   * @retval USBD Status
ARM GAS  /var/folders/7p/1_dhylqx7nl5s8914_0f_4w00000gn/T//cchr6X0m.s 			page 7


 180:Middlewares/ST/STM32_USB_Device_Library/Core/Src/usbd_core.c ****   */
 181:Middlewares/ST/STM32_USB_Device_Library/Core/Src/usbd_core.c **** USBD_StatusTypeDef  USBD_Start  (USBD_HandleTypeDef *pdev)
 182:Middlewares/ST/STM32_USB_Device_Library/Core/Src/usbd_core.c **** {
 169              		.loc 1 182 0
 170              		.cfi_startproc
 171              		@ args = 0, pretend = 0, frame = 0
 172              		@ frame_needed = 0, uses_anonymous_args = 0
 173              	.LVL14:
 174 0000 08B5     		push	{r3, lr}
 175              	.LCFI3:
 176              		.cfi_def_cfa_offset 8
 177              		.cfi_offset 3, -8
 178              		.cfi_offset 14, -4
 183:Middlewares/ST/STM32_USB_Device_Library/Core/Src/usbd_core.c ****   
 184:Middlewares/ST/STM32_USB_Device_Library/Core/Src/usbd_core.c ****   /* Start the low level driver  */
 185:Middlewares/ST/STM32_USB_Device_Library/Core/Src/usbd_core.c ****   USBD_LL_Start(pdev); 
 179              		.loc 1 185 0
 180 0002 FFF7FEFF 		bl	USBD_LL_Start
 181              	.LVL15:
 186:Middlewares/ST/STM32_USB_Device_Library/Core/Src/usbd_core.c ****   
 187:Middlewares/ST/STM32_USB_Device_Library/Core/Src/usbd_core.c ****   return USBD_OK;  
 188:Middlewares/ST/STM32_USB_Device_Library/Core/Src/usbd_core.c **** }
 182              		.loc 1 188 0
 183 0006 0020     		movs	r0, #0
 184 0008 08BD     		pop	{r3, pc}
 185              		.cfi_endproc
 186              	.LFE127:
 188              		.section	.text.USBD_Stop,"ax",%progbits
 189              		.align	1
 190              		.global	USBD_Stop
 191              		.syntax unified
 192              		.thumb
 193              		.thumb_func
 194              		.fpu fpv4-sp-d16
 196              	USBD_Stop:
 197              	.LFB128:
 189:Middlewares/ST/STM32_USB_Device_Library/Core/Src/usbd_core.c **** 
 190:Middlewares/ST/STM32_USB_Device_Library/Core/Src/usbd_core.c **** /**
 191:Middlewares/ST/STM32_USB_Device_Library/Core/Src/usbd_core.c ****   * @brief  USBD_Stop 
 192:Middlewares/ST/STM32_USB_Device_Library/Core/Src/usbd_core.c ****   *         Stop the USB Device Core.
 193:Middlewares/ST/STM32_USB_Device_Library/Core/Src/usbd_core.c ****   * @param  pdev: Device Handle
 194:Middlewares/ST/STM32_USB_Device_Library/Core/Src/usbd_core.c ****   * @retval USBD Status
 195:Middlewares/ST/STM32_USB_Device_Library/Core/Src/usbd_core.c ****   */
 196:Middlewares/ST/STM32_USB_Device_Library/Core/Src/usbd_core.c **** USBD_StatusTypeDef  USBD_Stop   (USBD_HandleTypeDef *pdev)
 197:Middlewares/ST/STM32_USB_Device_Library/Core/Src/usbd_core.c **** {
 198              		.loc 1 197 0
 199              		.cfi_startproc
 200              		@ args = 0, pretend = 0, frame = 0
 201              		@ frame_needed = 0, uses_anonymous_args = 0
 202              	.LVL16:
 203 0000 10B5     		push	{r4, lr}
 204              	.LCFI4:
 205              		.cfi_def_cfa_offset 8
 206              		.cfi_offset 4, -8
 207              		.cfi_offset 14, -4
 208 0002 0446     		mov	r4, r0
 198:Middlewares/ST/STM32_USB_Device_Library/Core/Src/usbd_core.c ****   /* Free Class Resources */
ARM GAS  /var/folders/7p/1_dhylqx7nl5s8914_0f_4w00000gn/T//cchr6X0m.s 			page 8


 199:Middlewares/ST/STM32_USB_Device_Library/Core/Src/usbd_core.c ****   pdev->pClass->DeInit(pdev, pdev->dev_config);  
 209              		.loc 1 199 0
 210 0004 D0F81432 		ldr	r3, [r0, #532]
 211 0008 5B68     		ldr	r3, [r3, #4]
 212 000a 0179     		ldrb	r1, [r0, #4]	@ zero_extendqisi2
 213 000c 9847     		blx	r3
 214              	.LVL17:
 200:Middlewares/ST/STM32_USB_Device_Library/Core/Src/usbd_core.c **** 
 201:Middlewares/ST/STM32_USB_Device_Library/Core/Src/usbd_core.c ****   /* Stop the low level driver  */
 202:Middlewares/ST/STM32_USB_Device_Library/Core/Src/usbd_core.c ****   USBD_LL_Stop(pdev); 
 215              		.loc 1 202 0
 216 000e 2046     		mov	r0, r4
 217 0010 FFF7FEFF 		bl	USBD_LL_Stop
 218              	.LVL18:
 203:Middlewares/ST/STM32_USB_Device_Library/Core/Src/usbd_core.c ****   
 204:Middlewares/ST/STM32_USB_Device_Library/Core/Src/usbd_core.c ****   return USBD_OK;  
 205:Middlewares/ST/STM32_USB_Device_Library/Core/Src/usbd_core.c **** }
 219              		.loc 1 205 0
 220 0014 0020     		movs	r0, #0
 221 0016 10BD     		pop	{r4, pc}
 222              		.cfi_endproc
 223              	.LFE128:
 225              		.section	.text.USBD_RunTestMode,"ax",%progbits
 226              		.align	1
 227              		.global	USBD_RunTestMode
 228              		.syntax unified
 229              		.thumb
 230              		.thumb_func
 231              		.fpu fpv4-sp-d16
 233              	USBD_RunTestMode:
 234              	.LFB129:
 206:Middlewares/ST/STM32_USB_Device_Library/Core/Src/usbd_core.c **** 
 207:Middlewares/ST/STM32_USB_Device_Library/Core/Src/usbd_core.c **** /**
 208:Middlewares/ST/STM32_USB_Device_Library/Core/Src/usbd_core.c **** * @brief  USBD_RunTestMode 
 209:Middlewares/ST/STM32_USB_Device_Library/Core/Src/usbd_core.c **** *         Launch test mode process
 210:Middlewares/ST/STM32_USB_Device_Library/Core/Src/usbd_core.c **** * @param  pdev: device instance
 211:Middlewares/ST/STM32_USB_Device_Library/Core/Src/usbd_core.c **** * @retval status
 212:Middlewares/ST/STM32_USB_Device_Library/Core/Src/usbd_core.c **** */
 213:Middlewares/ST/STM32_USB_Device_Library/Core/Src/usbd_core.c **** USBD_StatusTypeDef  USBD_RunTestMode (USBD_HandleTypeDef  *pdev) 
 214:Middlewares/ST/STM32_USB_Device_Library/Core/Src/usbd_core.c **** {
 235              		.loc 1 214 0
 236              		.cfi_startproc
 237              		@ args = 0, pretend = 0, frame = 0
 238              		@ frame_needed = 0, uses_anonymous_args = 0
 239              		@ link register save eliminated.
 240              	.LVL19:
 215:Middlewares/ST/STM32_USB_Device_Library/Core/Src/usbd_core.c ****   return USBD_OK;
 216:Middlewares/ST/STM32_USB_Device_Library/Core/Src/usbd_core.c **** }
 241              		.loc 1 216 0
 242 0000 0020     		movs	r0, #0
 243              	.LVL20:
 244 0002 7047     		bx	lr
 245              		.cfi_endproc
 246              	.LFE129:
 248              		.section	.text.USBD_SetClassConfig,"ax",%progbits
 249              		.align	1
 250              		.global	USBD_SetClassConfig
ARM GAS  /var/folders/7p/1_dhylqx7nl5s8914_0f_4w00000gn/T//cchr6X0m.s 			page 9


 251              		.syntax unified
 252              		.thumb
 253              		.thumb_func
 254              		.fpu fpv4-sp-d16
 256              	USBD_SetClassConfig:
 257              	.LFB130:
 217:Middlewares/ST/STM32_USB_Device_Library/Core/Src/usbd_core.c **** 
 218:Middlewares/ST/STM32_USB_Device_Library/Core/Src/usbd_core.c **** 
 219:Middlewares/ST/STM32_USB_Device_Library/Core/Src/usbd_core.c **** /**
 220:Middlewares/ST/STM32_USB_Device_Library/Core/Src/usbd_core.c **** * @brief  USBD_SetClassConfig 
 221:Middlewares/ST/STM32_USB_Device_Library/Core/Src/usbd_core.c **** *        Configure device and start the interface
 222:Middlewares/ST/STM32_USB_Device_Library/Core/Src/usbd_core.c **** * @param  pdev: device instance
 223:Middlewares/ST/STM32_USB_Device_Library/Core/Src/usbd_core.c **** * @param  cfgidx: configuration index
 224:Middlewares/ST/STM32_USB_Device_Library/Core/Src/usbd_core.c **** * @retval status
 225:Middlewares/ST/STM32_USB_Device_Library/Core/Src/usbd_core.c **** */
 226:Middlewares/ST/STM32_USB_Device_Library/Core/Src/usbd_core.c **** 
 227:Middlewares/ST/STM32_USB_Device_Library/Core/Src/usbd_core.c **** USBD_StatusTypeDef USBD_SetClassConfig(USBD_HandleTypeDef  *pdev, uint8_t cfgidx)
 228:Middlewares/ST/STM32_USB_Device_Library/Core/Src/usbd_core.c **** {
 258              		.loc 1 228 0
 259              		.cfi_startproc
 260              		@ args = 0, pretend = 0, frame = 0
 261              		@ frame_needed = 0, uses_anonymous_args = 0
 262              	.LVL21:
 263 0000 08B5     		push	{r3, lr}
 264              	.LCFI5:
 265              		.cfi_def_cfa_offset 8
 266              		.cfi_offset 3, -8
 267              		.cfi_offset 14, -4
 268              	.LVL22:
 229:Middlewares/ST/STM32_USB_Device_Library/Core/Src/usbd_core.c ****   USBD_StatusTypeDef   ret = USBD_FAIL;
 230:Middlewares/ST/STM32_USB_Device_Library/Core/Src/usbd_core.c ****   
 231:Middlewares/ST/STM32_USB_Device_Library/Core/Src/usbd_core.c ****   if(pdev->pClass != NULL)
 269              		.loc 1 231 0
 270 0002 D0F81432 		ldr	r3, [r0, #532]
 271 0006 23B1     		cbz	r3, .L22
 232:Middlewares/ST/STM32_USB_Device_Library/Core/Src/usbd_core.c ****   {
 233:Middlewares/ST/STM32_USB_Device_Library/Core/Src/usbd_core.c ****     /* Set configuration  and Start the Class*/
 234:Middlewares/ST/STM32_USB_Device_Library/Core/Src/usbd_core.c ****     if(pdev->pClass->Init(pdev, cfgidx) == 0)
 272              		.loc 1 234 0
 273 0008 1B68     		ldr	r3, [r3]
 274 000a 9847     		blx	r3
 275              	.LVL23:
 276 000c 18B1     		cbz	r0, .L23
 229:Middlewares/ST/STM32_USB_Device_Library/Core/Src/usbd_core.c ****   USBD_StatusTypeDef   ret = USBD_FAIL;
 277              		.loc 1 229 0
 278 000e 0220     		movs	r0, #2
 279 0010 08BD     		pop	{r3, pc}
 280              	.LVL24:
 281              	.L22:
 282 0012 0220     		movs	r0, #2
 283              	.LVL25:
 284 0014 08BD     		pop	{r3, pc}
 285              	.LVL26:
 286              	.L23:
 235:Middlewares/ST/STM32_USB_Device_Library/Core/Src/usbd_core.c ****     {
 236:Middlewares/ST/STM32_USB_Device_Library/Core/Src/usbd_core.c ****       ret = USBD_OK;
 287              		.loc 1 236 0
ARM GAS  /var/folders/7p/1_dhylqx7nl5s8914_0f_4w00000gn/T//cchr6X0m.s 			page 10


 288 0016 0020     		movs	r0, #0
 289              	.LVL27:
 237:Middlewares/ST/STM32_USB_Device_Library/Core/Src/usbd_core.c ****     }
 238:Middlewares/ST/STM32_USB_Device_Library/Core/Src/usbd_core.c ****   }
 239:Middlewares/ST/STM32_USB_Device_Library/Core/Src/usbd_core.c ****   return ret; 
 240:Middlewares/ST/STM32_USB_Device_Library/Core/Src/usbd_core.c **** }
 290              		.loc 1 240 0
 291 0018 08BD     		pop	{r3, pc}
 292              		.cfi_endproc
 293              	.LFE130:
 295              		.section	.text.USBD_ClrClassConfig,"ax",%progbits
 296              		.align	1
 297              		.global	USBD_ClrClassConfig
 298              		.syntax unified
 299              		.thumb
 300              		.thumb_func
 301              		.fpu fpv4-sp-d16
 303              	USBD_ClrClassConfig:
 304              	.LFB131:
 241:Middlewares/ST/STM32_USB_Device_Library/Core/Src/usbd_core.c **** 
 242:Middlewares/ST/STM32_USB_Device_Library/Core/Src/usbd_core.c **** /**
 243:Middlewares/ST/STM32_USB_Device_Library/Core/Src/usbd_core.c **** * @brief  USBD_ClrClassConfig 
 244:Middlewares/ST/STM32_USB_Device_Library/Core/Src/usbd_core.c **** *         Clear current configuration
 245:Middlewares/ST/STM32_USB_Device_Library/Core/Src/usbd_core.c **** * @param  pdev: device instance
 246:Middlewares/ST/STM32_USB_Device_Library/Core/Src/usbd_core.c **** * @param  cfgidx: configuration index
 247:Middlewares/ST/STM32_USB_Device_Library/Core/Src/usbd_core.c **** * @retval status: USBD_StatusTypeDef
 248:Middlewares/ST/STM32_USB_Device_Library/Core/Src/usbd_core.c **** */
 249:Middlewares/ST/STM32_USB_Device_Library/Core/Src/usbd_core.c **** USBD_StatusTypeDef USBD_ClrClassConfig(USBD_HandleTypeDef  *pdev, uint8_t cfgidx)
 250:Middlewares/ST/STM32_USB_Device_Library/Core/Src/usbd_core.c **** {
 305              		.loc 1 250 0
 306              		.cfi_startproc
 307              		@ args = 0, pretend = 0, frame = 0
 308              		@ frame_needed = 0, uses_anonymous_args = 0
 309              	.LVL28:
 310 0000 08B5     		push	{r3, lr}
 311              	.LCFI6:
 312              		.cfi_def_cfa_offset 8
 313              		.cfi_offset 3, -8
 314              		.cfi_offset 14, -4
 251:Middlewares/ST/STM32_USB_Device_Library/Core/Src/usbd_core.c ****   /* Clear configuration  and De-initialize the Class process*/
 252:Middlewares/ST/STM32_USB_Device_Library/Core/Src/usbd_core.c ****   pdev->pClass->DeInit(pdev, cfgidx);  
 315              		.loc 1 252 0
 316 0002 D0F81432 		ldr	r3, [r0, #532]
 317 0006 5B68     		ldr	r3, [r3, #4]
 318 0008 9847     		blx	r3
 319              	.LVL29:
 253:Middlewares/ST/STM32_USB_Device_Library/Core/Src/usbd_core.c ****   return USBD_OK;
 254:Middlewares/ST/STM32_USB_Device_Library/Core/Src/usbd_core.c **** }
 320              		.loc 1 254 0
 321 000a 0020     		movs	r0, #0
 322 000c 08BD     		pop	{r3, pc}
 323              		.cfi_endproc
 324              	.LFE131:
 326              		.section	.text.USBD_LL_SetupStage,"ax",%progbits
 327              		.align	1
 328              		.global	USBD_LL_SetupStage
 329              		.syntax unified
ARM GAS  /var/folders/7p/1_dhylqx7nl5s8914_0f_4w00000gn/T//cchr6X0m.s 			page 11


 330              		.thumb
 331              		.thumb_func
 332              		.fpu fpv4-sp-d16
 334              	USBD_LL_SetupStage:
 335              	.LFB132:
 255:Middlewares/ST/STM32_USB_Device_Library/Core/Src/usbd_core.c **** 
 256:Middlewares/ST/STM32_USB_Device_Library/Core/Src/usbd_core.c **** 
 257:Middlewares/ST/STM32_USB_Device_Library/Core/Src/usbd_core.c **** /**
 258:Middlewares/ST/STM32_USB_Device_Library/Core/Src/usbd_core.c **** * @brief  USBD_SetupStage 
 259:Middlewares/ST/STM32_USB_Device_Library/Core/Src/usbd_core.c **** *         Handle the setup stage
 260:Middlewares/ST/STM32_USB_Device_Library/Core/Src/usbd_core.c **** * @param  pdev: device instance
 261:Middlewares/ST/STM32_USB_Device_Library/Core/Src/usbd_core.c **** * @retval status
 262:Middlewares/ST/STM32_USB_Device_Library/Core/Src/usbd_core.c **** */
 263:Middlewares/ST/STM32_USB_Device_Library/Core/Src/usbd_core.c **** USBD_StatusTypeDef USBD_LL_SetupStage(USBD_HandleTypeDef *pdev, uint8_t *psetup)
 264:Middlewares/ST/STM32_USB_Device_Library/Core/Src/usbd_core.c **** {
 336              		.loc 1 264 0
 337              		.cfi_startproc
 338              		@ args = 0, pretend = 0, frame = 0
 339              		@ frame_needed = 0, uses_anonymous_args = 0
 340              	.LVL30:
 341 0000 38B5     		push	{r3, r4, r5, lr}
 342              	.LCFI7:
 343              		.cfi_def_cfa_offset 16
 344              		.cfi_offset 3, -16
 345              		.cfi_offset 4, -12
 346              		.cfi_offset 5, -8
 347              		.cfi_offset 14, -4
 348 0002 0446     		mov	r4, r0
 265:Middlewares/ST/STM32_USB_Device_Library/Core/Src/usbd_core.c **** 
 266:Middlewares/ST/STM32_USB_Device_Library/Core/Src/usbd_core.c ****   USBD_ParseSetupRequest(&pdev->request, psetup);
 349              		.loc 1 266 0
 350 0004 00F50275 		add	r5, r0, #520
 351 0008 2846     		mov	r0, r5
 352              	.LVL31:
 353 000a FFF7FEFF 		bl	USBD_ParseSetupRequest
 354              	.LVL32:
 267:Middlewares/ST/STM32_USB_Device_Library/Core/Src/usbd_core.c ****   
 268:Middlewares/ST/STM32_USB_Device_Library/Core/Src/usbd_core.c ****   pdev->ep0_state = USBD_EP0_SETUP;
 355              		.loc 1 268 0
 356 000e 0123     		movs	r3, #1
 357 0010 C4F8F431 		str	r3, [r4, #500]
 269:Middlewares/ST/STM32_USB_Device_Library/Core/Src/usbd_core.c ****   pdev->ep0_data_len = pdev->request.wLength;
 358              		.loc 1 269 0
 359 0014 B4F80E32 		ldrh	r3, [r4, #526]
 360 0018 C4F8F831 		str	r3, [r4, #504]
 270:Middlewares/ST/STM32_USB_Device_Library/Core/Src/usbd_core.c ****   
 271:Middlewares/ST/STM32_USB_Device_Library/Core/Src/usbd_core.c ****   switch (pdev->request.bmRequest & 0x1F) 
 361              		.loc 1 271 0
 362 001c 94F80812 		ldrb	r1, [r4, #520]	@ zero_extendqisi2
 363 0020 01F01F03 		and	r3, r1, #31
 364 0024 012B     		cmp	r3, #1
 365 0026 0ED0     		beq	.L29
 366 0028 3BB1     		cbz	r3, .L30
 367 002a 022B     		cmp	r3, #2
 368 002c 10D0     		beq	.L31
 272:Middlewares/ST/STM32_USB_Device_Library/Core/Src/usbd_core.c ****   {
 273:Middlewares/ST/STM32_USB_Device_Library/Core/Src/usbd_core.c ****   case USB_REQ_RECIPIENT_DEVICE:   
ARM GAS  /var/folders/7p/1_dhylqx7nl5s8914_0f_4w00000gn/T//cchr6X0m.s 			page 12


 274:Middlewares/ST/STM32_USB_Device_Library/Core/Src/usbd_core.c ****     USBD_StdDevReq (pdev, &pdev->request);
 275:Middlewares/ST/STM32_USB_Device_Library/Core/Src/usbd_core.c ****     break;
 276:Middlewares/ST/STM32_USB_Device_Library/Core/Src/usbd_core.c ****     
 277:Middlewares/ST/STM32_USB_Device_Library/Core/Src/usbd_core.c ****   case USB_REQ_RECIPIENT_INTERFACE:     
 278:Middlewares/ST/STM32_USB_Device_Library/Core/Src/usbd_core.c ****     USBD_StdItfReq(pdev, &pdev->request);
 279:Middlewares/ST/STM32_USB_Device_Library/Core/Src/usbd_core.c ****     break;
 280:Middlewares/ST/STM32_USB_Device_Library/Core/Src/usbd_core.c ****     
 281:Middlewares/ST/STM32_USB_Device_Library/Core/Src/usbd_core.c ****   case USB_REQ_RECIPIENT_ENDPOINT:        
 282:Middlewares/ST/STM32_USB_Device_Library/Core/Src/usbd_core.c ****     USBD_StdEPReq(pdev, &pdev->request);   
 283:Middlewares/ST/STM32_USB_Device_Library/Core/Src/usbd_core.c ****     break;
 284:Middlewares/ST/STM32_USB_Device_Library/Core/Src/usbd_core.c ****     
 285:Middlewares/ST/STM32_USB_Device_Library/Core/Src/usbd_core.c ****   default:           
 286:Middlewares/ST/STM32_USB_Device_Library/Core/Src/usbd_core.c ****     USBD_LL_StallEP(pdev , pdev->request.bmRequest & 0x80);
 369              		.loc 1 286 0
 370 002e 01F08001 		and	r1, r1, #128
 371 0032 2046     		mov	r0, r4
 372 0034 FFF7FEFF 		bl	USBD_LL_StallEP
 373              	.LVL33:
 287:Middlewares/ST/STM32_USB_Device_Library/Core/Src/usbd_core.c ****     break;
 374              		.loc 1 287 0
 375 0038 03E0     		b	.L32
 376              	.L30:
 274:Middlewares/ST/STM32_USB_Device_Library/Core/Src/usbd_core.c ****     break;
 377              		.loc 1 274 0
 378 003a 2946     		mov	r1, r5
 379 003c 2046     		mov	r0, r4
 380 003e FFF7FEFF 		bl	USBD_StdDevReq
 381              	.LVL34:
 382              	.L32:
 288:Middlewares/ST/STM32_USB_Device_Library/Core/Src/usbd_core.c ****   }  
 289:Middlewares/ST/STM32_USB_Device_Library/Core/Src/usbd_core.c ****   return USBD_OK;  
 290:Middlewares/ST/STM32_USB_Device_Library/Core/Src/usbd_core.c **** }
 383              		.loc 1 290 0
 384 0042 0020     		movs	r0, #0
 385 0044 38BD     		pop	{r3, r4, r5, pc}
 386              	.LVL35:
 387              	.L29:
 278:Middlewares/ST/STM32_USB_Device_Library/Core/Src/usbd_core.c ****     break;
 388              		.loc 1 278 0
 389 0046 2946     		mov	r1, r5
 390 0048 2046     		mov	r0, r4
 391 004a FFF7FEFF 		bl	USBD_StdItfReq
 392              	.LVL36:
 279:Middlewares/ST/STM32_USB_Device_Library/Core/Src/usbd_core.c ****     
 393              		.loc 1 279 0
 394 004e F8E7     		b	.L32
 395              	.L31:
 282:Middlewares/ST/STM32_USB_Device_Library/Core/Src/usbd_core.c ****     break;
 396              		.loc 1 282 0
 397 0050 2946     		mov	r1, r5
 398 0052 2046     		mov	r0, r4
 399 0054 FFF7FEFF 		bl	USBD_StdEPReq
 400              	.LVL37:
 283:Middlewares/ST/STM32_USB_Device_Library/Core/Src/usbd_core.c ****     
 401              		.loc 1 283 0
 402 0058 F3E7     		b	.L32
 403              		.cfi_endproc
ARM GAS  /var/folders/7p/1_dhylqx7nl5s8914_0f_4w00000gn/T//cchr6X0m.s 			page 13


 404              	.LFE132:
 406              		.section	.text.USBD_LL_DataOutStage,"ax",%progbits
 407              		.align	1
 408              		.global	USBD_LL_DataOutStage
 409              		.syntax unified
 410              		.thumb
 411              		.thumb_func
 412              		.fpu fpv4-sp-d16
 414              	USBD_LL_DataOutStage:
 415              	.LFB133:
 291:Middlewares/ST/STM32_USB_Device_Library/Core/Src/usbd_core.c **** 
 292:Middlewares/ST/STM32_USB_Device_Library/Core/Src/usbd_core.c **** /**
 293:Middlewares/ST/STM32_USB_Device_Library/Core/Src/usbd_core.c **** * @brief  USBD_DataOutStage 
 294:Middlewares/ST/STM32_USB_Device_Library/Core/Src/usbd_core.c **** *         Handle data OUT stage
 295:Middlewares/ST/STM32_USB_Device_Library/Core/Src/usbd_core.c **** * @param  pdev: device instance
 296:Middlewares/ST/STM32_USB_Device_Library/Core/Src/usbd_core.c **** * @param  epnum: endpoint index
 297:Middlewares/ST/STM32_USB_Device_Library/Core/Src/usbd_core.c **** * @retval status
 298:Middlewares/ST/STM32_USB_Device_Library/Core/Src/usbd_core.c **** */
 299:Middlewares/ST/STM32_USB_Device_Library/Core/Src/usbd_core.c **** USBD_StatusTypeDef USBD_LL_DataOutStage(USBD_HandleTypeDef *pdev , uint8_t epnum, uint8_t *pdata)
 300:Middlewares/ST/STM32_USB_Device_Library/Core/Src/usbd_core.c **** {
 416              		.loc 1 300 0
 417              		.cfi_startproc
 418              		@ args = 0, pretend = 0, frame = 0
 419              		@ frame_needed = 0, uses_anonymous_args = 0
 420              	.LVL38:
 421 0000 10B5     		push	{r4, lr}
 422              	.LCFI8:
 423              		.cfi_def_cfa_offset 8
 424              		.cfi_offset 4, -8
 425              		.cfi_offset 14, -4
 426 0002 0446     		mov	r4, r0
 301:Middlewares/ST/STM32_USB_Device_Library/Core/Src/usbd_core.c ****   USBD_EndpointTypeDef    *pep;
 302:Middlewares/ST/STM32_USB_Device_Library/Core/Src/usbd_core.c ****   
 303:Middlewares/ST/STM32_USB_Device_Library/Core/Src/usbd_core.c ****   if(epnum == 0) 
 427              		.loc 1 303 0
 428 0004 19BB     		cbnz	r1, .L36
 429 0006 1346     		mov	r3, r2
 430              	.LVL39:
 304:Middlewares/ST/STM32_USB_Device_Library/Core/Src/usbd_core.c ****   {
 305:Middlewares/ST/STM32_USB_Device_Library/Core/Src/usbd_core.c ****     pep = &pdev->ep_out[0];
 306:Middlewares/ST/STM32_USB_Device_Library/Core/Src/usbd_core.c ****     
 307:Middlewares/ST/STM32_USB_Device_Library/Core/Src/usbd_core.c ****     if ( pdev->ep0_state == USBD_EP0_DATA_OUT)
 431              		.loc 1 307 0
 432 0008 D0F8F421 		ldr	r2, [r0, #500]
 433              	.LVL40:
 434 000c 032A     		cmp	r2, #3
 435 000e 27D1     		bne	.L37
 308:Middlewares/ST/STM32_USB_Device_Library/Core/Src/usbd_core.c ****     {
 309:Middlewares/ST/STM32_USB_Device_Library/Core/Src/usbd_core.c ****       if(pep->rem_length > pep->maxpacket)
 436              		.loc 1 309 0
 437 0010 D0F80C11 		ldr	r1, [r0, #268]
 438              	.LVL41:
 439 0014 D0F81021 		ldr	r2, [r0, #272]
 440 0018 9142     		cmp	r1, r2
 441 001a 0BD8     		bhi	.L41
 310:Middlewares/ST/STM32_USB_Device_Library/Core/Src/usbd_core.c ****       {
 311:Middlewares/ST/STM32_USB_Device_Library/Core/Src/usbd_core.c ****         pep->rem_length -=  pep->maxpacket;
ARM GAS  /var/folders/7p/1_dhylqx7nl5s8914_0f_4w00000gn/T//cchr6X0m.s 			page 14


 312:Middlewares/ST/STM32_USB_Device_Library/Core/Src/usbd_core.c ****        
 313:Middlewares/ST/STM32_USB_Device_Library/Core/Src/usbd_core.c ****         USBD_CtlContinueRx (pdev, 
 314:Middlewares/ST/STM32_USB_Device_Library/Core/Src/usbd_core.c ****                             pdata,
 315:Middlewares/ST/STM32_USB_Device_Library/Core/Src/usbd_core.c ****                             MIN(pep->rem_length ,pep->maxpacket));
 316:Middlewares/ST/STM32_USB_Device_Library/Core/Src/usbd_core.c ****       }
 317:Middlewares/ST/STM32_USB_Device_Library/Core/Src/usbd_core.c ****       else
 318:Middlewares/ST/STM32_USB_Device_Library/Core/Src/usbd_core.c ****       {
 319:Middlewares/ST/STM32_USB_Device_Library/Core/Src/usbd_core.c ****         if((pdev->pClass->EP0_RxReady != NULL)&&
 442              		.loc 1 319 0
 443 001c D0F81432 		ldr	r3, [r0, #532]
 444              	.LVL42:
 445 0020 1B69     		ldr	r3, [r3, #16]
 446 0022 1BB1     		cbz	r3, .L39
 320:Middlewares/ST/STM32_USB_Device_Library/Core/Src/usbd_core.c ****            (pdev->dev_state == USBD_STATE_CONFIGURED))
 447              		.loc 1 320 0 discriminator 1
 448 0024 90F8FC21 		ldrb	r2, [r0, #508]	@ zero_extendqisi2
 319:Middlewares/ST/STM32_USB_Device_Library/Core/Src/usbd_core.c ****            (pdev->dev_state == USBD_STATE_CONFIGURED))
 449              		.loc 1 319 0 discriminator 1
 450 0028 032A     		cmp	r2, #3
 451 002a 0ED0     		beq	.L42
 452              	.LVL43:
 453              	.L39:
 321:Middlewares/ST/STM32_USB_Device_Library/Core/Src/usbd_core.c ****         {
 322:Middlewares/ST/STM32_USB_Device_Library/Core/Src/usbd_core.c ****           pdev->pClass->EP0_RxReady(pdev); 
 323:Middlewares/ST/STM32_USB_Device_Library/Core/Src/usbd_core.c ****         }
 324:Middlewares/ST/STM32_USB_Device_Library/Core/Src/usbd_core.c ****         USBD_CtlSendStatus(pdev);
 454              		.loc 1 324 0
 455 002c 2046     		mov	r0, r4
 456 002e FFF7FEFF 		bl	USBD_CtlSendStatus
 457              	.LVL44:
 458 0032 15E0     		b	.L37
 459              	.LVL45:
 460              	.L41:
 311:Middlewares/ST/STM32_USB_Device_Library/Core/Src/usbd_core.c ****        
 461              		.loc 1 311 0
 462 0034 891A     		subs	r1, r1, r2
 463 0036 C0F80C11 		str	r1, [r0, #268]
 315:Middlewares/ST/STM32_USB_Device_Library/Core/Src/usbd_core.c ****       }
 464              		.loc 1 315 0
 465 003a 8A42     		cmp	r2, r1
 466 003c 28BF     		it	cs
 467 003e 0A46     		movcs	r2, r1
 313:Middlewares/ST/STM32_USB_Device_Library/Core/Src/usbd_core.c ****                             pdata,
 468              		.loc 1 313 0
 469 0040 92B2     		uxth	r2, r2
 470 0042 1946     		mov	r1, r3
 471 0044 FFF7FEFF 		bl	USBD_CtlContinueRx
 472              	.LVL46:
 473 0048 0AE0     		b	.L37
 474              	.LVL47:
 475              	.L42:
 322:Middlewares/ST/STM32_USB_Device_Library/Core/Src/usbd_core.c ****         }
 476              		.loc 1 322 0
 477 004a 9847     		blx	r3
 478              	.LVL48:
 479 004c EEE7     		b	.L39
 480              	.LVL49:
ARM GAS  /var/folders/7p/1_dhylqx7nl5s8914_0f_4w00000gn/T//cchr6X0m.s 			page 15


 481              	.L36:
 482 004e 0A46     		mov	r2, r1
 483              	.LVL50:
 325:Middlewares/ST/STM32_USB_Device_Library/Core/Src/usbd_core.c ****       }
 326:Middlewares/ST/STM32_USB_Device_Library/Core/Src/usbd_core.c ****     }
 327:Middlewares/ST/STM32_USB_Device_Library/Core/Src/usbd_core.c ****   }
 328:Middlewares/ST/STM32_USB_Device_Library/Core/Src/usbd_core.c ****   else if((pdev->pClass->DataOut != NULL)&&
 484              		.loc 1 328 0
 485 0050 D0F81432 		ldr	r3, [r0, #532]
 486 0054 9B69     		ldr	r3, [r3, #24]
 487 0056 1BB1     		cbz	r3, .L37
 329:Middlewares/ST/STM32_USB_Device_Library/Core/Src/usbd_core.c ****           (pdev->dev_state == USBD_STATE_CONFIGURED))
 488              		.loc 1 329 0 discriminator 1
 489 0058 90F8FC11 		ldrb	r1, [r0, #508]	@ zero_extendqisi2
 490              	.LVL51:
 328:Middlewares/ST/STM32_USB_Device_Library/Core/Src/usbd_core.c ****           (pdev->dev_state == USBD_STATE_CONFIGURED))
 491              		.loc 1 328 0 discriminator 1
 492 005c 0329     		cmp	r1, #3
 493 005e 01D0     		beq	.L43
 494              	.LVL52:
 495              	.L37:
 330:Middlewares/ST/STM32_USB_Device_Library/Core/Src/usbd_core.c ****   {
 331:Middlewares/ST/STM32_USB_Device_Library/Core/Src/usbd_core.c ****     pdev->pClass->DataOut(pdev, epnum); 
 332:Middlewares/ST/STM32_USB_Device_Library/Core/Src/usbd_core.c ****   }  
 333:Middlewares/ST/STM32_USB_Device_Library/Core/Src/usbd_core.c ****   return USBD_OK;
 334:Middlewares/ST/STM32_USB_Device_Library/Core/Src/usbd_core.c **** }
 496              		.loc 1 334 0
 497 0060 0020     		movs	r0, #0
 498 0062 10BD     		pop	{r4, pc}
 499              	.LVL53:
 500              	.L43:
 331:Middlewares/ST/STM32_USB_Device_Library/Core/Src/usbd_core.c ****   }  
 501              		.loc 1 331 0
 502 0064 1146     		mov	r1, r2
 503 0066 9847     		blx	r3
 504              	.LVL54:
 505 0068 FAE7     		b	.L37
 506              		.cfi_endproc
 507              	.LFE133:
 509              		.section	.text.USBD_LL_DataInStage,"ax",%progbits
 510              		.align	1
 511              		.global	USBD_LL_DataInStage
 512              		.syntax unified
 513              		.thumb
 514              		.thumb_func
 515              		.fpu fpv4-sp-d16
 517              	USBD_LL_DataInStage:
 518              	.LFB134:
 335:Middlewares/ST/STM32_USB_Device_Library/Core/Src/usbd_core.c **** 
 336:Middlewares/ST/STM32_USB_Device_Library/Core/Src/usbd_core.c **** /**
 337:Middlewares/ST/STM32_USB_Device_Library/Core/Src/usbd_core.c **** * @brief  USBD_DataInStage 
 338:Middlewares/ST/STM32_USB_Device_Library/Core/Src/usbd_core.c **** *         Handle data in stage
 339:Middlewares/ST/STM32_USB_Device_Library/Core/Src/usbd_core.c **** * @param  pdev: device instance
 340:Middlewares/ST/STM32_USB_Device_Library/Core/Src/usbd_core.c **** * @param  epnum: endpoint index
 341:Middlewares/ST/STM32_USB_Device_Library/Core/Src/usbd_core.c **** * @retval status
 342:Middlewares/ST/STM32_USB_Device_Library/Core/Src/usbd_core.c **** */
 343:Middlewares/ST/STM32_USB_Device_Library/Core/Src/usbd_core.c **** USBD_StatusTypeDef USBD_LL_DataInStage(USBD_HandleTypeDef *pdev ,uint8_t epnum, uint8_t *pdata)
ARM GAS  /var/folders/7p/1_dhylqx7nl5s8914_0f_4w00000gn/T//cchr6X0m.s 			page 16


 344:Middlewares/ST/STM32_USB_Device_Library/Core/Src/usbd_core.c **** {
 519              		.loc 1 344 0
 520              		.cfi_startproc
 521              		@ args = 0, pretend = 0, frame = 0
 522              		@ frame_needed = 0, uses_anonymous_args = 0
 523              	.LVL55:
 524 0000 10B5     		push	{r4, lr}
 525              	.LCFI9:
 526              		.cfi_def_cfa_offset 8
 527              		.cfi_offset 4, -8
 528              		.cfi_offset 14, -4
 529 0002 0446     		mov	r4, r0
 345:Middlewares/ST/STM32_USB_Device_Library/Core/Src/usbd_core.c ****   USBD_EndpointTypeDef    *pep;
 346:Middlewares/ST/STM32_USB_Device_Library/Core/Src/usbd_core.c ****     
 347:Middlewares/ST/STM32_USB_Device_Library/Core/Src/usbd_core.c ****   if(epnum == 0) 
 530              		.loc 1 347 0
 531 0004 0029     		cmp	r1, #0
 532 0006 47D1     		bne	.L45
 533 0008 1346     		mov	r3, r2
 534              	.LVL56:
 348:Middlewares/ST/STM32_USB_Device_Library/Core/Src/usbd_core.c ****   {
 349:Middlewares/ST/STM32_USB_Device_Library/Core/Src/usbd_core.c ****     pep = &pdev->ep_in[0];
 350:Middlewares/ST/STM32_USB_Device_Library/Core/Src/usbd_core.c ****     
 351:Middlewares/ST/STM32_USB_Device_Library/Core/Src/usbd_core.c ****     if ( pdev->ep0_state == USBD_EP0_DATA_IN)
 535              		.loc 1 351 0
 536 000a D0F8F421 		ldr	r2, [r0, #500]
 537              	.LVL57:
 538 000e 022A     		cmp	r2, #2
 539 0010 05D0     		beq	.L52
 540              	.LVL58:
 541              	.L46:
 352:Middlewares/ST/STM32_USB_Device_Library/Core/Src/usbd_core.c ****     {
 353:Middlewares/ST/STM32_USB_Device_Library/Core/Src/usbd_core.c ****       if(pep->rem_length > pep->maxpacket)
 354:Middlewares/ST/STM32_USB_Device_Library/Core/Src/usbd_core.c ****       {
 355:Middlewares/ST/STM32_USB_Device_Library/Core/Src/usbd_core.c ****         pep->rem_length -=  pep->maxpacket;
 356:Middlewares/ST/STM32_USB_Device_Library/Core/Src/usbd_core.c ****         
 357:Middlewares/ST/STM32_USB_Device_Library/Core/Src/usbd_core.c ****         USBD_CtlContinueSendData (pdev, 
 358:Middlewares/ST/STM32_USB_Device_Library/Core/Src/usbd_core.c ****                                   pdata, 
 359:Middlewares/ST/STM32_USB_Device_Library/Core/Src/usbd_core.c ****                                   pep->rem_length);
 360:Middlewares/ST/STM32_USB_Device_Library/Core/Src/usbd_core.c ****         
 361:Middlewares/ST/STM32_USB_Device_Library/Core/Src/usbd_core.c ****         /* Prepare endpoint for premature end of transfer */
 362:Middlewares/ST/STM32_USB_Device_Library/Core/Src/usbd_core.c ****         USBD_LL_PrepareReceive (pdev,
 363:Middlewares/ST/STM32_USB_Device_Library/Core/Src/usbd_core.c ****                                 0,
 364:Middlewares/ST/STM32_USB_Device_Library/Core/Src/usbd_core.c ****                                 NULL,
 365:Middlewares/ST/STM32_USB_Device_Library/Core/Src/usbd_core.c ****                                 0);  
 366:Middlewares/ST/STM32_USB_Device_Library/Core/Src/usbd_core.c ****       }
 367:Middlewares/ST/STM32_USB_Device_Library/Core/Src/usbd_core.c ****       else
 368:Middlewares/ST/STM32_USB_Device_Library/Core/Src/usbd_core.c ****       { /* last packet is MPS multiple, so send ZLP packet */
 369:Middlewares/ST/STM32_USB_Device_Library/Core/Src/usbd_core.c ****         if((pep->total_length % pep->maxpacket == 0) &&
 370:Middlewares/ST/STM32_USB_Device_Library/Core/Src/usbd_core.c ****            (pep->total_length >= pep->maxpacket) &&
 371:Middlewares/ST/STM32_USB_Device_Library/Core/Src/usbd_core.c ****              (pep->total_length < pdev->ep0_data_len ))
 372:Middlewares/ST/STM32_USB_Device_Library/Core/Src/usbd_core.c ****         {
 373:Middlewares/ST/STM32_USB_Device_Library/Core/Src/usbd_core.c ****           
 374:Middlewares/ST/STM32_USB_Device_Library/Core/Src/usbd_core.c ****           USBD_CtlContinueSendData(pdev , NULL, 0);
 375:Middlewares/ST/STM32_USB_Device_Library/Core/Src/usbd_core.c ****           pdev->ep0_data_len = 0;
 376:Middlewares/ST/STM32_USB_Device_Library/Core/Src/usbd_core.c ****           
 377:Middlewares/ST/STM32_USB_Device_Library/Core/Src/usbd_core.c ****         /* Prepare endpoint for premature end of transfer */
ARM GAS  /var/folders/7p/1_dhylqx7nl5s8914_0f_4w00000gn/T//cchr6X0m.s 			page 17


 378:Middlewares/ST/STM32_USB_Device_Library/Core/Src/usbd_core.c ****         USBD_LL_PrepareReceive (pdev,
 379:Middlewares/ST/STM32_USB_Device_Library/Core/Src/usbd_core.c ****                                 0,
 380:Middlewares/ST/STM32_USB_Device_Library/Core/Src/usbd_core.c ****                                 NULL,
 381:Middlewares/ST/STM32_USB_Device_Library/Core/Src/usbd_core.c ****                                 0);
 382:Middlewares/ST/STM32_USB_Device_Library/Core/Src/usbd_core.c ****         }
 383:Middlewares/ST/STM32_USB_Device_Library/Core/Src/usbd_core.c ****         else
 384:Middlewares/ST/STM32_USB_Device_Library/Core/Src/usbd_core.c ****         {
 385:Middlewares/ST/STM32_USB_Device_Library/Core/Src/usbd_core.c ****           if((pdev->pClass->EP0_TxSent != NULL)&&
 386:Middlewares/ST/STM32_USB_Device_Library/Core/Src/usbd_core.c ****              (pdev->dev_state == USBD_STATE_CONFIGURED))
 387:Middlewares/ST/STM32_USB_Device_Library/Core/Src/usbd_core.c ****           {
 388:Middlewares/ST/STM32_USB_Device_Library/Core/Src/usbd_core.c ****             pdev->pClass->EP0_TxSent(pdev); 
 389:Middlewares/ST/STM32_USB_Device_Library/Core/Src/usbd_core.c ****           }          
 390:Middlewares/ST/STM32_USB_Device_Library/Core/Src/usbd_core.c ****           USBD_CtlReceiveStatus(pdev);
 391:Middlewares/ST/STM32_USB_Device_Library/Core/Src/usbd_core.c ****         }
 392:Middlewares/ST/STM32_USB_Device_Library/Core/Src/usbd_core.c ****       }
 393:Middlewares/ST/STM32_USB_Device_Library/Core/Src/usbd_core.c ****     }
 394:Middlewares/ST/STM32_USB_Device_Library/Core/Src/usbd_core.c ****     if (pdev->dev_test_mode == 1)
 542              		.loc 1 394 0
 543 0012 94F80032 		ldrb	r3, [r4, #512]	@ zero_extendqisi2
 544 0016 012B     		cmp	r3, #1
 545 0018 3AD0     		beq	.L53
 546              	.LVL59:
 547              	.L50:
 395:Middlewares/ST/STM32_USB_Device_Library/Core/Src/usbd_core.c ****     {
 396:Middlewares/ST/STM32_USB_Device_Library/Core/Src/usbd_core.c ****       USBD_RunTestMode(pdev); 
 397:Middlewares/ST/STM32_USB_Device_Library/Core/Src/usbd_core.c ****       pdev->dev_test_mode = 0;
 398:Middlewares/ST/STM32_USB_Device_Library/Core/Src/usbd_core.c ****     }
 399:Middlewares/ST/STM32_USB_Device_Library/Core/Src/usbd_core.c ****   }
 400:Middlewares/ST/STM32_USB_Device_Library/Core/Src/usbd_core.c ****   else if((pdev->pClass->DataIn != NULL)&& 
 401:Middlewares/ST/STM32_USB_Device_Library/Core/Src/usbd_core.c ****           (pdev->dev_state == USBD_STATE_CONFIGURED))
 402:Middlewares/ST/STM32_USB_Device_Library/Core/Src/usbd_core.c ****   {
 403:Middlewares/ST/STM32_USB_Device_Library/Core/Src/usbd_core.c ****     pdev->pClass->DataIn(pdev, epnum); 
 404:Middlewares/ST/STM32_USB_Device_Library/Core/Src/usbd_core.c ****   }  
 405:Middlewares/ST/STM32_USB_Device_Library/Core/Src/usbd_core.c ****   return USBD_OK;
 406:Middlewares/ST/STM32_USB_Device_Library/Core/Src/usbd_core.c **** }
 548              		.loc 1 406 0
 549 001a 0020     		movs	r0, #0
 550 001c 10BD     		pop	{r4, pc}
 551              	.LVL60:
 552              	.L52:
 353:Middlewares/ST/STM32_USB_Device_Library/Core/Src/usbd_core.c ****       {
 553              		.loc 1 353 0
 554 001e C169     		ldr	r1, [r0, #28]
 555              	.LVL61:
 556 0020 026A     		ldr	r2, [r0, #32]
 557 0022 9142     		cmp	r1, r2
 558 0024 17D8     		bhi	.L54
 369:Middlewares/ST/STM32_USB_Device_Library/Core/Src/usbd_core.c ****            (pep->total_length >= pep->maxpacket) &&
 559              		.loc 1 369 0
 560 0026 8169     		ldr	r1, [r0, #24]
 561 0028 B1FBF2F3 		udiv	r3, r1, r2
 562              	.LVL62:
 563 002c 02FB1313 		mls	r3, r2, r3, r1
 564 0030 2BB9     		cbnz	r3, .L48
 369:Middlewares/ST/STM32_USB_Device_Library/Core/Src/usbd_core.c ****            (pep->total_length >= pep->maxpacket) &&
 565              		.loc 1 369 0 is_stmt 0 discriminator 1
 566 0032 8A42     		cmp	r2, r1
ARM GAS  /var/folders/7p/1_dhylqx7nl5s8914_0f_4w00000gn/T//cchr6X0m.s 			page 18


 567 0034 03D8     		bhi	.L48
 371:Middlewares/ST/STM32_USB_Device_Library/Core/Src/usbd_core.c ****         {
 568              		.loc 1 371 0 is_stmt 1
 569 0036 D0F8F831 		ldr	r3, [r0, #504]
 370:Middlewares/ST/STM32_USB_Device_Library/Core/Src/usbd_core.c ****              (pep->total_length < pdev->ep0_data_len ))
 570              		.loc 1 370 0
 571 003a 9942     		cmp	r1, r3
 572 003c 18D3     		bcc	.L55
 573              	.L48:
 385:Middlewares/ST/STM32_USB_Device_Library/Core/Src/usbd_core.c ****              (pdev->dev_state == USBD_STATE_CONFIGURED))
 574              		.loc 1 385 0
 575 003e D4F81432 		ldr	r3, [r4, #532]
 576 0042 DB68     		ldr	r3, [r3, #12]
 577 0044 1BB1     		cbz	r3, .L49
 386:Middlewares/ST/STM32_USB_Device_Library/Core/Src/usbd_core.c ****           {
 578              		.loc 1 386 0 discriminator 1
 579 0046 94F8FC21 		ldrb	r2, [r4, #508]	@ zero_extendqisi2
 385:Middlewares/ST/STM32_USB_Device_Library/Core/Src/usbd_core.c ****              (pdev->dev_state == USBD_STATE_CONFIGURED))
 580              		.loc 1 385 0 discriminator 1
 581 004a 032A     		cmp	r2, #3
 582 004c 1DD0     		beq	.L56
 583              	.LVL63:
 584              	.L49:
 390:Middlewares/ST/STM32_USB_Device_Library/Core/Src/usbd_core.c ****         }
 585              		.loc 1 390 0
 586 004e 2046     		mov	r0, r4
 587 0050 FFF7FEFF 		bl	USBD_CtlReceiveStatus
 588              	.LVL64:
 589 0054 DDE7     		b	.L46
 590              	.LVL65:
 591              	.L54:
 355:Middlewares/ST/STM32_USB_Device_Library/Core/Src/usbd_core.c ****         
 592              		.loc 1 355 0
 593 0056 8A1A     		subs	r2, r1, r2
 594 0058 C261     		str	r2, [r0, #28]
 357:Middlewares/ST/STM32_USB_Device_Library/Core/Src/usbd_core.c ****                                   pdata, 
 595              		.loc 1 357 0
 596 005a 92B2     		uxth	r2, r2
 597 005c 1946     		mov	r1, r3
 598 005e FFF7FEFF 		bl	USBD_CtlContinueSendData
 599              	.LVL66:
 362:Middlewares/ST/STM32_USB_Device_Library/Core/Src/usbd_core.c ****                                 0,
 600              		.loc 1 362 0
 601 0062 0023     		movs	r3, #0
 602 0064 1A46     		mov	r2, r3
 603 0066 1946     		mov	r1, r3
 604 0068 2046     		mov	r0, r4
 605 006a FFF7FEFF 		bl	USBD_LL_PrepareReceive
 606              	.LVL67:
 607 006e D0E7     		b	.L46
 608              	.LVL68:
 609              	.L55:
 374:Middlewares/ST/STM32_USB_Device_Library/Core/Src/usbd_core.c ****           pdev->ep0_data_len = 0;
 610              		.loc 1 374 0
 611 0070 0022     		movs	r2, #0
 612 0072 1146     		mov	r1, r2
 613 0074 FFF7FEFF 		bl	USBD_CtlContinueSendData
ARM GAS  /var/folders/7p/1_dhylqx7nl5s8914_0f_4w00000gn/T//cchr6X0m.s 			page 19


 614              	.LVL69:
 375:Middlewares/ST/STM32_USB_Device_Library/Core/Src/usbd_core.c ****           
 615              		.loc 1 375 0
 616 0078 0021     		movs	r1, #0
 617 007a C4F8F811 		str	r1, [r4, #504]
 378:Middlewares/ST/STM32_USB_Device_Library/Core/Src/usbd_core.c ****                                 0,
 618              		.loc 1 378 0
 619 007e 0B46     		mov	r3, r1
 620 0080 0A46     		mov	r2, r1
 621 0082 2046     		mov	r0, r4
 622 0084 FFF7FEFF 		bl	USBD_LL_PrepareReceive
 623              	.LVL70:
 624 0088 C3E7     		b	.L46
 625              	.LVL71:
 626              	.L56:
 388:Middlewares/ST/STM32_USB_Device_Library/Core/Src/usbd_core.c ****           }          
 627              		.loc 1 388 0
 628 008a 2046     		mov	r0, r4
 629              	.LVL72:
 630 008c 9847     		blx	r3
 631              	.LVL73:
 632 008e DEE7     		b	.L49
 633              	.L53:
 397:Middlewares/ST/STM32_USB_Device_Library/Core/Src/usbd_core.c ****     }
 634              		.loc 1 397 0
 635 0090 0023     		movs	r3, #0
 636 0092 84F80032 		strb	r3, [r4, #512]
 637 0096 C0E7     		b	.L50
 638              	.LVL74:
 639              	.L45:
 640 0098 0A46     		mov	r2, r1
 641              	.LVL75:
 400:Middlewares/ST/STM32_USB_Device_Library/Core/Src/usbd_core.c ****           (pdev->dev_state == USBD_STATE_CONFIGURED))
 642              		.loc 1 400 0
 643 009a D0F81432 		ldr	r3, [r0, #532]
 644 009e 5B69     		ldr	r3, [r3, #20]
 645 00a0 002B     		cmp	r3, #0
 646 00a2 BAD0     		beq	.L50
 401:Middlewares/ST/STM32_USB_Device_Library/Core/Src/usbd_core.c ****   {
 647              		.loc 1 401 0 discriminator 1
 648 00a4 90F8FC11 		ldrb	r1, [r0, #508]	@ zero_extendqisi2
 649              	.LVL76:
 400:Middlewares/ST/STM32_USB_Device_Library/Core/Src/usbd_core.c ****           (pdev->dev_state == USBD_STATE_CONFIGURED))
 650              		.loc 1 400 0 discriminator 1
 651 00a8 0329     		cmp	r1, #3
 652 00aa B6D1     		bne	.L50
 403:Middlewares/ST/STM32_USB_Device_Library/Core/Src/usbd_core.c ****   }  
 653              		.loc 1 403 0
 654 00ac 1146     		mov	r1, r2
 655 00ae 9847     		blx	r3
 656              	.LVL77:
 657 00b0 B3E7     		b	.L50
 658              		.cfi_endproc
 659              	.LFE134:
 661              		.section	.text.USBD_LL_Reset,"ax",%progbits
 662              		.align	1
 663              		.global	USBD_LL_Reset
ARM GAS  /var/folders/7p/1_dhylqx7nl5s8914_0f_4w00000gn/T//cchr6X0m.s 			page 20


 664              		.syntax unified
 665              		.thumb
 666              		.thumb_func
 667              		.fpu fpv4-sp-d16
 669              	USBD_LL_Reset:
 670              	.LFB135:
 407:Middlewares/ST/STM32_USB_Device_Library/Core/Src/usbd_core.c **** 
 408:Middlewares/ST/STM32_USB_Device_Library/Core/Src/usbd_core.c **** /**
 409:Middlewares/ST/STM32_USB_Device_Library/Core/Src/usbd_core.c **** * @brief  USBD_LL_Reset 
 410:Middlewares/ST/STM32_USB_Device_Library/Core/Src/usbd_core.c **** *         Handle Reset event
 411:Middlewares/ST/STM32_USB_Device_Library/Core/Src/usbd_core.c **** * @param  pdev: device instance
 412:Middlewares/ST/STM32_USB_Device_Library/Core/Src/usbd_core.c **** * @retval status
 413:Middlewares/ST/STM32_USB_Device_Library/Core/Src/usbd_core.c **** */
 414:Middlewares/ST/STM32_USB_Device_Library/Core/Src/usbd_core.c **** 
 415:Middlewares/ST/STM32_USB_Device_Library/Core/Src/usbd_core.c **** USBD_StatusTypeDef USBD_LL_Reset(USBD_HandleTypeDef  *pdev)
 416:Middlewares/ST/STM32_USB_Device_Library/Core/Src/usbd_core.c **** {
 671              		.loc 1 416 0
 672              		.cfi_startproc
 673              		@ args = 0, pretend = 0, frame = 0
 674              		@ frame_needed = 0, uses_anonymous_args = 0
 675              	.LVL78:
 676 0000 38B5     		push	{r3, r4, r5, lr}
 677              	.LCFI10:
 678              		.cfi_def_cfa_offset 16
 679              		.cfi_offset 3, -16
 680              		.cfi_offset 4, -12
 681              		.cfi_offset 5, -8
 682              		.cfi_offset 14, -4
 683 0002 0446     		mov	r4, r0
 417:Middlewares/ST/STM32_USB_Device_Library/Core/Src/usbd_core.c ****   /* Open EP0 OUT */
 418:Middlewares/ST/STM32_USB_Device_Library/Core/Src/usbd_core.c ****   USBD_LL_OpenEP(pdev,
 684              		.loc 1 418 0
 685 0004 4023     		movs	r3, #64
 686 0006 0022     		movs	r2, #0
 687 0008 1146     		mov	r1, r2
 688 000a FFF7FEFF 		bl	USBD_LL_OpenEP
 689              	.LVL79:
 419:Middlewares/ST/STM32_USB_Device_Library/Core/Src/usbd_core.c ****               0x00,
 420:Middlewares/ST/STM32_USB_Device_Library/Core/Src/usbd_core.c ****               USBD_EP_TYPE_CTRL,
 421:Middlewares/ST/STM32_USB_Device_Library/Core/Src/usbd_core.c ****               USB_MAX_EP0_SIZE);
 422:Middlewares/ST/STM32_USB_Device_Library/Core/Src/usbd_core.c ****   
 423:Middlewares/ST/STM32_USB_Device_Library/Core/Src/usbd_core.c ****   pdev->ep_out[0].maxpacket = USB_MAX_EP0_SIZE;
 690              		.loc 1 423 0
 691 000e 4025     		movs	r5, #64
 692 0010 C4F81051 		str	r5, [r4, #272]
 424:Middlewares/ST/STM32_USB_Device_Library/Core/Src/usbd_core.c ****   
 425:Middlewares/ST/STM32_USB_Device_Library/Core/Src/usbd_core.c ****   /* Open EP0 IN */
 426:Middlewares/ST/STM32_USB_Device_Library/Core/Src/usbd_core.c ****   USBD_LL_OpenEP(pdev,
 693              		.loc 1 426 0
 694 0014 2B46     		mov	r3, r5
 695 0016 0022     		movs	r2, #0
 696 0018 8021     		movs	r1, #128
 697 001a 2046     		mov	r0, r4
 698 001c FFF7FEFF 		bl	USBD_LL_OpenEP
 699              	.LVL80:
 427:Middlewares/ST/STM32_USB_Device_Library/Core/Src/usbd_core.c ****               0x80,
 428:Middlewares/ST/STM32_USB_Device_Library/Core/Src/usbd_core.c ****               USBD_EP_TYPE_CTRL,
ARM GAS  /var/folders/7p/1_dhylqx7nl5s8914_0f_4w00000gn/T//cchr6X0m.s 			page 21


 429:Middlewares/ST/STM32_USB_Device_Library/Core/Src/usbd_core.c ****               USB_MAX_EP0_SIZE);
 430:Middlewares/ST/STM32_USB_Device_Library/Core/Src/usbd_core.c ****   
 431:Middlewares/ST/STM32_USB_Device_Library/Core/Src/usbd_core.c ****   pdev->ep_in[0].maxpacket = USB_MAX_EP0_SIZE;
 700              		.loc 1 431 0
 701 0020 2562     		str	r5, [r4, #32]
 432:Middlewares/ST/STM32_USB_Device_Library/Core/Src/usbd_core.c ****   /* Upon Reset call user call back */
 433:Middlewares/ST/STM32_USB_Device_Library/Core/Src/usbd_core.c ****   pdev->dev_state = USBD_STATE_DEFAULT;
 702              		.loc 1 433 0
 703 0022 0123     		movs	r3, #1
 704 0024 84F8FC31 		strb	r3, [r4, #508]
 434:Middlewares/ST/STM32_USB_Device_Library/Core/Src/usbd_core.c ****   
 435:Middlewares/ST/STM32_USB_Device_Library/Core/Src/usbd_core.c ****   if (pdev->pClassData) 
 705              		.loc 1 435 0
 706 0028 D4F81832 		ldr	r3, [r4, #536]
 707 002c 2BB1     		cbz	r3, .L58
 436:Middlewares/ST/STM32_USB_Device_Library/Core/Src/usbd_core.c ****     pdev->pClass->DeInit(pdev, pdev->dev_config);  
 708              		.loc 1 436 0
 709 002e D4F81432 		ldr	r3, [r4, #532]
 710 0032 5B68     		ldr	r3, [r3, #4]
 711 0034 2179     		ldrb	r1, [r4, #4]	@ zero_extendqisi2
 712 0036 2046     		mov	r0, r4
 713 0038 9847     		blx	r3
 714              	.LVL81:
 715              	.L58:
 437:Middlewares/ST/STM32_USB_Device_Library/Core/Src/usbd_core.c ****  
 438:Middlewares/ST/STM32_USB_Device_Library/Core/Src/usbd_core.c ****   
 439:Middlewares/ST/STM32_USB_Device_Library/Core/Src/usbd_core.c ****   return USBD_OK;
 440:Middlewares/ST/STM32_USB_Device_Library/Core/Src/usbd_core.c **** }
 716              		.loc 1 440 0
 717 003a 0020     		movs	r0, #0
 718 003c 38BD     		pop	{r3, r4, r5, pc}
 719              		.cfi_endproc
 720              	.LFE135:
 722              		.section	.text.USBD_LL_SetSpeed,"ax",%progbits
 723              		.align	1
 724              		.global	USBD_LL_SetSpeed
 725              		.syntax unified
 726              		.thumb
 727              		.thumb_func
 728              		.fpu fpv4-sp-d16
 730              	USBD_LL_SetSpeed:
 731              	.LFB136:
 441:Middlewares/ST/STM32_USB_Device_Library/Core/Src/usbd_core.c **** 
 442:Middlewares/ST/STM32_USB_Device_Library/Core/Src/usbd_core.c **** 
 443:Middlewares/ST/STM32_USB_Device_Library/Core/Src/usbd_core.c **** 
 444:Middlewares/ST/STM32_USB_Device_Library/Core/Src/usbd_core.c **** 
 445:Middlewares/ST/STM32_USB_Device_Library/Core/Src/usbd_core.c **** /**
 446:Middlewares/ST/STM32_USB_Device_Library/Core/Src/usbd_core.c **** * @brief  USBD_LL_Reset 
 447:Middlewares/ST/STM32_USB_Device_Library/Core/Src/usbd_core.c **** *         Handle Reset event
 448:Middlewares/ST/STM32_USB_Device_Library/Core/Src/usbd_core.c **** * @param  pdev: device instance
 449:Middlewares/ST/STM32_USB_Device_Library/Core/Src/usbd_core.c **** * @retval status
 450:Middlewares/ST/STM32_USB_Device_Library/Core/Src/usbd_core.c **** */
 451:Middlewares/ST/STM32_USB_Device_Library/Core/Src/usbd_core.c **** USBD_StatusTypeDef USBD_LL_SetSpeed(USBD_HandleTypeDef  *pdev, USBD_SpeedTypeDef speed)
 452:Middlewares/ST/STM32_USB_Device_Library/Core/Src/usbd_core.c **** {
 732              		.loc 1 452 0
 733              		.cfi_startproc
 734              		@ args = 0, pretend = 0, frame = 0
ARM GAS  /var/folders/7p/1_dhylqx7nl5s8914_0f_4w00000gn/T//cchr6X0m.s 			page 22


 735              		@ frame_needed = 0, uses_anonymous_args = 0
 736              		@ link register save eliminated.
 737              	.LVL82:
 453:Middlewares/ST/STM32_USB_Device_Library/Core/Src/usbd_core.c ****   pdev->dev_speed = speed;
 738              		.loc 1 453 0
 739 0000 0174     		strb	r1, [r0, #16]
 454:Middlewares/ST/STM32_USB_Device_Library/Core/Src/usbd_core.c ****   return USBD_OK;
 455:Middlewares/ST/STM32_USB_Device_Library/Core/Src/usbd_core.c **** }
 740              		.loc 1 455 0
 741 0002 0020     		movs	r0, #0
 742              	.LVL83:
 743 0004 7047     		bx	lr
 744              		.cfi_endproc
 745              	.LFE136:
 747              		.section	.text.USBD_LL_Suspend,"ax",%progbits
 748              		.align	1
 749              		.global	USBD_LL_Suspend
 750              		.syntax unified
 751              		.thumb
 752              		.thumb_func
 753              		.fpu fpv4-sp-d16
 755              	USBD_LL_Suspend:
 756              	.LFB137:
 456:Middlewares/ST/STM32_USB_Device_Library/Core/Src/usbd_core.c **** 
 457:Middlewares/ST/STM32_USB_Device_Library/Core/Src/usbd_core.c **** /**
 458:Middlewares/ST/STM32_USB_Device_Library/Core/Src/usbd_core.c **** * @brief  USBD_Suspend 
 459:Middlewares/ST/STM32_USB_Device_Library/Core/Src/usbd_core.c **** *         Handle Suspend event
 460:Middlewares/ST/STM32_USB_Device_Library/Core/Src/usbd_core.c **** * @param  pdev: device instance
 461:Middlewares/ST/STM32_USB_Device_Library/Core/Src/usbd_core.c **** * @retval status
 462:Middlewares/ST/STM32_USB_Device_Library/Core/Src/usbd_core.c **** */
 463:Middlewares/ST/STM32_USB_Device_Library/Core/Src/usbd_core.c **** 
 464:Middlewares/ST/STM32_USB_Device_Library/Core/Src/usbd_core.c **** USBD_StatusTypeDef USBD_LL_Suspend(USBD_HandleTypeDef  *pdev)
 465:Middlewares/ST/STM32_USB_Device_Library/Core/Src/usbd_core.c **** {
 757              		.loc 1 465 0
 758              		.cfi_startproc
 759              		@ args = 0, pretend = 0, frame = 0
 760              		@ frame_needed = 0, uses_anonymous_args = 0
 761              		@ link register save eliminated.
 762              	.LVL84:
 466:Middlewares/ST/STM32_USB_Device_Library/Core/Src/usbd_core.c ****   pdev->dev_old_state =  pdev->dev_state;
 763              		.loc 1 466 0
 764 0000 90F8FC31 		ldrb	r3, [r0, #508]	@ zero_extendqisi2
 765 0004 80F8FD31 		strb	r3, [r0, #509]
 467:Middlewares/ST/STM32_USB_Device_Library/Core/Src/usbd_core.c ****   pdev->dev_state  = USBD_STATE_SUSPENDED;
 766              		.loc 1 467 0
 767 0008 0423     		movs	r3, #4
 768 000a 80F8FC31 		strb	r3, [r0, #508]
 468:Middlewares/ST/STM32_USB_Device_Library/Core/Src/usbd_core.c ****   return USBD_OK;
 469:Middlewares/ST/STM32_USB_Device_Library/Core/Src/usbd_core.c **** }
 769              		.loc 1 469 0
 770 000e 0020     		movs	r0, #0
 771              	.LVL85:
 772 0010 7047     		bx	lr
 773              		.cfi_endproc
 774              	.LFE137:
 776              		.section	.text.USBD_LL_Resume,"ax",%progbits
 777              		.align	1
ARM GAS  /var/folders/7p/1_dhylqx7nl5s8914_0f_4w00000gn/T//cchr6X0m.s 			page 23


 778              		.global	USBD_LL_Resume
 779              		.syntax unified
 780              		.thumb
 781              		.thumb_func
 782              		.fpu fpv4-sp-d16
 784              	USBD_LL_Resume:
 785              	.LFB138:
 470:Middlewares/ST/STM32_USB_Device_Library/Core/Src/usbd_core.c **** 
 471:Middlewares/ST/STM32_USB_Device_Library/Core/Src/usbd_core.c **** /**
 472:Middlewares/ST/STM32_USB_Device_Library/Core/Src/usbd_core.c **** * @brief  USBD_Resume 
 473:Middlewares/ST/STM32_USB_Device_Library/Core/Src/usbd_core.c **** *         Handle Resume event
 474:Middlewares/ST/STM32_USB_Device_Library/Core/Src/usbd_core.c **** * @param  pdev: device instance
 475:Middlewares/ST/STM32_USB_Device_Library/Core/Src/usbd_core.c **** * @retval status
 476:Middlewares/ST/STM32_USB_Device_Library/Core/Src/usbd_core.c **** */
 477:Middlewares/ST/STM32_USB_Device_Library/Core/Src/usbd_core.c **** 
 478:Middlewares/ST/STM32_USB_Device_Library/Core/Src/usbd_core.c **** USBD_StatusTypeDef USBD_LL_Resume(USBD_HandleTypeDef  *pdev)
 479:Middlewares/ST/STM32_USB_Device_Library/Core/Src/usbd_core.c **** {
 786              		.loc 1 479 0
 787              		.cfi_startproc
 788              		@ args = 0, pretend = 0, frame = 0
 789              		@ frame_needed = 0, uses_anonymous_args = 0
 790              		@ link register save eliminated.
 791              	.LVL86:
 480:Middlewares/ST/STM32_USB_Device_Library/Core/Src/usbd_core.c ****   pdev->dev_state = pdev->dev_old_state;  
 792              		.loc 1 480 0
 793 0000 90F8FD31 		ldrb	r3, [r0, #509]	@ zero_extendqisi2
 794 0004 80F8FC31 		strb	r3, [r0, #508]
 481:Middlewares/ST/STM32_USB_Device_Library/Core/Src/usbd_core.c ****   return USBD_OK;
 482:Middlewares/ST/STM32_USB_Device_Library/Core/Src/usbd_core.c **** }
 795              		.loc 1 482 0
 796 0008 0020     		movs	r0, #0
 797              	.LVL87:
 798 000a 7047     		bx	lr
 799              		.cfi_endproc
 800              	.LFE138:
 802              		.section	.text.USBD_LL_SOF,"ax",%progbits
 803              		.align	1
 804              		.global	USBD_LL_SOF
 805              		.syntax unified
 806              		.thumb
 807              		.thumb_func
 808              		.fpu fpv4-sp-d16
 810              	USBD_LL_SOF:
 811              	.LFB139:
 483:Middlewares/ST/STM32_USB_Device_Library/Core/Src/usbd_core.c **** 
 484:Middlewares/ST/STM32_USB_Device_Library/Core/Src/usbd_core.c **** /**
 485:Middlewares/ST/STM32_USB_Device_Library/Core/Src/usbd_core.c **** * @brief  USBD_SOF 
 486:Middlewares/ST/STM32_USB_Device_Library/Core/Src/usbd_core.c **** *         Handle SOF event
 487:Middlewares/ST/STM32_USB_Device_Library/Core/Src/usbd_core.c **** * @param  pdev: device instance
 488:Middlewares/ST/STM32_USB_Device_Library/Core/Src/usbd_core.c **** * @retval status
 489:Middlewares/ST/STM32_USB_Device_Library/Core/Src/usbd_core.c **** */
 490:Middlewares/ST/STM32_USB_Device_Library/Core/Src/usbd_core.c **** 
 491:Middlewares/ST/STM32_USB_Device_Library/Core/Src/usbd_core.c **** USBD_StatusTypeDef USBD_LL_SOF(USBD_HandleTypeDef  *pdev)
 492:Middlewares/ST/STM32_USB_Device_Library/Core/Src/usbd_core.c **** {
 812              		.loc 1 492 0
 813              		.cfi_startproc
 814              		@ args = 0, pretend = 0, frame = 0
ARM GAS  /var/folders/7p/1_dhylqx7nl5s8914_0f_4w00000gn/T//cchr6X0m.s 			page 24


 815              		@ frame_needed = 0, uses_anonymous_args = 0
 816              	.LVL88:
 817 0000 08B5     		push	{r3, lr}
 818              	.LCFI11:
 819              		.cfi_def_cfa_offset 8
 820              		.cfi_offset 3, -8
 821              		.cfi_offset 14, -4
 493:Middlewares/ST/STM32_USB_Device_Library/Core/Src/usbd_core.c ****   if(pdev->dev_state == USBD_STATE_CONFIGURED)
 822              		.loc 1 493 0
 823 0002 90F8FC31 		ldrb	r3, [r0, #508]	@ zero_extendqisi2
 824 0006 032B     		cmp	r3, #3
 825 0008 01D0     		beq	.L66
 826              	.LVL89:
 827              	.L64:
 494:Middlewares/ST/STM32_USB_Device_Library/Core/Src/usbd_core.c ****   {
 495:Middlewares/ST/STM32_USB_Device_Library/Core/Src/usbd_core.c ****     if(pdev->pClass->SOF != NULL)
 496:Middlewares/ST/STM32_USB_Device_Library/Core/Src/usbd_core.c ****     {
 497:Middlewares/ST/STM32_USB_Device_Library/Core/Src/usbd_core.c ****       pdev->pClass->SOF(pdev);
 498:Middlewares/ST/STM32_USB_Device_Library/Core/Src/usbd_core.c ****     }
 499:Middlewares/ST/STM32_USB_Device_Library/Core/Src/usbd_core.c ****   }
 500:Middlewares/ST/STM32_USB_Device_Library/Core/Src/usbd_core.c ****   return USBD_OK;
 501:Middlewares/ST/STM32_USB_Device_Library/Core/Src/usbd_core.c **** }
 828              		.loc 1 501 0
 829 000a 0020     		movs	r0, #0
 830 000c 08BD     		pop	{r3, pc}
 831              	.LVL90:
 832              	.L66:
 495:Middlewares/ST/STM32_USB_Device_Library/Core/Src/usbd_core.c ****     {
 833              		.loc 1 495 0
 834 000e D0F81432 		ldr	r3, [r0, #532]
 835 0012 DB69     		ldr	r3, [r3, #28]
 836 0014 002B     		cmp	r3, #0
 837 0016 F8D0     		beq	.L64
 497:Middlewares/ST/STM32_USB_Device_Library/Core/Src/usbd_core.c ****     }
 838              		.loc 1 497 0
 839 0018 9847     		blx	r3
 840              	.LVL91:
 841 001a F6E7     		b	.L64
 842              		.cfi_endproc
 843              	.LFE139:
 845              		.section	.text.USBD_LL_IsoINIncomplete,"ax",%progbits
 846              		.align	1
 847              		.global	USBD_LL_IsoINIncomplete
 848              		.syntax unified
 849              		.thumb
 850              		.thumb_func
 851              		.fpu fpv4-sp-d16
 853              	USBD_LL_IsoINIncomplete:
 854              	.LFB140:
 502:Middlewares/ST/STM32_USB_Device_Library/Core/Src/usbd_core.c **** 
 503:Middlewares/ST/STM32_USB_Device_Library/Core/Src/usbd_core.c **** /**
 504:Middlewares/ST/STM32_USB_Device_Library/Core/Src/usbd_core.c **** * @brief  USBD_IsoINIncomplete 
 505:Middlewares/ST/STM32_USB_Device_Library/Core/Src/usbd_core.c **** *         Handle iso in incomplete event
 506:Middlewares/ST/STM32_USB_Device_Library/Core/Src/usbd_core.c **** * @param  pdev: device instance
 507:Middlewares/ST/STM32_USB_Device_Library/Core/Src/usbd_core.c **** * @retval status
 508:Middlewares/ST/STM32_USB_Device_Library/Core/Src/usbd_core.c **** */
 509:Middlewares/ST/STM32_USB_Device_Library/Core/Src/usbd_core.c **** USBD_StatusTypeDef USBD_LL_IsoINIncomplete(USBD_HandleTypeDef  *pdev, uint8_t epnum)
ARM GAS  /var/folders/7p/1_dhylqx7nl5s8914_0f_4w00000gn/T//cchr6X0m.s 			page 25


 510:Middlewares/ST/STM32_USB_Device_Library/Core/Src/usbd_core.c **** {
 855              		.loc 1 510 0
 856              		.cfi_startproc
 857              		@ args = 0, pretend = 0, frame = 0
 858              		@ frame_needed = 0, uses_anonymous_args = 0
 859              		@ link register save eliminated.
 860              	.LVL92:
 511:Middlewares/ST/STM32_USB_Device_Library/Core/Src/usbd_core.c ****   return USBD_OK;
 512:Middlewares/ST/STM32_USB_Device_Library/Core/Src/usbd_core.c **** }
 861              		.loc 1 512 0
 862 0000 0020     		movs	r0, #0
 863              	.LVL93:
 864 0002 7047     		bx	lr
 865              		.cfi_endproc
 866              	.LFE140:
 868              		.section	.text.USBD_LL_IsoOUTIncomplete,"ax",%progbits
 869              		.align	1
 870              		.global	USBD_LL_IsoOUTIncomplete
 871              		.syntax unified
 872              		.thumb
 873              		.thumb_func
 874              		.fpu fpv4-sp-d16
 876              	USBD_LL_IsoOUTIncomplete:
 877              	.LFB141:
 513:Middlewares/ST/STM32_USB_Device_Library/Core/Src/usbd_core.c **** 
 514:Middlewares/ST/STM32_USB_Device_Library/Core/Src/usbd_core.c **** /**
 515:Middlewares/ST/STM32_USB_Device_Library/Core/Src/usbd_core.c **** * @brief  USBD_IsoOUTIncomplete 
 516:Middlewares/ST/STM32_USB_Device_Library/Core/Src/usbd_core.c **** *         Handle iso out incomplete event
 517:Middlewares/ST/STM32_USB_Device_Library/Core/Src/usbd_core.c **** * @param  pdev: device instance
 518:Middlewares/ST/STM32_USB_Device_Library/Core/Src/usbd_core.c **** * @retval status
 519:Middlewares/ST/STM32_USB_Device_Library/Core/Src/usbd_core.c **** */
 520:Middlewares/ST/STM32_USB_Device_Library/Core/Src/usbd_core.c **** USBD_StatusTypeDef USBD_LL_IsoOUTIncomplete(USBD_HandleTypeDef  *pdev, uint8_t epnum)
 521:Middlewares/ST/STM32_USB_Device_Library/Core/Src/usbd_core.c **** {
 878              		.loc 1 521 0
 879              		.cfi_startproc
 880              		@ args = 0, pretend = 0, frame = 0
 881              		@ frame_needed = 0, uses_anonymous_args = 0
 882              		@ link register save eliminated.
 883              	.LVL94:
 522:Middlewares/ST/STM32_USB_Device_Library/Core/Src/usbd_core.c ****   return USBD_OK;
 523:Middlewares/ST/STM32_USB_Device_Library/Core/Src/usbd_core.c **** }
 884              		.loc 1 523 0
 885 0000 0020     		movs	r0, #0
 886              	.LVL95:
 887 0002 7047     		bx	lr
 888              		.cfi_endproc
 889              	.LFE141:
 891              		.section	.text.USBD_LL_DevConnected,"ax",%progbits
 892              		.align	1
 893              		.global	USBD_LL_DevConnected
 894              		.syntax unified
 895              		.thumb
 896              		.thumb_func
 897              		.fpu fpv4-sp-d16
 899              	USBD_LL_DevConnected:
 900              	.LFB142:
 524:Middlewares/ST/STM32_USB_Device_Library/Core/Src/usbd_core.c **** 
ARM GAS  /var/folders/7p/1_dhylqx7nl5s8914_0f_4w00000gn/T//cchr6X0m.s 			page 26


 525:Middlewares/ST/STM32_USB_Device_Library/Core/Src/usbd_core.c **** /**
 526:Middlewares/ST/STM32_USB_Device_Library/Core/Src/usbd_core.c **** * @brief  USBD_DevConnected 
 527:Middlewares/ST/STM32_USB_Device_Library/Core/Src/usbd_core.c **** *         Handle device connection event
 528:Middlewares/ST/STM32_USB_Device_Library/Core/Src/usbd_core.c **** * @param  pdev: device instance
 529:Middlewares/ST/STM32_USB_Device_Library/Core/Src/usbd_core.c **** * @retval status
 530:Middlewares/ST/STM32_USB_Device_Library/Core/Src/usbd_core.c **** */
 531:Middlewares/ST/STM32_USB_Device_Library/Core/Src/usbd_core.c **** USBD_StatusTypeDef USBD_LL_DevConnected(USBD_HandleTypeDef  *pdev)
 532:Middlewares/ST/STM32_USB_Device_Library/Core/Src/usbd_core.c **** {
 901              		.loc 1 532 0
 902              		.cfi_startproc
 903              		@ args = 0, pretend = 0, frame = 0
 904              		@ frame_needed = 0, uses_anonymous_args = 0
 905              		@ link register save eliminated.
 906              	.LVL96:
 533:Middlewares/ST/STM32_USB_Device_Library/Core/Src/usbd_core.c ****   return USBD_OK;
 534:Middlewares/ST/STM32_USB_Device_Library/Core/Src/usbd_core.c **** }
 907              		.loc 1 534 0
 908 0000 0020     		movs	r0, #0
 909              	.LVL97:
 910 0002 7047     		bx	lr
 911              		.cfi_endproc
 912              	.LFE142:
 914              		.section	.text.USBD_LL_DevDisconnected,"ax",%progbits
 915              		.align	1
 916              		.global	USBD_LL_DevDisconnected
 917              		.syntax unified
 918              		.thumb
 919              		.thumb_func
 920              		.fpu fpv4-sp-d16
 922              	USBD_LL_DevDisconnected:
 923              	.LFB143:
 535:Middlewares/ST/STM32_USB_Device_Library/Core/Src/usbd_core.c **** 
 536:Middlewares/ST/STM32_USB_Device_Library/Core/Src/usbd_core.c **** /**
 537:Middlewares/ST/STM32_USB_Device_Library/Core/Src/usbd_core.c **** * @brief  USBD_DevDisconnected 
 538:Middlewares/ST/STM32_USB_Device_Library/Core/Src/usbd_core.c **** *         Handle device disconnection event
 539:Middlewares/ST/STM32_USB_Device_Library/Core/Src/usbd_core.c **** * @param  pdev: device instance
 540:Middlewares/ST/STM32_USB_Device_Library/Core/Src/usbd_core.c **** * @retval status
 541:Middlewares/ST/STM32_USB_Device_Library/Core/Src/usbd_core.c **** */
 542:Middlewares/ST/STM32_USB_Device_Library/Core/Src/usbd_core.c **** USBD_StatusTypeDef USBD_LL_DevDisconnected(USBD_HandleTypeDef  *pdev)
 543:Middlewares/ST/STM32_USB_Device_Library/Core/Src/usbd_core.c **** {
 924              		.loc 1 543 0
 925              		.cfi_startproc
 926              		@ args = 0, pretend = 0, frame = 0
 927              		@ frame_needed = 0, uses_anonymous_args = 0
 928              	.LVL98:
 929 0000 08B5     		push	{r3, lr}
 930              	.LCFI12:
 931              		.cfi_def_cfa_offset 8
 932              		.cfi_offset 3, -8
 933              		.cfi_offset 14, -4
 544:Middlewares/ST/STM32_USB_Device_Library/Core/Src/usbd_core.c ****   /* Free Class Resources */
 545:Middlewares/ST/STM32_USB_Device_Library/Core/Src/usbd_core.c ****   pdev->dev_state = USBD_STATE_DEFAULT;
 934              		.loc 1 545 0
 935 0002 0122     		movs	r2, #1
 936 0004 80F8FC21 		strb	r2, [r0, #508]
 546:Middlewares/ST/STM32_USB_Device_Library/Core/Src/usbd_core.c ****   pdev->pClass->DeInit(pdev, pdev->dev_config);  
 937              		.loc 1 546 0
ARM GAS  /var/folders/7p/1_dhylqx7nl5s8914_0f_4w00000gn/T//cchr6X0m.s 			page 27


 938 0008 D0F81422 		ldr	r2, [r0, #532]
 939 000c 5268     		ldr	r2, [r2, #4]
 940 000e 0179     		ldrb	r1, [r0, #4]	@ zero_extendqisi2
 941 0010 9047     		blx	r2
 942              	.LVL99:
 547:Middlewares/ST/STM32_USB_Device_Library/Core/Src/usbd_core.c ****    
 548:Middlewares/ST/STM32_USB_Device_Library/Core/Src/usbd_core.c ****   return USBD_OK;
 549:Middlewares/ST/STM32_USB_Device_Library/Core/Src/usbd_core.c **** }
 943              		.loc 1 549 0
 944 0012 0020     		movs	r0, #0
 945 0014 08BD     		pop	{r3, pc}
 946              		.cfi_endproc
 947              	.LFE143:
 949              		.text
 950              	.Letext0:
 951              		.file 2 "/Users/augustmason/Documents/GitHub/riptide_firmware/STM32/gcc-arm-none-eabi-6-2017-q2-up
 952              		.file 3 "/Users/augustmason/Documents/GitHub/riptide_firmware/STM32/gcc-arm-none-eabi-6-2017-q2-up
 953              		.file 4 "/Users/augustmason/Documents/GitHub/riptide_firmware/STM32/gcc-arm-none-eabi-6-2017-q2-up
 954              		.file 5 "/Users/augustmason/Documents/GitHub/riptide_firmware/STM32/gcc-arm-none-eabi-6-2017-q2-up
 955              		.file 6 "/Users/augustmason/Documents/GitHub/riptide_firmware/STM32/gcc-arm-none-eabi-6-2017-q2-up
 956              		.file 7 "/Users/augustmason/Documents/GitHub/riptide_firmware/STM32/gcc-arm-none-eabi-6-2017-q2-up
 957              		.file 8 "/Users/augustmason/Documents/GitHub/riptide_firmware/STM32/gcc-arm-none-eabi-6-2017-q2-up
 958              		.file 9 "Drivers/CMSIS/Include/core_cm4.h"
 959              		.file 10 "Drivers/CMSIS/Device/ST/STM32F4xx/Include/system_stm32f4xx.h"
 960              		.file 11 "Middlewares/ST/STM32_USB_Device_Library/Core/Inc/usbd_def.h"
 961              		.file 12 "Middlewares/ST/STM32_USB_Device_Library/Core/Inc/usbd_core.h"
 962              		.file 13 "Middlewares/ST/STM32_USB_Device_Library/Core/Inc/usbd_ioreq.h"
 963              		.file 14 "Middlewares/ST/STM32_USB_Device_Library/Core/Inc/usbd_ctlreq.h"
ARM GAS  /var/folders/7p/1_dhylqx7nl5s8914_0f_4w00000gn/T//cchr6X0m.s 			page 28


DEFINED SYMBOLS
                            *ABS*:0000000000000000 usbd_core.c
/var/folders/7p/1_dhylqx7nl5s8914_0f_4w00000gn/T//cchr6X0m.s:18     .text.USBD_Init:0000000000000000 $t
/var/folders/7p/1_dhylqx7nl5s8914_0f_4w00000gn/T//cchr6X0m.s:25     .text.USBD_Init:0000000000000000 USBD_Init
/var/folders/7p/1_dhylqx7nl5s8914_0f_4w00000gn/T//cchr6X0m.s:82     .text.USBD_DeInit:0000000000000000 $t
/var/folders/7p/1_dhylqx7nl5s8914_0f_4w00000gn/T//cchr6X0m.s:89     .text.USBD_DeInit:0000000000000000 USBD_DeInit
/var/folders/7p/1_dhylqx7nl5s8914_0f_4w00000gn/T//cchr6X0m.s:126    .text.USBD_RegisterClass:0000000000000000 $t
/var/folders/7p/1_dhylqx7nl5s8914_0f_4w00000gn/T//cchr6X0m.s:133    .text.USBD_RegisterClass:0000000000000000 USBD_RegisterClass
/var/folders/7p/1_dhylqx7nl5s8914_0f_4w00000gn/T//cchr6X0m.s:160    .text.USBD_Start:0000000000000000 $t
/var/folders/7p/1_dhylqx7nl5s8914_0f_4w00000gn/T//cchr6X0m.s:167    .text.USBD_Start:0000000000000000 USBD_Start
/var/folders/7p/1_dhylqx7nl5s8914_0f_4w00000gn/T//cchr6X0m.s:189    .text.USBD_Stop:0000000000000000 $t
/var/folders/7p/1_dhylqx7nl5s8914_0f_4w00000gn/T//cchr6X0m.s:196    .text.USBD_Stop:0000000000000000 USBD_Stop
/var/folders/7p/1_dhylqx7nl5s8914_0f_4w00000gn/T//cchr6X0m.s:226    .text.USBD_RunTestMode:0000000000000000 $t
/var/folders/7p/1_dhylqx7nl5s8914_0f_4w00000gn/T//cchr6X0m.s:233    .text.USBD_RunTestMode:0000000000000000 USBD_RunTestMode
/var/folders/7p/1_dhylqx7nl5s8914_0f_4w00000gn/T//cchr6X0m.s:249    .text.USBD_SetClassConfig:0000000000000000 $t
/var/folders/7p/1_dhylqx7nl5s8914_0f_4w00000gn/T//cchr6X0m.s:256    .text.USBD_SetClassConfig:0000000000000000 USBD_SetClassConfig
/var/folders/7p/1_dhylqx7nl5s8914_0f_4w00000gn/T//cchr6X0m.s:296    .text.USBD_ClrClassConfig:0000000000000000 $t
/var/folders/7p/1_dhylqx7nl5s8914_0f_4w00000gn/T//cchr6X0m.s:303    .text.USBD_ClrClassConfig:0000000000000000 USBD_ClrClassConfig
/var/folders/7p/1_dhylqx7nl5s8914_0f_4w00000gn/T//cchr6X0m.s:327    .text.USBD_LL_SetupStage:0000000000000000 $t
/var/folders/7p/1_dhylqx7nl5s8914_0f_4w00000gn/T//cchr6X0m.s:334    .text.USBD_LL_SetupStage:0000000000000000 USBD_LL_SetupStage
/var/folders/7p/1_dhylqx7nl5s8914_0f_4w00000gn/T//cchr6X0m.s:407    .text.USBD_LL_DataOutStage:0000000000000000 $t
/var/folders/7p/1_dhylqx7nl5s8914_0f_4w00000gn/T//cchr6X0m.s:414    .text.USBD_LL_DataOutStage:0000000000000000 USBD_LL_DataOutStage
/var/folders/7p/1_dhylqx7nl5s8914_0f_4w00000gn/T//cchr6X0m.s:510    .text.USBD_LL_DataInStage:0000000000000000 $t
/var/folders/7p/1_dhylqx7nl5s8914_0f_4w00000gn/T//cchr6X0m.s:517    .text.USBD_LL_DataInStage:0000000000000000 USBD_LL_DataInStage
/var/folders/7p/1_dhylqx7nl5s8914_0f_4w00000gn/T//cchr6X0m.s:662    .text.USBD_LL_Reset:0000000000000000 $t
/var/folders/7p/1_dhylqx7nl5s8914_0f_4w00000gn/T//cchr6X0m.s:669    .text.USBD_LL_Reset:0000000000000000 USBD_LL_Reset
/var/folders/7p/1_dhylqx7nl5s8914_0f_4w00000gn/T//cchr6X0m.s:723    .text.USBD_LL_SetSpeed:0000000000000000 $t
/var/folders/7p/1_dhylqx7nl5s8914_0f_4w00000gn/T//cchr6X0m.s:730    .text.USBD_LL_SetSpeed:0000000000000000 USBD_LL_SetSpeed
/var/folders/7p/1_dhylqx7nl5s8914_0f_4w00000gn/T//cchr6X0m.s:748    .text.USBD_LL_Suspend:0000000000000000 $t
/var/folders/7p/1_dhylqx7nl5s8914_0f_4w00000gn/T//cchr6X0m.s:755    .text.USBD_LL_Suspend:0000000000000000 USBD_LL_Suspend
/var/folders/7p/1_dhylqx7nl5s8914_0f_4w00000gn/T//cchr6X0m.s:777    .text.USBD_LL_Resume:0000000000000000 $t
/var/folders/7p/1_dhylqx7nl5s8914_0f_4w00000gn/T//cchr6X0m.s:784    .text.USBD_LL_Resume:0000000000000000 USBD_LL_Resume
/var/folders/7p/1_dhylqx7nl5s8914_0f_4w00000gn/T//cchr6X0m.s:803    .text.USBD_LL_SOF:0000000000000000 $t
/var/folders/7p/1_dhylqx7nl5s8914_0f_4w00000gn/T//cchr6X0m.s:810    .text.USBD_LL_SOF:0000000000000000 USBD_LL_SOF
/var/folders/7p/1_dhylqx7nl5s8914_0f_4w00000gn/T//cchr6X0m.s:846    .text.USBD_LL_IsoINIncomplete:0000000000000000 $t
/var/folders/7p/1_dhylqx7nl5s8914_0f_4w00000gn/T//cchr6X0m.s:853    .text.USBD_LL_IsoINIncomplete:0000000000000000 USBD_LL_IsoINIncomplete
/var/folders/7p/1_dhylqx7nl5s8914_0f_4w00000gn/T//cchr6X0m.s:869    .text.USBD_LL_IsoOUTIncomplete:0000000000000000 $t
/var/folders/7p/1_dhylqx7nl5s8914_0f_4w00000gn/T//cchr6X0m.s:876    .text.USBD_LL_IsoOUTIncomplete:0000000000000000 USBD_LL_IsoOUTIncomplete
/var/folders/7p/1_dhylqx7nl5s8914_0f_4w00000gn/T//cchr6X0m.s:892    .text.USBD_LL_DevConnected:0000000000000000 $t
/var/folders/7p/1_dhylqx7nl5s8914_0f_4w00000gn/T//cchr6X0m.s:899    .text.USBD_LL_DevConnected:0000000000000000 USBD_LL_DevConnected
/var/folders/7p/1_dhylqx7nl5s8914_0f_4w00000gn/T//cchr6X0m.s:915    .text.USBD_LL_DevDisconnected:0000000000000000 $t
/var/folders/7p/1_dhylqx7nl5s8914_0f_4w00000gn/T//cchr6X0m.s:922    .text.USBD_LL_DevDisconnected:0000000000000000 USBD_LL_DevDisconnected
                     .debug_frame:0000000000000010 $d

UNDEFINED SYMBOLS
USBD_LL_Init
USBD_LL_Stop
USBD_LL_DeInit
USBD_LL_Start
USBD_ParseSetupRequest
USBD_LL_StallEP
USBD_StdDevReq
USBD_StdItfReq
USBD_StdEPReq
USBD_CtlSendStatus
USBD_CtlContinueRx
USBD_CtlReceiveStatus
ARM GAS  /var/folders/7p/1_dhylqx7nl5s8914_0f_4w00000gn/T//cchr6X0m.s 			page 29


USBD_CtlContinueSendData
USBD_LL_PrepareReceive
USBD_LL_OpenEP
